<?xml version="1.0" ?>
<coverage version="7.15.2" timestamp="1786145334376" lines-valid="6018" lines-covered="1678" line-rate="0.2788" branches-valid="1938" branches-covered="71" branch-rate="0.03664" complexity="0">
	<!-- Generated by coverage.py: https://coverage.readthedocs.io/en/7.15.2 -->
	<!-- Based on https://raw.githubusercontent.com/cobertura/web/master/htdocs/xml/coverage-04.dtd -->
	<sources>
		<source>/workspaces/pydantic-schemaforms</source>
	</sources>
	<packages>
		<package name="pydantic_schemaforms" line-rate="0.2496" branch-rate="0.03254" complexity="0">
			<classes>
				<class name="__init__.py" filename="pydantic_schemaforms/__init__.py" complexity="0" line-rate="1" branch-rate="1">
					<methods/>
					<lines>
						<line number="40" hits="1"/>
						<line number="41" hits="1"/>
						<line number="42" hits="1"/>
						<line number="46" hits="1"/>
						<line number="47" hits="1"/>
						<line number="49" hits="1"/>
						<line number="55" hits="1"/>
						<line number="66" hits="1"/>
						<line number="76" hits="1"/>
						<line number="85" hits="1"/>
						<line number="86" hits="1"/>
						<line number="99" hits="1"/>
						<line number="100" hits="1"/>
						<line number="101" hits="1"/>
						<line number="102" hits="1"/>
						<line number="103" hits="1"/>
						<line number="105" hits="1"/>
						<line number="117" hits="1"/>
						<line number="118" hits="1"/>
						<line number="119" hits="1"/>
						<line number="121" hits="1"/>
						<line number="143" hits="1"/>
						<line number="149" hits="1"/>
						<line number="150" hits="1"/>
						<line number="151" hits="1"/>
						<line number="152" hits="1"/>
						<line number="156" hits="1"/>
						<line number="157" hits="1"/>
						<line number="159" hits="1"/>
						<line number="261" hits="1"/>
					</lines>
				</class>
				<class name="ai_instructions.py" filename="pydantic_schemaforms/ai_instructions.py" complexity="0" line-rate="0.2857" branch-rate="0">
					<methods/>
					<lines>
						<line number="1" hits="1"/>
						<line number="3" hits="1"/>
						<line number="4" hits="1"/>
						<line number="6" hits="1"/>
						<line number="15" hits="1"/>
						<line number="22" hits="1"/>
						<line number="24" hits="0"/>
						<line number="27" hits="1"/>
						<line number="32" hits="0"/>
						<line number="33" hits="0" branch="true" condition-coverage="0% (0/2)" missing-branches="34,35"/>
						<line number="34" hits="0"/>
						<line number="35" hits="0" branch="true" condition-coverage="0% (0/2)" missing-branches="36,37"/>
						<line number="36" hits="0"/>
						<line number="37" hits="0"/>
						<line number="40" hits="1"/>
						<line number="50" hits="0"/>
						<line number="51" hits="0"/>
						<line number="52" hits="0"/>
						<line number="53" hits="0"/>
						<line number="56" hits="1"/>
						<line number="57" hits="0"/>
						<line number="58" hits="0"/>
						<line number="59" hits="0" branch="true" condition-coverage="0% (0/2)" missing-branches="60,61"/>
						<line number="60" hits="0"/>
						<line number="61" hits="0"/>
						<line number="62" hits="0"/>
						<line number="67" hits="1"/>
						<line number="77" hits="0"/>
						<line number="78" hits="0"/>
						<line number="79" hits="0" branch="true" condition-coverage="0% (0/2)" missing-branches="80,81"/>
						<line number="80" hits="0"/>
						<line number="81" hits="0"/>
						<line number="83" hits="0" branch="true" condition-coverage="0% (0/2)" missing-branches="84,88"/>
						<line number="84" hits="0"/>
						<line number="88" hits="0"/>
					</lines>
				</class>
				<class name="enhanced_renderer.py" filename="pydantic_schemaforms/enhanced_renderer.py" complexity="0" line-rate="0.1902" branch-rate="0">
					<methods/>
					<lines>
						<line number="6" hits="1"/>
						<line number="8" hits="1"/>
						<line number="9" hits="1"/>
						<line number="10" hits="1"/>
						<line number="11" hits="1"/>
						<line number="12" hits="1"/>
						<line number="13" hits="1"/>
						<line number="14" hits="1"/>
						<line number="15" hits="1"/>
						<line number="16" hits="1"/>
						<line number="17" hits="1"/>
						<line number="18" hits="1"/>
						<line number="20" hits="1"/>
						<line number="21" hits="1"/>
						<line number="22" hits="1"/>
						<line number="23" hits="1"/>
						<line number="24" hits="1"/>
						<line number="25" hits="1"/>
						<line number="26" hits="1"/>
						<line number="27" hits="1"/>
						<line number="28" hits="1"/>
						<line number="34" hits="1"/>
						<line number="35" hits="1"/>
						<line number="36" hits="1"/>
						<line number="37" hits="1"/>
						<line number="38" hits="1"/>
						<line number="40" hits="1"/>
						<line number="41" hits="1"/>
						<line number="44" hits="1"/>
						<line number="45" hits="1"/>
						<line number="46" hits="1"/>
						<line number="47" hits="1"/>
						<line number="50" hits="1"/>
						<line number="51" hits="1"/>
						<line number="52" hits="1"/>
						<line number="53" hits="1"/>
						<line number="55" hits="1"/>
						<line number="63" hits="1"/>
						<line number="96" hits="1"/>
						<line number="104" hits="1"/>
						<line number="107" hits="1"/>
						<line number="108" hits="0"/>
						<line number="109" hits="0"/>
						<line number="112" hits="1"/>
						<line number="115" hits="1"/>
						<line number="117" hits="1"/>
						<line number="125" hits="0"/>
						<line number="126" hits="0"/>
						<line number="127" hits="0" branch="true" condition-coverage="0% (0/2)" missing-branches="128,129"/>
						<line number="128" hits="0"/>
						<line number="129" hits="0"/>
						<line number="134" hits="0"/>
						<line number="135" hits="0"/>
						<line number="136" hits="0" branch="true" condition-coverage="0% (0/2)" missing-branches="137,138"/>
						<line number="137" hits="0"/>
						<line number="138" hits="0" branch="true" condition-coverage="0% (0/2)" missing-branches="139,141"/>
						<line number="139" hits="0"/>
						<line number="141" hits="0"/>
						<line number="142" hits="0"/>
						<line number="143" hits="0"/>
						<line number="145" hits="1"/>
						<line number="146" hits="1"/>
						<line number="147" hits="0"/>
						<line number="149" hits="1"/>
						<line number="170" hits="0"/>
						<line number="172" hits="0"/>
						<line number="173" hits="0"/>
						<line number="174" hits="0"/>
						<line number="177" hits="0"/>
						<line number="178" hits="0"/>
						<line number="180" hits="0"/>
						<line number="182" hits="0" branch="true" condition-coverage="0% (0/2)" missing-branches="183,185"/>
						<line number="183" hits="0"/>
						<line number="185" hits="0"/>
						<line number="187" hits="0"/>
						<line number="188" hits="0"/>
						<line number="194" hits="0"/>
						<line number="195" hits="0"/>
						<line number="196" hits="0"/>
						<line number="198" hits="0"/>
						<line number="203" hits="0"/>
						<line number="208" hits="0"/>
						<line number="210" hits="0"/>
						<line number="211" hits="0"/>
						<line number="212" hits="0"/>
						<line number="213" hits="0"/>
						<line number="215" hits="0" branch="true" condition-coverage="0% (0/2)" missing-branches="216,234"/>
						<line number="216" hits="0"/>
						<line number="217" hits="0" branch="true" condition-coverage="0% (0/2)" missing-branches="218,234"/>
						<line number="218" hits="0" branch="true" condition-coverage="0% (0/2)" missing-branches="219,220"/>
						<line number="219" hits="0"/>
						<line number="220" hits="0"/>
						<line number="221" hits="0" branch="true" condition-coverage="0% (0/2)" missing-branches="222,223"/>
						<line number="222" hits="0"/>
						<line number="223" hits="0"/>
						<line number="224" hits="0" branch="true" condition-coverage="0% (0/2)" missing-branches="225,229"/>
						<line number="225" hits="0"/>
						<line number="226" hits="0"/>
						<line number="229" hits="0" branch="true" condition-coverage="0% (0/2)" missing-branches="217,230"/>
						<line number="230" hits="0"/>
						<line number="231" hits="0" branch="true" condition-coverage="0% (0/2)" missing-branches="217,232"/>
						<line number="232" hits="0"/>
						<line number="234" hits="0" branch="true" condition-coverage="0% (0/2)" missing-branches="235,242"/>
						<line number="235" hits="0"/>
						<line number="242" hits="0" branch="true" condition-coverage="0% (0/2)" missing-branches="243,246"/>
						<line number="243" hits="0"/>
						<line number="246" hits="0" branch="true" condition-coverage="0% (0/2)" missing-branches="247,251"/>
						<line number="247" hits="0"/>
						<line number="251" hits="0" branch="true" condition-coverage="0% (0/2)" missing-branches="252,265"/>
						<line number="252" hits="0"/>
						<line number="265" hits="0" branch="true" condition-coverage="0% (0/2)" missing-branches="266,268"/>
						<line number="266" hits="0"/>
						<line number="268" hits="0"/>
						<line number="271" hits="0"/>
						<line number="273" hits="0"/>
						<line number="281" hits="0"/>
						<line number="282" hits="0"/>
						<line number="290" hits="0"/>
						<line number="294" hits="0" branch="true" condition-coverage="0% (0/2)" missing-branches="295,300"/>
						<line number="295" hits="0"/>
						<line number="297" hits="0"/>
						<line number="298" hits="0"/>
						<line number="300" hits="0"/>
						<line number="302" hits="0" branch="true" condition-coverage="0% (0/2)" missing-branches="303,307"/>
						<line number="303" hits="0"/>
						<line number="307" hits="0" branch="true" condition-coverage="0% (0/2)" missing-branches="308,310"/>
						<line number="308" hits="0"/>
						<line number="310" hits="0"/>
						<line number="318" hits="1"/>
						<line number="328" hits="0"/>
						<line number="329" hits="0"/>
						<line number="330" hits="0"/>
						<line number="332" hits="0"/>
						<line number="334" hits="0" branch="true" condition-coverage="0% (0/2)" missing-branches="335,337"/>
						<line number="335" hits="0"/>
						<line number="337" hits="0"/>
						<line number="338" hits="0"/>
						<line number="340" hits="0"/>
						<line number="341" hits="0" branch="true" condition-coverage="0% (0/2)" missing-branches="342,355"/>
						<line number="342" hits="0"/>
						<line number="355" hits="0"/>
						<line number="357" hits="1"/>
						<line number="376" hits="0"/>
						<line number="393" hits="0"/>
						<line number="394" hits="0"/>
						<line number="396" hits="1"/>
						<line number="407" hits="0" branch="true" condition-coverage="0% (0/2)" missing-branches="408,418"/>
						<line number="408" hits="0"/>
						<line number="418" hits="0"/>
						<line number="429" hits="1"/>
						<line number="437" hits="0"/>
						<line number="441" hits="1"/>
						<line number="447" hits="0"/>
						<line number="453" hits="1"/>
						<line number="461" hits="0"/>
						<line number="469" hits="1"/>
						<line number="474" hits="0"/>
						<line number="476" hits="1"/>
						<line number="484" hits="0"/>
						<line number="492" hits="1"/>
						<line number="495" hits="0"/>
						<line number="496" hits="0"/>
						<line number="498" hits="0" branch="true" condition-coverage="0% (0/2)" missing-branches="499,504"/>
						<line number="499" hits="0" branch="true" condition-coverage="0% (0/2)" missing-branches="498,500"/>
						<line number="500" hits="0"/>
						<line number="501" hits="0" branch="true" condition-coverage="0% (0/2)" missing-branches="498,502"/>
						<line number="502" hits="0"/>
						<line number="504" hits="0"/>
						<line number="506" hits="1"/>
						<line number="509" hits="0"/>
						<line number="546" hits="1"/>
						<line number="549" hits="0"/>
						<line number="551" hits="0" branch="true" condition-coverage="0% (0/2)" missing-branches="552,557"/>
						<line number="552" hits="0" branch="true" condition-coverage="0% (0/2)" missing-branches="553,555"/>
						<line number="553" hits="0"/>
						<line number="554" hits="0"/>
						<line number="555" hits="0"/>
						<line number="557" hits="0" branch="true" condition-coverage="0% (0/2)" missing-branches="558,562"/>
						<line number="558" hits="0" branch="true" condition-coverage="0% (0/2)" missing-branches="559,560"/>
						<line number="559" hits="0"/>
						<line number="560" hits="0"/>
						<line number="562" hits="0"/>
						<line number="563" hits="0"/>
						<line number="564" hits="0" branch="true" condition-coverage="0% (0/2)" missing-branches="565,566"/>
						<line number="565" hits="0"/>
						<line number="566" hits="0"/>
						<line number="568" hits="1"/>
						<line number="571" hits="0" branch="true" condition-coverage="0% (0/2)" missing-branches="572,573"/>
						<line number="572" hits="0"/>
						<line number="573" hits="0" branch="true" condition-coverage="0% (0/2)" missing-branches="574,575"/>
						<line number="574" hits="0"/>
						<line number="575" hits="0"/>
						<line number="577" hits="1"/>
						<line number="580" hits="0" branch="true" condition-coverage="0% (0/2)" missing-branches="581,583"/>
						<line number="581" hits="0"/>
						<line number="583" hits="0"/>
						<line number="584" hits="0" branch="true" condition-coverage="0% (0/2)" missing-branches="585,590"/>
						<line number="585" hits="0" branch="true" condition-coverage="0% (0/2)" missing-branches="586,587"/>
						<line number="586" hits="0"/>
						<line number="587" hits="0" branch="true" condition-coverage="0% (0/2)" missing-branches="584,588"/>
						<line number="588" hits="0"/>
						<line number="590" hits="0" branch="true" condition-coverage="0% (0/2)" missing-branches="591,593"/>
						<line number="591" hits="0"/>
						<line number="593" hits="0"/>
						<line number="594" hits="0" branch="true" condition-coverage="0% (0/2)" missing-branches="595,606"/>
						<line number="595" hits="0" branch="true" condition-coverage="0% (0/2)" missing-branches="596,600"/>
						<line number="596" hits="0"/>
						<line number="597" hits="0"/>
						<line number="598" hits="0"/>
						<line number="600" hits="0" branch="true" condition-coverage="0% (0/2)" missing-branches="601,604"/>
						<line number="601" hits="0"/>
						<line number="602" hits="0"/>
						<line number="604" hits="0"/>
						<line number="606" hits="0"/>
						<line number="608" hits="1"/>
						<line number="611" hits="0" branch="true" condition-coverage="0% (0/2)" missing-branches="612,614"/>
						<line number="612" hits="0"/>
						<line number="614" hits="0"/>
						<line number="615" hits="0" branch="true" condition-coverage="0% (0/2)" missing-branches="616,618"/>
						<line number="616" hits="0"/>
						<line number="618" hits="0"/>
						<line number="619" hits="0" branch="true" condition-coverage="0% (0/2)" missing-branches="620,624"/>
						<line number="620" hits="0"/>
						<line number="621" hits="0"/>
						<line number="624" hits="0"/>
						<line number="626" hits="0" branch="true" condition-coverage="0% (0/2)" missing-branches="627,634"/>
						<line number="627" hits="0"/>
						<line number="634" hits="0"/>
						<line number="639" hits="1"/>
						<line number="642" hits="0"/>
						<line number="643" hits="0" branch="true" condition-coverage="0% (0/2)" missing-branches="644,646"/>
						<line number="644" hits="0"/>
						<line number="646" hits="0"/>
						<line number="649" hits="0" branch="true" condition-coverage="0% (0/2)" missing-branches="650,652"/>
						<line number="650" hits="0"/>
						<line number="652" hits="0" branch="true" condition-coverage="0% (0/2)" missing-branches="653,659"/>
						<line number="653" hits="0"/>
						<line number="659" hits="0" branch="true" condition-coverage="0% (0/2)" missing-branches="660,665"/>
						<line number="660" hits="0"/>
						<line number="665" hits="0"/>
						<line number="667" hits="1"/>
						<line number="671" hits="0" branch="true" condition-coverage="0% (0/2)" missing-branches="672,675"/>
						<line number="672" hits="0"/>
						<line number="675" hits="0" branch="true" condition-coverage="0% (0/2)" missing-branches="676,678"/>
						<line number="676" hits="0"/>
						<line number="678" hits="0"/>
						<line number="680" hits="0" branch="true" condition-coverage="0% (0/2)" missing-branches="681,683"/>
						<line number="681" hits="0"/>
						<line number="683" hits="0"/>
						<line number="684" hits="0"/>
						<line number="686" hits="1"/>
						<line number="693" hits="0" branch="true" condition-coverage="0% (0/2)" missing-branches="694,696"/>
						<line number="694" hits="0"/>
						<line number="696" hits="0"/>
						<line number="697" hits="0" branch="true" condition-coverage="0% (0/2)" missing-branches="698,702"/>
						<line number="698" hits="0"/>
						<line number="702" hits="0"/>
						<line number="704" hits="0"/>
						<line number="705" hits="0"/>
						<line number="707" hits="1"/>
						<line number="715" hits="0"/>
						<line number="723" hits="1"/>
						<line number="724" hits="0"/>
						<line number="725" hits="0"/>
						<line number="727" hits="1"/>
						<line number="729" hits="0" branch="true" condition-coverage="0% (0/2)" missing-branches="730,731"/>
						<line number="730" hits="0"/>
						<line number="731" hits="0"/>
						<line number="740" hits="1"/>
						<line number="742" hits="1"/>
						<line number="743" hits="1"/>
						<line number="744" hits="0"/>
						<line number="746" hits="1"/>
						<line number="747" hits="0" branch="true" condition-coverage="0% (0/2)" missing-branches="748,749"/>
						<line number="748" hits="0"/>
						<line number="749" hits="0"/>
						<line number="751" hits="1"/>
						<line number="752" hits="0" branch="true" condition-coverage="0% (0/2)" missing-branches="753,754"/>
						<line number="753" hits="0"/>
						<line number="754" hits="0"/>
						<line number="756" hits="1"/>
						<line number="759" hits="0"/>
						<line number="766" hits="1"/>
						<line number="767" hits="0" branch="true" condition-coverage="0% (0/2)" missing-branches="768,769"/>
						<line number="768" hits="0"/>
						<line number="769" hits="0"/>
						<line number="770" hits="0"/>
						<line number="779" hits="1"/>
						<line number="787" hits="1"/>
						<line number="788" hits="0"/>
						<line number="789" hits="0" branch="true" condition-coverage="0% (0/2)" missing-branches="796,798"/>
						<line number="796" hits="0" branch="true" condition-coverage="0% (0/2)" missing-branches="789,797"/>
						<line number="797" hits="0"/>
						<line number="798" hits="0"/>
						<line number="799" hits="0" branch="true" condition-coverage="0% (0/2)" missing-branches="800,809"/>
						<line number="800" hits="0" branch="true" condition-coverage="0% (0/2)" missing-branches="801,809"/>
						<line number="801" hits="0" branch="true" condition-coverage="0% (0/2)" missing-branches="800,802"/>
						<line number="802" hits="0"/>
						<line number="809" hits="0"/>
						<line number="810" hits="0" branch="true" condition-coverage="0% (0/2)" missing-branches="811,818"/>
						<line number="811" hits="0" branch="true" condition-coverage="0% (0/2)" missing-branches="812,818"/>
						<line number="812" hits="0" branch="true" condition-coverage="0% (0/2)" missing-branches="815,816"/>
						<line number="815" hits="0"/>
						<line number="816" hits="0" branch="true" condition-coverage="0% (0/2)" missing-branches="811,817"/>
						<line number="817" hits="0"/>
						<line number="818" hits="0"/>
						<line number="820" hits="1"/>
						<line number="823" hits="0"/>
						<line number="828" hits="0" branch="true" condition-coverage="0% (0/2)" missing-branches="829,830"/>
						<line number="829" hits="0"/>
						<line number="830" hits="0" branch="true" condition-coverage="0% (0/2)" missing-branches="831,832"/>
						<line number="831" hits="0"/>
						<line number="832" hits="0"/>
						<line number="833" hits="0" branch="true" condition-coverage="0% (0/2)" missing-branches="834,840"/>
						<line number="834" hits="0" branch="true" condition-coverage="0% (0/2)" missing-branches="835,838"/>
						<line number="835" hits="0"/>
						<line number="836" hits="0"/>
						<line number="838" hits="0"/>
						<line number="839" hits="0"/>
						<line number="840" hits="0"/>
						<line number="842" hits="1"/>
						<line number="843" hits="0"/>
						<line number="844" hits="0"/>
						<line number="845" hits="0" branch="true" condition-coverage="0% (0/2)" missing-branches="846,847"/>
						<line number="846" hits="0"/>
						<line number="847" hits="0" branch="true" condition-coverage="0% (0/2)" missing-branches="848,849"/>
						<line number="848" hits="0"/>
						<line number="849" hits="0" branch="true" condition-coverage="0% (0/2)" missing-branches="850,851"/>
						<line number="850" hits="0"/>
						<line number="851" hits="0" branch="true" condition-coverage="0% (0/2)" missing-branches="852,853"/>
						<line number="852" hits="0"/>
						<line number="853" hits="0" branch="true" condition-coverage="0% (0/2)" missing-branches="854,855"/>
						<line number="854" hits="0"/>
						<line number="855" hits="0"/>
						<line number="857" hits="1"/>
						<line number="866" hits="0"/>
						<line number="867" hits="0"/>
						<line number="868" hits="0" branch="true" condition-coverage="0% (0/2)" missing-branches="869,870"/>
						<line number="869" hits="0"/>
						<line number="870" hits="0"/>
						<line number="871" hits="0"/>
						<line number="881" hits="1"/>
						<line number="888" hits="0"/>
						<line number="889" hits="0"/>
						<line number="890" hits="0"/>
						<line number="891" hits="0"/>
						<line number="900" hits="1"/>
						<line number="909" hits="0"/>
						<line number="910" hits="0"/>
						<line number="911" hits="0"/>
						<line number="912" hits="0"/>
						<line number="915" hits="0" branch="true" condition-coverage="0% (0/2)" missing-branches="916,925"/>
						<line number="916" hits="0"/>
						<line number="917" hits="0"/>
						<line number="925" hits="0"/>
						<line number="934" hits="1"/>
						<line number="943" hits="0"/>
						<line number="944" hits="0"/>
						<line number="949" hits="0"/>
						<line number="950" hits="0"/>
						<line number="962" hits="1"/>
						<line number="971" hits="0"/>
						<line number="972" hits="0"/>
						<line number="977" hits="0"/>
						<line number="978" hits="0"/>
						<line number="990" hits="1"/>
						<line number="1002" hits="0"/>
						<line number="1003" hits="0"/>
						<line number="1004" hits="0" branch="true" condition-coverage="0% (0/2)" missing-branches="1005,1007"/>
						<line number="1005" hits="0"/>
						<line number="1007" hits="0" branch="true" condition-coverage="0% (0/2)" missing-branches="1008,1011"/>
						<line number="1008" hits="0"/>
						<line number="1011" hits="0" branch="true" condition-coverage="0% (0/2)" missing-branches="1012,1016"/>
						<line number="1012" hits="0"/>
						<line number="1016" hits="0"/>
						<line number="1020" hits="0"/>
						<line number="1027" hits="0"/>
						<line number="1028" hits="0"/>
						<line number="1032" hits="1"/>
						<line number="1043" hits="0"/>
						<line number="1044" hits="0"/>
						<line number="1046" hits="0" branch="true" condition-coverage="0% (0/2)" missing-branches="1047,1050"/>
						<line number="1047" hits="0"/>
						<line number="1048" hits="0"/>
						<line number="1050" hits="0"/>
						<line number="1056" hits="0" branch="true" condition-coverage="0% (0/2)" missing-branches="1057,1059"/>
						<line number="1057" hits="0"/>
						<line number="1059" hits="0" branch="true" condition-coverage="0% (0/2)" missing-branches="1060,1064"/>
						<line number="1060" hits="0"/>
						<line number="1064" hits="0"/>
						<line number="1065" hits="0"/>
						<line number="1066" hits="0"/>
						<line number="1068" hits="0" branch="true" condition-coverage="0% (0/2)" missing-branches="1069,1073"/>
						<line number="1069" hits="0"/>
						<line number="1073" hits="0" branch="true" condition-coverage="0% (0/2)" missing-branches="1078,1082"/>
						<line number="1078" hits="0"/>
						<line number="1082" hits="0"/>
						<line number="1083" hits="0"/>
						<line number="1086" hits="0"/>
						<line number="1090" hits="0" branch="true" condition-coverage="0% (0/2)" missing-branches="1112,1123"/>
						<line number="1112" hits="0"/>
						<line number="1123" hits="0"/>
						<line number="1135" hits="1"/>
						<line number="1145" hits="0"/>
						<line number="1146" hits="0"/>
						<line number="1156" hits="0"/>
						<line number="1158" hits="1"/>
						<line number="1169" hits="0"/>
						<line number="1170" hits="0"/>
						<line number="1172" hits="0"/>
						<line number="1173" hits="0"/>
						<line number="1177" hits="0"/>
						<line number="1178" hits="0"/>
						<line number="1182" hits="0"/>
						<line number="1183" hits="0"/>
						<line number="1184" hits="0"/>
						<line number="1185" hits="0"/>
						<line number="1186" hits="0"/>
						<line number="1187" hits="0" branch="true" condition-coverage="0% (0/2)" missing-branches="1188,1205"/>
						<line number="1188" hits="0"/>
						<line number="1189" hits="0" branch="true" condition-coverage="0% (0/2)" missing-branches="1199,1201"/>
						<line number="1199" hits="0" branch="true" condition-coverage="0% (0/2)" missing-branches="1189,1200"/>
						<line number="1200" hits="0"/>
						<line number="1201" hits="0"/>
						<line number="1205" hits="0"/>
						<line number="1206" hits="0"/>
						<line number="1207" hits="0"/>
						<line number="1208" hits="0"/>
						<line number="1209" hits="0"/>
						<line number="1214" hits="0"/>
						<line number="1220" hits="0"/>
						<line number="1221" hits="0"/>
						<line number="1222" hits="0"/>
						<line number="1223" hits="0"/>
						<line number="1224" hits="0"/>
						<line number="1226" hits="0"/>
						<line number="1249" hits="0"/>
						<line number="1345" hits="0"/>
						<line number="1348" hits="1"/>
						<line number="1367" hits="0"/>
						<line number="1368" hits="0"/>
						<line number="1369" hits="0"/>
						<line number="1370" hits="0"/>
						<line number="1371" hits="0" branch="true" condition-coverage="0% (0/2)" missing-branches="1372,1373"/>
						<line number="1372" hits="0"/>
						<line number="1373" hits="0"/>
						<line number="1374" hits="0" branch="true" condition-coverage="0% (0/2)" missing-branches="1375,1376"/>
						<line number="1375" hits="0"/>
						<line number="1376" hits="0" branch="true" condition-coverage="0% (0/2)" missing-branches="1377,1379"/>
						<line number="1377" hits="0"/>
						<line number="1379" hits="0" branch="true" condition-coverage="0% (0/2)" missing-branches="1380,1383"/>
						<line number="1380" hits="0"/>
						<line number="1381" hits="0"/>
						<line number="1383" hits="0"/>
						<line number="1388" hits="0"/>
						<line number="1399" hits="0"/>
						<line number="1402" hits="1"/>
						<line number="1418" hits="0"/>
						<line number="1419" hits="0"/>
						<line number="1420" hits="0"/>
						<line number="1421" hits="0" branch="true" condition-coverage="0% (0/2)" missing-branches="1422,1424"/>
						<line number="1422" hits="0"/>
						<line number="1424" hits="0"/>
						<line number="1440" hits="0"/>
						<line number="1441" hits="0"/>
						<line number="1442" hits="0"/>
						<line number="1443" hits="0"/>
						<line number="1445" hits="0"/>
					</lines>
				</class>
				<class name="form_data.py" filename="pydantic_schemaforms/form_data.py" complexity="0" line-rate="0.1509" branch-rate="0">
					<methods/>
					<lines>
						<line number="16" hits="1"/>
						<line number="18" hits="1"/>
						<line number="19" hits="1"/>
						<line number="20" hits="1"/>
						<line number="23" hits="1"/>
						<line number="26" hits="1"/>
						<line number="36" hits="0" branch="true" condition-coverage="0% (0/2)" missing-branches="37,42"/>
						<line number="37" hits="0"/>
						<line number="38" hits="0" branch="true" condition-coverage="0% (0/2)" missing-branches="39,40"/>
						<line number="39" hits="0"/>
						<line number="40" hits="0" branch="true" condition-coverage="0% (0/2)" missing-branches="41,42"/>
						<line number="41" hits="0"/>
						<line number="42" hits="0"/>
						<line number="45" hits="1"/>
						<line number="46" hits="0"/>
						<line number="47" hits="0" branch="true" condition-coverage="0% (0/2)" missing-branches="48,52"/>
						<line number="48" hits="0" branch="true" condition-coverage="0% (0/2)" missing-branches="49,50"/>
						<line number="49" hits="0"/>
						<line number="50" hits="0" branch="true" condition-coverage="0% (0/2)" missing-branches="47,51"/>
						<line number="51" hits="0"/>
						<line number="52" hits="0"/>
						<line number="55" hits="1"/>
						<line number="56" hits="0"/>
						<line number="59" hits="1"/>
						<line number="67" hits="0" branch="true" condition-coverage="0% (0/2)" missing-branches="68,71"/>
						<line number="68" hits="0"/>
						<line number="69" hits="0"/>
						<line number="71" hits="0" branch="true" condition-coverage="0% (0/2)" missing-branches="72,73"/>
						<line number="72" hits="0"/>
						<line number="73" hits="0"/>
						<line number="76" hits="1"/>
						<line number="81" hits="0" branch="true" condition-coverage="0% (0/2)" missing-branches="82,86"/>
						<line number="82" hits="0"/>
						<line number="86" hits="0"/>
						<line number="87" hits="0"/>
						<line number="88" hits="0" branch="true" condition-coverage="0% (0/2)" missing-branches="89,90"/>
						<line number="89" hits="0"/>
						<line number="90" hits="0"/>
						<line number="93" hits="1"/>
						<line number="94" hits="0" branch="true" condition-coverage="0% (0/2)" missing-branches="exit,95"/>
						<line number="95" hits="0"/>
						<line number="98" hits="1"/>
						<line number="108" hits="0"/>
						<line number="109" hits="0"/>
						<line number="111" hits="0" branch="true" condition-coverage="0% (0/2)" missing-branches="112,115"/>
						<line number="112" hits="0"/>
						<line number="113" hits="0"/>
						<line number="115" hits="0" branch="true" condition-coverage="0% (0/2)" missing-branches="116,117"/>
						<line number="116" hits="0"/>
						<line number="117" hits="0"/>
						<line number="120" hits="1"/>
						<line number="123" hits="0"/>
						<line number="125" hits="0" branch="true" condition-coverage="0% (0/2)" missing-branches="exit,126"/>
						<line number="126" hits="0"/>
						<line number="127" hits="0"/>
						<line number="129" hits="0" branch="true" condition-coverage="0% (0/2)" missing-branches="130,138"/>
						<line number="130" hits="0"/>
						<line number="138" hits="0"/>
						<line number="148" hits="0" branch="true" condition-coverage="0% (0/2)" missing-branches="149,151"/>
						<line number="149" hits="0"/>
						<line number="151" hits="0"/>
						<line number="154" hits="1"/>
						<line number="177" hits="0"/>
						<line number="179" hits="0"/>
						<line number="180" hits="0"/>
						<line number="181" hits="0" branch="true" condition-coverage="0% (0/2)" missing-branches="182,188"/>
						<line number="182" hits="0"/>
						<line number="183" hits="0" branch="true" condition-coverage="0% (0/2)" missing-branches="184,186"/>
						<line number="184" hits="0"/>
						<line number="185" hits="0"/>
						<line number="186" hits="0"/>
						<line number="188" hits="0"/>
						<line number="190" hits="0" branch="true" condition-coverage="0% (0/2)" missing-branches="191,211"/>
						<line number="191" hits="0"/>
						<line number="192" hits="0" branch="true" condition-coverage="0% (0/2)" missing-branches="193,195"/>
						<line number="193" hits="0"/>
						<line number="195" hits="0"/>
						<line number="199" hits="0"/>
						<line number="201" hits="0" branch="true" condition-coverage="0% (0/2)" missing-branches="202,205"/>
						<line number="202" hits="0"/>
						<line number="203" hits="0"/>
						<line number="205" hits="0" branch="true" condition-coverage="0% (0/2)" missing-branches="206,209"/>
						<line number="206" hits="0"/>
						<line number="207" hits="0"/>
						<line number="209" hits="0"/>
						<line number="211" hits="0"/>
						<line number="214" hits="1"/>
						<line number="226" hits="0"/>
						<line number="228" hits="0" branch="true" condition-coverage="0% (0/2)" missing-branches="229,237"/>
						<line number="229" hits="0" branch="true" condition-coverage="0% (0/2)" missing-branches="230,232"/>
						<line number="230" hits="0"/>
						<line number="231" hits="0"/>
						<line number="232" hits="0" branch="true" condition-coverage="0% (0/2)" missing-branches="233,235"/>
						<line number="233" hits="0"/>
						<line number="234" hits="0"/>
						<line number="235" hits="0"/>
						<line number="237" hits="0" branch="true" condition-coverage="0% (0/2)" missing-branches="238,245"/>
						<line number="238" hits="0" branch="true" condition-coverage="0% (0/2)" missing-branches="239,241"/>
						<line number="239" hits="0"/>
						<line number="240" hits="0"/>
						<line number="241" hits="0" branch="true" condition-coverage="0% (0/2)" missing-branches="242,243"/>
						<line number="242" hits="0"/>
						<line number="243" hits="0"/>
						<line number="245" hits="0"/>
						<line number="246" hits="0"/>
						<line number="249" hits="1"/>
					</lines>
				</class>
				<class name="form_field.py" filename="pydantic_schemaforms/form_field.py" complexity="0" line-rate="0.3056" branch-rate="0">
					<methods/>
					<lines>
						<line number="6" hits="1"/>
						<line number="8" hits="1"/>
						<line number="9" hits="1"/>
						<line number="11" hits="1"/>
						<line number="13" hits="1"/>
						<line number="16" hits="1"/>
						<line number="26" hits="1"/>
						<line number="97" hits="0" branch="true" condition-coverage="0% (0/2)" missing-branches="98,99"/>
						<line number="98" hits="0"/>
						<line number="99" hits="0" branch="true" condition-coverage="0% (0/2)" missing-branches="100,103"/>
						<line number="100" hits="0"/>
						<line number="103" hits="0"/>
						<line number="106" hits="0"/>
						<line number="120" hits="0"/>
						<line number="124" hits="0"/>
						<line number="125" hits="0"/>
						<line number="127" hits="0"/>
						<line number="128" hits="0" branch="true" condition-coverage="0% (0/2)" missing-branches="129,130"/>
						<line number="129" hits="0"/>
						<line number="130" hits="0" branch="true" condition-coverage="0% (0/2)" missing-branches="131,132"/>
						<line number="131" hits="0"/>
						<line number="132" hits="0" branch="true" condition-coverage="0% (0/2)" missing-branches="133,134"/>
						<line number="133" hits="0"/>
						<line number="134" hits="0" branch="true" condition-coverage="0% (0/2)" missing-branches="135,136"/>
						<line number="135" hits="0"/>
						<line number="136" hits="0"/>
						<line number="138" hits="0"/>
						<line number="140" hits="0"/>
						<line number="167" hits="1"/>
						<line number="168" hits="1"/>
						<line number="183" hits="0"/>
						<line number="184" hits="0" branch="true" condition-coverage="0% (0/2)" missing-branches="185,192"/>
						<line number="185" hits="0"/>
						<line number="187" hits="0"/>
						<line number="188" hits="0" branch="true" condition-coverage="0% (0/2)" missing-branches="189,192"/>
						<line number="189" hits="0"/>
						<line number="192" hits="0"/>
						<line number="194" hits="1"/>
						<line number="195" hits="1"/>
						<line number="206" hits="0"/>
						<line number="207" hits="0" branch="true" condition-coverage="0% (0/2)" missing-branches="208,214"/>
						<line number="208" hits="0"/>
						<line number="210" hits="0"/>
						<line number="211" hits="0" branch="true" condition-coverage="0% (0/2)" missing-branches="212,214"/>
						<line number="212" hits="0"/>
						<line number="214" hits="0"/>
						<line number="216" hits="1"/>
						<line number="217" hits="1"/>
						<line number="228" hits="0"/>
						<line number="231" hits="1"/>
						<line number="255" hits="0" branch="true" condition-coverage="0% (0/2)" missing-branches="256,259"/>
						<line number="256" hits="0"/>
						<line number="259" hits="0"/>
						<line number="262" hits="0"/>
						<line number="265" hits="1"/>
						<line number="278" hits="0"/>
						<line number="292" hits="1"/>
						<line number="302" hits="0"/>
						<line number="313" hits="1"/>
						<line number="325" hits="0"/>
						<line number="338" hits="1"/>
						<line number="348" hits="0"/>
						<line number="359" hits="1"/>
						<line number="368" hits="0"/>
						<line number="379" hits="1"/>
						<line number="388" hits="0"/>
						<line number="398" hits="1"/>
						<line number="412" hits="0"/>
						<line number="413" hits="0"/>
						<line number="414" hits="0"/>
						<line number="416" hits="0"/>
						<line number="429" hits="1"/>
					</lines>
				</class>
				<class name="form_layouts.py" filename="pydantic_schemaforms/form_layouts.py" complexity="0" line-rate="0.1632" branch-rate="0">
					<methods/>
					<lines>
						<line number="3" hits="1"/>
						<line number="4" hits="1"/>
						<line number="6" hits="1"/>
						<line number="7" hits="1"/>
						<line number="9" hits="1"/>
						<line number="10" hits="1"/>
						<line number="11" hits="1"/>
						<line number="12" hits="1"/>
						<line number="13" hits="1"/>
						<line number="14" hits="1"/>
						<line number="15" hits="1"/>
						<line number="18" hits="1"/>
						<line number="19" hits="0"/>
						<line number="20" hits="0"/>
						<line number="23" hits="1"/>
						<line number="31" hits="1"/>
						<line number="41" hits="0"/>
						<line number="42" hits="0"/>
						<line number="43" hits="0"/>
						<line number="44" hits="0"/>
						<line number="45" hits="0"/>
						<line number="46" hits="0"/>
						<line number="47" hits="0"/>
						<line number="49" hits="1"/>
						<line number="51" hits="0"/>
						<line number="52" hits="0" branch="true" condition-coverage="0% (0/2)" missing-branches="53,58"/>
						<line number="53" hits="0" branch="true" condition-coverage="0% (0/2)" missing-branches="54,55"/>
						<line number="54" hits="0"/>
						<line number="55" hits="0" branch="true" condition-coverage="0% (0/2)" missing-branches="56,58"/>
						<line number="56" hits="0"/>
						<line number="58" hits="0"/>
						<line number="59" hits="0" branch="true" condition-coverage="0% (0/2)" missing-branches="60,62"/>
						<line number="60" hits="0"/>
						<line number="62" hits="0"/>
						<line number="63" hits="0"/>
						<line number="65" hits="0" branch="true" condition-coverage="0% (0/2)" missing-branches="66,68"/>
						<line number="66" hits="0"/>
						<line number="68" hits="0"/>
						<line number="70" hits="0"/>
						<line number="73" hits="1"/>
						<line number="81" hits="1"/>
						<line number="95" hits="0"/>
						<line number="96" hits="0"/>
						<line number="97" hits="0"/>
						<line number="98" hits="0"/>
						<line number="99" hits="0"/>
						<line number="100" hits="0"/>
						<line number="101" hits="0"/>
						<line number="102" hits="0"/>
						<line number="103" hits="0"/>
						<line number="104" hits="0"/>
						<line number="105" hits="0"/>
						<line number="107" hits="1"/>
						<line number="109" hits="0"/>
						<line number="115" hits="0" branch="true" condition-coverage="0% (0/2)" missing-branches="116,118"/>
						<line number="116" hits="0"/>
						<line number="118" hits="0"/>
						<line number="120" hits="1"/>
						<line number="122" hits="0" branch="true" condition-coverage="0% (0/2)" missing-branches="123,125"/>
						<line number="123" hits="0"/>
						<line number="125" hits="0" branch="true" condition-coverage="0% (0/2)" missing-branches="126,128"/>
						<line number="126" hits="0"/>
						<line number="128" hits="0"/>
						<line number="137" hits="0"/>
						<line number="139" hits="1"/>
						<line number="141" hits="0" branch="true" condition-coverage="0% (0/2)" missing-branches="142,144"/>
						<line number="142" hits="0"/>
						<line number="144" hits="0"/>
						<line number="150" hits="0"/>
						<line number="153" hits="1"/>
						<line number="156" hits="1"/>
						<line number="157" hits="0"/>
						<line number="158" hits="0"/>
						<line number="159" hits="0"/>
						<line number="160" hits="0"/>
						<line number="165" hits="1"/>
						<line number="166" hits="0" branch="true" condition-coverage="0% (0/2)" missing-branches="167,168"/>
						<line number="167" hits="0"/>
						<line number="168" hits="0"/>
						<line number="170" hits="1"/>
						<line number="171" hits="0" branch="true" condition-coverage="0% (0/2)" missing-branches="172,174"/>
						<line number="172" hits="0"/>
						<line number="174" hits="0"/>
						<line number="175" hits="0"/>
						<line number="176" hits="0"/>
						<line number="177" hits="0"/>
						<line number="179" hits="0" branch="true" condition-coverage="0% (0/2)" missing-branches="180,184"/>
						<line number="180" hits="0"/>
						<line number="181" hits="0" branch="true" condition-coverage="0% (0/2)" missing-branches="182,184"/>
						<line number="182" hits="0"/>
						<line number="184" hits="0" branch="true" condition-coverage="0% (0/2)" missing-branches="185,187"/>
						<line number="185" hits="0"/>
						<line number="187" hits="0"/>
						<line number="189" hits="1"/>
						<line number="190" hits="1"/>
						<line number="195" hits="0"/>
						<line number="196" hits="0" branch="true" condition-coverage="0% (0/2)" missing-branches="197,207"/>
						<line number="197" hits="0"/>
						<line number="201" hits="0" branch="true" condition-coverage="0% (0/2)" missing-branches="202,206"/>
						<line number="202" hits="0"/>
						<line number="203" hits="0"/>
						<line number="204" hits="0"/>
						<line number="205" hits="0"/>
						<line number="206" hits="0"/>
						<line number="207" hits="0" branch="true" condition-coverage="0% (0/2)" missing-branches="208,209"/>
						<line number="208" hits="0"/>
						<line number="209" hits="0"/>
						<line number="211" hits="0"/>
						<line number="218" hits="1"/>
						<line number="219" hits="1"/>
						<line number="227" hits="0"/>
						<line number="229" hits="1"/>
						<line number="230" hits="1"/>
						<line number="233" hits="0"/>
						<line number="235" hits="1"/>
						<line number="244" hits="0"/>
						<line number="245" hits="0"/>
						<line number="247" hits="0" branch="true" condition-coverage="0% (0/2)" missing-branches="248,267"/>
						<line number="248" hits="0" branch="true" condition-coverage="0% (0/2)" missing-branches="249,258"/>
						<line number="249" hits="0"/>
						<line number="258" hits="0"/>
						<line number="267" hits="0"/>
						<line number="269" hits="1"/>
						<line number="272" hits="0"/>
						<line number="274" hits="0"/>
						<line number="276" hits="1"/>
						<line number="277" hits="0"/>
						<line number="278" hits="0" branch="true" condition-coverage="0% (0/2)" missing-branches="279,282"/>
						<line number="279" hits="0"/>
						<line number="280" hits="0" branch="true" condition-coverage="0% (0/2)" missing-branches="278,281"/>
						<line number="281" hits="0"/>
						<line number="282" hits="0"/>
						<line number="284" hits="1"/>
						<line number="290" hits="0"/>
						<line number="292" hits="0"/>
						<line number="293" hits="0"/>
						<line number="294" hits="0"/>
						<line number="296" hits="0"/>
						<line number="297" hits="0" branch="true" condition-coverage="0% (0/2)" missing-branches="298,304"/>
						<line number="298" hits="0"/>
						<line number="299" hits="0"/>
						<line number="300" hits="0"/>
						<line number="301" hits="0" branch="true" condition-coverage="0% (0/2)" missing-branches="297,302"/>
						<line number="302" hits="0"/>
						<line number="304" hits="0"/>
						<line number="314" hits="1"/>
						<line number="317" hits="1"/>
						<line number="323" hits="1"/>
						<line number="331" hits="0"/>
						<line number="332" hits="0"/>
						<line number="333" hits="0" branch="true" condition-coverage="0% (0/2)" missing-branches="334,336"/>
						<line number="334" hits="0"/>
						<line number="336" hits="0"/>
						<line number="340" hits="0"/>
						<line number="345" hits="0"/>
						<line number="351" hits="1"/>
						<line number="355" hits="0"/>
						<line number="358" hits="1"/>
						<line number="364" hits="1"/>
						<line number="372" hits="0"/>
						<line number="374" hits="0"/>
						<line number="381" hits="0"/>
						<line number="387" hits="0"/>
						<line number="393" hits="0" branch="true" condition-coverage="0% (0/2)" missing-branches="394,395"/>
						<line number="394" hits="0"/>
						<line number="395" hits="0"/>
						<line number="397" hits="1"/>
						<line number="401" hits="0"/>
						<line number="404" hits="1"/>
						<line number="410" hits="1"/>
						<line number="411" hits="0"/>
						<line number="412" hits="0"/>
						<line number="414" hits="1"/>
						<line number="423" hits="0"/>
						<line number="424" hits="0" branch="true" condition-coverage="0% (0/2)" missing-branches="425,427"/>
						<line number="425" hits="0"/>
						<line number="427" hits="0"/>
						<line number="428" hits="0" branch="true" condition-coverage="0% (0/2)" missing-branches="429,440"/>
						<line number="429" hits="0"/>
						<line number="430" hits="0" branch="true" condition-coverage="0% (0/2)" missing-branches="431,432"/>
						<line number="431" hits="0"/>
						<line number="432" hits="0"/>
						<line number="433" hits="0"/>
						<line number="440" hits="0"/>
						<line number="445" hits="0"/>
						<line number="447" hits="0" branch="true" condition-coverage="0% (0/2)" missing-branches="448,453"/>
						<line number="448" hits="0"/>
						<line number="449" hits="0"/>
						<line number="450" hits="0"/>
						<line number="451" hits="0"/>
						<line number="453" hits="0"/>
						<line number="455" hits="1"/>
						<line number="459" hits="0"/>
						<line number="460" hits="0"/>
						<line number="461" hits="0"/>
						<line number="462" hits="0"/>
						<line number="464" hits="0"/>
						<line number="465" hits="0" branch="true" condition-coverage="0% (0/2)" missing-branches="466,481"/>
						<line number="466" hits="0"/>
						<line number="467" hits="0" branch="true" condition-coverage="0% (0/2)" missing-branches="472,473"/>
						<line number="472" hits="0"/>
						<line number="473" hits="0"/>
						<line number="474" hits="0"/>
						<line number="475" hits="0"/>
						<line number="476" hits="0" branch="true" condition-coverage="0% (0/2)" missing-branches="477,478"/>
						<line number="477" hits="0"/>
						<line number="478" hits="0" branch="true" condition-coverage="0% (0/2)" missing-branches="465,479"/>
						<line number="479" hits="0"/>
						<line number="481" hits="0"/>
						<line number="489" hits="1"/>
						<line number="491" hits="0"/>
						<line number="492" hits="0" branch="true" condition-coverage="0% (0/2)" missing-branches="493,500"/>
						<line number="493" hits="0" branch="true" condition-coverage="0% (0/2)" missing-branches="492,494"/>
						<line number="494" hits="0"/>
						<line number="495" hits="0" branch="true" condition-coverage="0% (0/2)" missing-branches="492,496"/>
						<line number="496" hits="0"/>
						<line number="500" hits="0"/>
						<line number="502" hits="1"/>
						<line number="504" hits="0" branch="true" condition-coverage="0% (0/2)" missing-branches="505,507"/>
						<line number="505" hits="0"/>
						<line number="507" hits="0"/>
						<line number="508" hits="0"/>
						<line number="509" hits="0"/>
						<line number="510" hits="0"/>
						<line number="517" hits="0"/>
						<line number="518" hits="0"/>
						<line number="520" hits="0"/>
						<line number="521" hits="0"/>
						<line number="522" hits="0"/>
						<line number="523" hits="0"/>
						<line number="524" hits="0"/>
						<line number="525" hits="0"/>
						<line number="527" hits="0"/>
						<line number="566" hits="1"/>
						<line number="572" hits="1"/>
						<line number="584" hits="0"/>
						<line number="585" hits="0"/>
						<line number="586" hits="0"/>
						<line number="587" hits="0"/>
						<line number="588" hits="0"/>
						<line number="589" hits="0"/>
						<line number="590" hits="0"/>
						<line number="591" hits="0"/>
						<line number="592" hits="0"/>
						<line number="596" hits="0"/>
						<line number="598" hits="1"/>
						<line number="600" hits="0"/>
						<line number="602" hits="1"/>
						<line number="615" hits="0"/>
						<line number="617" hits="0"/>
						<line number="618" hits="0"/>
						<line number="621" hits="0"/>
						<line number="622" hits="0" branch="true" condition-coverage="0% (0/2)" missing-branches="623,635"/>
						<line number="623" hits="0" branch="true" condition-coverage="0% (0/2)" missing-branches="622,625"/>
						<line number="625" hits="0"/>
						<line number="626" hits="0" branch="true" condition-coverage="0% (0/2)" missing-branches="622,627"/>
						<line number="627" hits="0"/>
						<line number="628" hits="0"/>
						<line number="630" hits="0" branch="true" condition-coverage="0% (0/2)" missing-branches="631,632"/>
						<line number="631" hits="0"/>
						<line number="632" hits="0"/>
						<line number="635" hits="0" branch="true" condition-coverage="0% (0/2)" missing-branches="636,646"/>
						<line number="636" hits="0"/>
						<line number="638" hits="0"/>
						<line number="639" hits="0"/>
						<line number="640" hits="0"/>
						<line number="642" hits="0"/>
						<line number="643" hits="0"/>
						<line number="646" hits="0"/>
						<line number="647" hits="0" branch="true" condition-coverage="0% (0/2)" missing-branches="648,649"/>
						<line number="648" hits="0"/>
						<line number="649" hits="0" branch="true" condition-coverage="0% (0/2)" missing-branches="650,652"/>
						<line number="650" hits="0"/>
						<line number="652" hits="0"/>
						<line number="658" hits="1"/>
						<line number="678" hits="0"/>
						<line number="679" hits="0" branch="true" condition-coverage="0% (0/2)" missing-branches="680,685"/>
						<line number="680" hits="0"/>
						<line number="682" hits="0"/>
						<line number="685" hits="0"/>
						<line number="686" hits="0" branch="true" condition-coverage="0% (0/2)" missing-branches="687,688"/>
						<line number="687" hits="0"/>
						<line number="688" hits="0" branch="true" condition-coverage="0% (0/2)" missing-branches="689,692"/>
						<line number="689" hits="0"/>
						<line number="692" hits="0" branch="true" condition-coverage="0% (0/2)" missing-branches="693,696"/>
						<line number="693" hits="0"/>
						<line number="696" hits="0"/>
						<line number="699" hits="0"/>
						<line number="702" hits="0"/>
						<line number="703" hits="0" branch="true" condition-coverage="0% (0/2)" missing-branches="704,714"/>
						<line number="704" hits="0"/>
						<line number="714" hits="0"/>
						<line number="717" hits="0"/>
						<line number="718" hits="0" branch="true" condition-coverage="0% (0/2)" missing-branches="719,722"/>
						<line number="719" hits="0"/>
						<line number="722" hits="0"/>
						<line number="724" hits="0"/>
						<line number="725" hits="0" branch="true" condition-coverage="0% (0/2)" missing-branches="726,728"/>
						<line number="726" hits="0"/>
						<line number="728" hits="0"/>
						<line number="729" hits="0"/>
						<line number="730" hits="0"/>
						<line number="739" hits="0"/>
						<line number="745" hits="0"/>
						<line number="751" hits="0"/>
						<line number="752" hits="0"/>
						<line number="753" hits="0"/>
						<line number="758" hits="1"/>
						<line number="769" hits="0"/>
						<line number="770" hits="0"/>
						<line number="771" hits="0"/>
						<line number="773" hits="0"/>
						<line number="776" hits="0"/>
						<line number="781" hits="0"/>
						<line number="784" hits="0"/>
						<line number="785" hits="0" branch="true" condition-coverage="0% (0/2)" missing-branches="786,790"/>
						<line number="786" hits="0"/>
						<line number="787" hits="0"/>
						<line number="790" hits="0"/>
						<line number="791" hits="0" branch="true" condition-coverage="0% (0/2)" missing-branches="792,794"/>
						<line number="792" hits="0"/>
						<line number="794" hits="0"/>
						<line number="796" hits="0" branch="true" condition-coverage="0% (0/2)" missing-branches="798,810"/>
						<line number="798" hits="0"/>
						<line number="810" hits="0"/>
						<line number="811" hits="0"/>
						<line number="812" hits="0"/>
						<line number="813" hits="0"/>
						<line number="823" hits="1"/>
						<line number="836" hits="0"/>
						<line number="839" hits="0"/>
						<line number="840" hits="0"/>
						<line number="843" hits="0"/>
						<line number="845" hits="0"/>
						<line number="846" hits="0"/>
						<line number="847" hits="0"/>
						<line number="849" hits="0" branch="true" condition-coverage="0% (0/2)" missing-branches="850,871"/>
						<line number="850" hits="0"/>
						<line number="851" hits="0"/>
						<line number="871" hits="0"/>
						<line number="892" hits="1"/>
						<line number="894" hits="0" branch="true" condition-coverage="0% (0/2)" missing-branches="895,898"/>
						<line number="895" hits="0"/>
						<line number="898" hits="0"/>
						<line number="899" hits="0" branch="true" condition-coverage="0% (0/2)" missing-branches="900,905"/>
						<line number="900" hits="0" branch="true" condition-coverage="0% (0/2)" missing-branches="899,901"/>
						<line number="901" hits="0" branch="true" condition-coverage="0% (0/2)" missing-branches="902,903"/>
						<line number="902" hits="0"/>
						<line number="903" hits="0"/>
						<line number="905" hits="0" branch="true" condition-coverage="0% (0/2)" missing-branches="906,908"/>
						<line number="906" hits="0"/>
						<line number="908" hits="0"/>
						<line number="910" hits="1"/>
						<line number="912" hits="0"/>
						<line number="915" hits="0"/>
						<line number="918" hits="0"/>
						<line number="921" hits="0"/>
						<line number="923" hits="0"/>
						<line number="925" hits="1"/>
						<line number="927" hits="0"/>
						<line number="928" hits="0"/>
						<line number="929" hits="0" branch="true" condition-coverage="0% (0/2)" missing-branches="930,939"/>
						<line number="930" hits="0"/>
						<line number="939" hits="0"/>
						<line number="946" hits="1"/>
						<line number="948" hits="0"/>
						<line number="949" hits="0"/>
						<line number="950" hits="0" branch="true" condition-coverage="0% (0/2)" missing-branches="951,961"/>
						<line number="951" hits="0"/>
						<line number="961" hits="0"/>
						<line number="969" hits="1"/>
						<line number="973" hits="0"/>
						<line number="974" hits="0" branch="true" condition-coverage="0% (0/2)" missing-branches="975,991"/>
						<line number="975" hits="0"/>
						<line number="991" hits="0"/>
						<line number="1138" hits="1"/>
						<line number="1140" hits="0"/>
						<line number="1160" hits="1"/>
						<line number="1162" hits="0"/>
						<line number="1181" hits="1"/>
					</lines>
				</class>
				<class name="html_markers.py" filename="pydantic_schemaforms/html_markers.py" complexity="0" line-rate="0.25" branch-rate="0">
					<methods/>
					<lines>
						<line number="3" hits="1"/>
						<line number="7" hits="1"/>
						<line number="8" hits="1"/>
						<line number="11" hits="1"/>
						<line number="13" hits="0" branch="true" condition-coverage="0% (0/2)" missing-branches="14,16"/>
						<line number="14" hits="0"/>
						<line number="16" hits="0"/>
						<line number="17" hits="0"/>
						<line number="18" hits="0" branch="true" condition-coverage="0% (0/2)" missing-branches="19,20"/>
						<line number="19" hits="0"/>
						<line number="20" hits="0" branch="true" condition-coverage="0% (0/2)" missing-branches="21,23"/>
						<line number="21" hits="0"/>
						<line number="23" hits="0"/>
						<line number="24" hits="0" branch="true" condition-coverage="0% (0/2)" missing-branches="25,27"/>
						<line number="25" hits="0"/>
						<line number="27" hits="0"/>
					</lines>
				</class>
				<class name="icon_mapping.py" filename="pydantic_schemaforms/icon_mapping.py" complexity="0" line-rate="0.25" branch-rate="0">
					<methods/>
					<lines>
						<line number="9" hits="1"/>
						<line number="78" hits="1"/>
						<line number="89" hits="0" branch="true" condition-coverage="0% (0/2)" missing-branches="90,91"/>
						<line number="90" hits="0"/>
						<line number="91" hits="0"/>
						<line number="94" hits="1"/>
						<line number="106" hits="0" branch="true" condition-coverage="0% (0/2)" missing-branches="107,112"/>
						<line number="107" hits="0"/>
						<line number="108" hits="0"/>
						<line number="109" hits="0"/>
						<line number="112" hits="0"/>
						<line number="113" hits="0"/>
						<line number="116" hits="1"/>
						<line number="127" hits="0"/>
						<line number="129" hits="0" branch="true" condition-coverage="0% (0/2)" missing-branches="130,137"/>
						<line number="130" hits="0"/>
						<line number="132" hits="0" branch="true" condition-coverage="0% (0/2)" missing-branches="133,135"/>
						<line number="133" hits="0"/>
						<line number="135" hits="0"/>
						<line number="137" hits="0"/>
						<line number="141" hits="1"/>
						<line number="143" hits="0"/>
						<line number="146" hits="1"/>
						<line number="148" hits="0"/>
					</lines>
				</class>
				<class name="input_types.py" filename="pydantic_schemaforms/input_types.py" complexity="0" line-rate="0.5758" branch-rate="0">
					<methods/>
					<lines>
						<line number="6" hits="1"/>
						<line number="8" hits="1"/>
						<line number="11" hits="1"/>
						<line number="26" hits="1"/>
						<line number="41" hits="1"/>
						<line number="53" hits="1"/>
						<line number="66" hits="1"/>
						<line number="82" hits="1"/>
						<line number="87" hits="1"/>
						<line number="97" hits="1"/>
						<line number="142" hits="1"/>
						<line number="151" hits="1"/>
						<line number="164" hits="1"/>
						<line number="175" hits="0"/>
						<line number="176" hits="0"/>
						<line number="179" hits="1"/>
						<line number="189" hits="0"/>
						<line number="192" hits="1"/>
						<line number="202" hits="0"/>
						<line number="205" hits="1"/>
						<line number="217" hits="0" branch="true" condition-coverage="0% (0/2)" missing-branches="exit,218"/>
						<line number="218" hits="0"/>
						<line number="219" hits="0"/>
						<line number="220" hits="0"/>
						<line number="227" hits="1"/>
						<line number="234" hits="1"/>
						<line number="245" hits="0" branch="true" condition-coverage="0% (0/2)" missing-branches="246,248"/>
						<line number="246" hits="0"/>
						<line number="248" hits="0"/>
						<line number="251" hits="0" branch="true" condition-coverage="0% (0/2)" missing-branches="252,255"/>
						<line number="252" hits="0"/>
						<line number="255" hits="0"/>
						<line number="258" hits="1"/>
					</lines>
				</class>
				<class name="layout_base.py" filename="pydantic_schemaforms/layout_base.py" complexity="0" line-rate="0.4" branch-rate="0">
					<methods/>
					<lines>
						<line number="3" hits="1"/>
						<line number="5" hits="1"/>
						<line number="6" hits="1"/>
						<line number="8" hits="1"/>
						<line number="18" hits="1"/>
						<line number="19" hits="1"/>
						<line number="24" hits="1"/>
						<line number="32" hits="1"/>
						<line number="34" hits="1"/>
						<line number="37" hits="0"/>
						<line number="38" hits="0"/>
						<line number="40" hits="1"/>
						<line number="49" hits="0"/>
						<line number="50" hits="0"/>
						<line number="51" hits="0"/>
						<line number="53" hits="0"/>
						<line number="65" hits="0"/>
						<line number="67" hits="1"/>
						<line number="75" hits="0" branch="true" condition-coverage="0% (0/2)" missing-branches="76,78"/>
						<line number="76" hits="0"/>
						<line number="78" hits="0" branch="true" condition-coverage="0% (0/2)" missing-branches="79,81"/>
						<line number="79" hits="0"/>
						<line number="81" hits="0" branch="true" condition-coverage="0% (0/2)" missing-branches="82,89"/>
						<line number="82" hits="0"/>
						<line number="89" hits="0" branch="true" condition-coverage="0% (0/2)" missing-branches="90,98"/>
						<line number="90" hits="0"/>
						<line number="96" hits="0"/>
						<line number="98" hits="0"/>
						<line number="100" hits="1"/>
						<line number="109" hits="0" branch="true" condition-coverage="0% (0/2)" missing-branches="110,111"/>
						<line number="110" hits="0"/>
						<line number="111" hits="0"/>
						<line number="113" hits="1"/>
						<line number="114" hits="1"/>
						<line number="115" hits="0"/>
						<line number="116" hits="0"/>
						<line number="118" hits="1"/>
						<line number="119" hits="1"/>
						<line number="120" hits="0"/>
						<line number="121" hits="0"/>
					</lines>
				</class>
				<class name="layouts.py" filename="pydantic_schemaforms/layouts.py" complexity="0" line-rate="0" branch-rate="1">
					<methods/>
					<lines>
						<line number="3" hits="0"/>
						<line number="5" hits="0"/>
						<line number="7" hits="0"/>
						<line number="19" hits="0"/>
						<line number="26" hits="0"/>
						<line number="27" hits="0"/>
						<line number="29" hits="0"/>
					</lines>
				</class>
				<class name="live_validation.py" filename="pydantic_schemaforms/live_validation.py" complexity="0" line-rate="0.7203" branch-rate="0.3462">
					<methods/>
					<lines>
						<line number="10" hits="1"/>
						<line number="11" hits="1"/>
						<line number="12" hits="1"/>
						<line number="13" hits="1"/>
						<line number="14" hits="1"/>
						<line number="16" hits="1"/>
						<line number="18" hits="1"/>
						<line number="19" hits="1"/>
						<line number="20" hits="1"/>
						<line number="33" hits="1"/>
						<line number="137" hits="1"/>
						<line number="138" hits="1"/>
						<line number="142" hits="1"/>
						<line number="143" hits="1"/>
						<line number="144" hits="1"/>
						<line number="145" hits="1"/>
						<line number="148" hits="1"/>
						<line number="149" hits="1"/>
						<line number="150" hits="1"/>
						<line number="151" hits="1"/>
						<line number="154" hits="1"/>
						<line number="155" hits="1"/>
						<line number="156" hits="1"/>
						<line number="157" hits="1"/>
						<line number="160" hits="1"/>
						<line number="161" hits="1"/>
						<line number="162" hits="1"/>
						<line number="165" hits="1"/>
						<line number="173" hits="1"/>
						<line number="180" hits="1"/>
						<line number="181" hits="1"/>
						<line number="182" hits="1"/>
						<line number="184" hits="1"/>
						<line number="187" hits="0"/>
						<line number="188" hits="0"/>
						<line number="192" hits="1"/>
						<line number="205" hits="1"/>
						<line number="206" hits="1"/>
						<line number="207" hits="1"/>
						<line number="208" hits="1"/>
						<line number="209" hits="1"/>
						<line number="213" hits="1"/>
						<line number="214" hits="1"/>
						<line number="216" hits="1"/>
						<line number="217" hits="1"/>
						<line number="219" hits="1"/>
						<line number="221" hits="1"/>
						<line number="231" hits="0"/>
						<line number="233" hits="1"/>
						<line number="236" hits="1"/>
						<line number="237" hits="1"/>
						<line number="238" hits="1"/>
						<line number="245" hits="1"/>
						<line number="246" hits="1"/>
						<line number="247" hits="1"/>
						<line number="252" hits="1"/>
						<line number="255" hits="0" branch="true" condition-coverage="0% (0/2)" missing-branches="exit,256"/>
						<line number="256" hits="0"/>
						<line number="258" hits="1"/>
						<line number="265" hits="0"/>
						<line number="267" hits="0" branch="true" condition-coverage="0% (0/2)" missing-branches="exit,269"/>
						<line number="269" hits="0"/>
						<line number="270" hits="0"/>
						<line number="271" hits="0"/>
						<line number="272" hits="0"/>
						<line number="275" hits="0"/>
						<line number="276" hits="0"/>
						<line number="277" hits="0"/>
						<line number="278" hits="0"/>
						<line number="282" hits="0"/>
						<line number="284" hits="0"/>
						<line number="286" hits="1"/>
						<line number="287" hits="1"/>
						<line number="309" hits="0"/>
						<line number="312" hits="0"/>
						<line number="313" hits="0" branch="true" condition-coverage="0% (0/2)" missing-branches="314,315"/>
						<line number="314" hits="0"/>
						<line number="315" hits="0"/>
						<line number="317" hits="1"/>
						<line number="328" hits="1" branch="true" condition-coverage="50% (1/2)" missing-branches="329"/>
						<line number="329" hits="0"/>
						<line number="336" hits="1"/>
						<line number="337" hits="1"/>
						<line number="339" hits="1"/>
						<line number="349" hits="0" branch="true" condition-coverage="0% (0/2)" missing-branches="350,351"/>
						<line number="350" hits="0"/>
						<line number="351" hits="0" branch="true" condition-coverage="0% (0/2)" missing-branches="352,354"/>
						<line number="352" hits="0"/>
						<line number="354" hits="0"/>
						<line number="356" hits="1"/>
						<line number="358" hits="0"/>
						<line number="380" hits="1"/>
						<line number="382" hits="0"/>
						<line number="407" hits="1"/>
						<line number="428" hits="1" branch="true" condition-coverage="50% (1/2)" missing-branches="434"/>
						<line number="429" hits="1"/>
						<line number="434" hits="1"/>
						<line number="441" hits="1"/>
						<line number="442" hits="1" branch="true" condition-coverage="50% (1/2)" missing-branches="444"/>
						<line number="443" hits="1"/>
						<line number="444" hits="1" branch="true" condition-coverage="50% (1/2)" missing-branches="445"/>
						<line number="445" hits="0"/>
						<line number="446" hits="1" branch="true" condition-coverage="50% (1/2)" missing-branches="447"/>
						<line number="447" hits="0"/>
						<line number="448" hits="1" branch="true" condition-coverage="50% (1/2)" missing-branches="455"/>
						<line number="449" hits="1"/>
						<line number="455" hits="1"/>
						<line number="456" hits="1" branch="true" condition-coverage="100% (2/2)"/>
						<line number="457" hits="1" branch="true" condition-coverage="50% (1/2)" missing-branches="458"/>
						<line number="458" hits="0"/>
						<line number="461" hits="1"/>
						<line number="477" hits="1"/>
						<line number="484" hits="1"/>
						<line number="501" hits="1"/>
						<line number="504" hits="1"/>
						<line number="520" hits="1"/>
						<line number="521" hits="1"/>
						<line number="524" hits="1"/>
					</lines>
				</class>
				<class name="model_list.py" filename="pydantic_schemaforms/model_list.py" complexity="0" line-rate="0" branch-rate="1">
					<methods/>
					<lines>
						<line number="14" hits="0"/>
						<line number="17" hits="0"/>
						<line number="20" hits="0"/>
						<line number="26" hits="0"/>
						<line number="28" hits="0"/>
						<line number="30" hits="0"/>
					</lines>
				</class>
				<class name="modern_renderer.py" filename="pydantic_schemaforms/modern_renderer.py" complexity="0" line-rate="0.1885" branch-rate="0">
					<methods/>
					<lines>
						<line number="10" hits="1"/>
						<line number="12" hits="1"/>
						<line number="13" hits="1"/>
						<line number="14" hits="1"/>
						<line number="16" hits="1"/>
						<line number="18" hits="1"/>
						<line number="19" hits="1"/>
						<line number="20" hits="1"/>
						<line number="21" hits="1"/>
						<line number="22" hits="1"/>
						<line number="25" hits="1"/>
						<line number="56" hits="1"/>
						<line number="59" hits="1"/>
						<line number="60" hits="0"/>
						<line number="63" hits="1"/>
						<line number="66" hits="1"/>
						<line number="82" hits="0"/>
						<line number="83" hits="0"/>
						<line number="84" hits="0"/>
						<line number="85" hits="0"/>
						<line number="86" hits="0"/>
						<line number="87" hits="0"/>
						<line number="88" hits="0"/>
						<line number="89" hits="0"/>
						<line number="90" hits="0"/>
						<line number="91" hits="0"/>
						<line number="92" hits="0"/>
						<line number="93" hits="0"/>
						<line number="94" hits="0"/>
						<line number="95" hits="0"/>
						<line number="97" hits="1"/>
						<line number="100" hits="0"/>
						<line number="102" hits="0" branch="true" condition-coverage="0% (0/2)" missing-branches="103,106"/>
						<line number="103" hits="0"/>
						<line number="104" hits="0"/>
						<line number="106" hits="0" branch="true" condition-coverage="0% (0/2)" missing-branches="107,114"/>
						<line number="107" hits="0"/>
						<line number="108" hits="0"/>
						<line number="109" hits="0" branch="true" condition-coverage="0% (0/2)" missing-branches="106,110"/>
						<line number="110" hits="0"/>
						<line number="111" hits="0"/>
						<line number="112" hits="0"/>
						<line number="114" hits="0"/>
						<line number="116" hits="1"/>
						<line number="117" hits="0"/>
						<line number="118" hits="0" branch="true" condition-coverage="0% (0/2)" missing-branches="119,120"/>
						<line number="119" hits="0"/>
						<line number="120" hits="0" branch="true" condition-coverage="0% (0/2)" missing-branches="121,123"/>
						<line number="121" hits="0"/>
						<line number="123" hits="0"/>
						<line number="125" hits="0"/>
						<line number="126" hits="0" branch="true" condition-coverage="0% (0/2)" missing-branches="127,128"/>
						<line number="127" hits="0"/>
						<line number="128" hits="0" branch="true" condition-coverage="0% (0/2)" missing-branches="129,131"/>
						<line number="129" hits="0"/>
						<line number="131" hits="0"/>
						<line number="132" hits="0"/>
						<line number="133" hits="0"/>
						<line number="134" hits="0" branch="true" condition-coverage="0% (0/2)" missing-branches="135,139"/>
						<line number="135" hits="0" branch="true" condition-coverage="0% (0/2)" missing-branches="136,137"/>
						<line number="136" hits="0"/>
						<line number="137" hits="0"/>
						<line number="139" hits="0"/>
						<line number="140" hits="0"/>
						<line number="141" hits="0" branch="true" condition-coverage="0% (0/2)" missing-branches="142,144"/>
						<line number="142" hits="0"/>
						<line number="144" hits="0"/>
						<line number="145" hits="0" branch="true" condition-coverage="0% (0/2)" missing-branches="146,147"/>
						<line number="146" hits="0"/>
						<line number="147" hits="0" branch="true" condition-coverage="0% (0/2)" missing-branches="148,150"/>
						<line number="148" hits="0"/>
						<line number="150" hits="0"/>
						<line number="158" hits="0" branch="true" condition-coverage="0% (0/2)" missing-branches="159,160"/>
						<line number="159" hits="0"/>
						<line number="160" hits="0" branch="true" condition-coverage="0% (0/2)" missing-branches="161,162"/>
						<line number="161" hits="0"/>
						<line number="162" hits="0" branch="true" condition-coverage="0% (0/2)" missing-branches="163,164"/>
						<line number="163" hits="0"/>
						<line number="164" hits="0" branch="true" condition-coverage="0% (0/2)" missing-branches="165,167"/>
						<line number="165" hits="0"/>
						<line number="167" hits="0"/>
						<line number="170" hits="1"/>
						<line number="173" hits="1"/>
						<line number="182" hits="0"/>
						<line number="183" hits="0"/>
						<line number="184" hits="0"/>
						<line number="185" hits="0"/>
						<line number="186" hits="0"/>
						<line number="187" hits="0"/>
						<line number="190" hits="1"/>
						<line number="193" hits="1"/>
						<line number="207" hits="0"/>
						<line number="208" hits="0" branch="true" condition-coverage="0% (0/2)" missing-branches="209,211"/>
						<line number="209" hits="0"/>
						<line number="211" hits="0"/>
						<line number="212" hits="0" branch="true" condition-coverage="0% (0/2)" missing-branches="213,215"/>
						<line number="213" hits="0"/>
						<line number="215" hits="0"/>
						<line number="216" hits="0" branch="true" condition-coverage="0% (0/2)" missing-branches="217,219"/>
						<line number="217" hits="0"/>
						<line number="219" hits="0"/>
						<line number="220" hits="0"/>
						<line number="221" hits="0"/>
						<line number="222" hits="0"/>
						<line number="223" hits="0"/>
						<line number="224" hits="0"/>
						<line number="225" hits="0"/>
						<line number="226" hits="0"/>
						<line number="227" hits="0"/>
						<line number="228" hits="0"/>
						<line number="229" hits="0"/>
						<line number="230" hits="0"/>
						<line number="231" hits="0"/>
						<line number="233" hits="0" branch="true" condition-coverage="0% (0/2)" missing-branches="exit,234"/>
						<line number="234" hits="0"/>
						<line number="236" hits="1"/>
						<line number="237" hits="0"/>
						<line number="238" hits="0" branch="true" condition-coverage="0% (0/2)" missing-branches="239,241"/>
						<line number="239" hits="0" branch="true" condition-coverage="0% (0/2)" missing-branches="238,240"/>
						<line number="240" hits="0"/>
						<line number="241" hits="0"/>
						<line number="243" hits="1"/>
						<line number="244" hits="0" branch="true" condition-coverage="0% (0/2)" missing-branches="245,247"/>
						<line number="245" hits="0"/>
						<line number="247" hits="0"/>
						<line number="248" hits="0" branch="true" condition-coverage="0% (0/2)" missing-branches="249,252"/>
						<line number="249" hits="0"/>
						<line number="250" hits="0"/>
						<line number="252" hits="0" branch="true" condition-coverage="0% (0/2)" missing-branches="253,262"/>
						<line number="253" hits="0"/>
						<line number="262" hits="0" branch="true" condition-coverage="0% (0/2)" missing-branches="263,265"/>
						<line number="263" hits="0"/>
						<line number="265" hits="0"/>
						<line number="266" hits="0"/>
						<line number="267" hits="0"/>
						<line number="269" hits="1"/>
						<line number="270" hits="0"/>
						<line number="271" hits="0"/>
						<line number="274" hits="1"/>
						<line number="282" hits="1"/>
						<line number="291" hits="0"/>
						<line number="298" hits="1"/>
						<line number="305" hits="0"/>
						<line number="306" hits="0"/>
						<line number="307" hits="0"/>
						<line number="309" hits="0"/>
						<line number="321" hits="0" branch="true" condition-coverage="0% (0/2)" missing-branches="322,324"/>
						<line number="322" hits="0"/>
						<line number="324" hits="0"/>
						<line number="326" hits="1"/>
						<line number="333" hits="0"/>
						<line number="334" hits="0"/>
						<line number="335" hits="0"/>
						<line number="337" hits="0"/>
						<line number="349" hits="0" branch="true" condition-coverage="0% (0/2)" missing-branches="350,352"/>
						<line number="350" hits="0"/>
						<line number="352" hits="0"/>
						<line number="354" hits="1"/>
						<line number="363" hits="0"/>
						<line number="365" hits="1"/>
						<line number="374" hits="0"/>
						<line number="376" hits="1"/>
						<line number="379" hits="0"/>
						<line number="380" hits="0"/>
						<line number="382" hits="0" branch="true" condition-coverage="0% (0/2)" missing-branches="383,405"/>
						<line number="383" hits="0"/>
						<line number="384" hits="0"/>
						<line number="386" hits="0"/>
						<line number="387" hits="0" branch="true" condition-coverage="0% (0/2)" missing-branches="388,390"/>
						<line number="388" hits="0"/>
						<line number="390" hits="0"/>
						<line number="405" hits="0"/>
						<line number="407" hits="1"/>
						<line number="408" hits="0" branch="true" condition-coverage="0% (0/2)" missing-branches="409,411"/>
						<line number="409" hits="0"/>
						<line number="411" hits="0"/>
						<line number="412" hits="0"/>
						<line number="420" hits="1"/>
						<line number="421" hits="0"/>
						<line number="422" hits="0"/>
						<line number="423" hits="0"/>
						<line number="424" hits="0"/>
						<line number="425" hits="0"/>
						<line number="427" hits="1"/>
						<line number="432" hits="0"/>
						<line number="433" hits="0"/>
						<line number="434" hits="0"/>
						<line number="435" hits="0"/>
						<line number="437" hits="1"/>
						<line number="438" hits="0"/>
						<line number="465" hits="1"/>
					</lines>
				</class>
				<class name="render_form.py" filename="pydantic_schemaforms/render_form.py" complexity="0" line-rate="0" branch-rate="0">
					<methods/>
					<lines>
						<line number="6" hits="0"/>
						<line number="7" hits="0"/>
						<line number="8" hits="0"/>
						<line number="9" hits="0"/>
						<line number="10" hits="0"/>
						<line number="11" hits="0"/>
						<line number="13" hits="0"/>
						<line number="14" hits="0"/>
						<line number="15" hits="0"/>
						<line number="16" hits="0"/>
						<line number="17" hits="0"/>
						<line number="19" hits="0"/>
						<line number="20" hits="0"/>
						<line number="23" hits="0"/>
						<line number="59" hits="0"/>
						<line number="67" hits="0"/>
						<line number="70" hits="0"/>
						<line number="71" hits="0"/>
						<line number="72" hits="0"/>
						<line number="75" hits="0"/>
						<line number="76" hits="0"/>
						<line number="77" hits="0"/>
						<line number="79" hits="0"/>
						<line number="93" hits="0" branch="true" condition-coverage="0% (0/2)" missing-branches="94,96"/>
						<line number="94" hits="0"/>
						<line number="95" hits="0"/>
						<line number="96" hits="0" branch="true" condition-coverage="0% (0/2)" missing-branches="97,101"/>
						<line number="97" hits="0"/>
						<line number="98" hits="0" branch="true" condition-coverage="0% (0/2)" missing-branches="99,101"/>
						<line number="99" hits="0"/>
						<line number="101" hits="0" branch="true" condition-coverage="0% (0/2)" missing-branches="102,107"/>
						<line number="102" hits="0"/>
						<line number="103" hits="0" branch="true" condition-coverage="0% (0/2)" missing-branches="104,107"/>
						<line number="104" hits="0"/>
						<line number="107" hits="0"/>
						<line number="108" hits="0" branch="true" condition-coverage="0% (0/2)" missing-branches="109,113"/>
						<line number="109" hits="0"/>
						<line number="113" hits="0"/>
						<line number="115" hits="0"/>
						<line number="118" hits="0"/>
						<line number="137" hits="0"/>
						<line number="144" hits="0"/>
						<line number="145" hits="0"/>
						<line number="163" hits="0"/>
						<line number="164" hits="0"/>
					</lines>
				</class>
				<class name="schema_form.py" filename="pydantic_schemaforms/schema_form.py" complexity="0" line-rate="0.2139" branch-rate="0">
					<methods/>
					<lines>
						<line number="1" hits="1"/>
						<line number="2" hits="1"/>
						<line number="3" hits="1"/>
						<line number="5" hits="1"/>
						<line number="6" hits="1"/>
						<line number="7" hits="1"/>
						<line number="9" hits="1"/>
						<line number="12" hits="1"/>
						<line number="15" hits="0"/>
						<line number="16" hits="0"/>
						<line number="17" hits="0"/>
						<line number="18" hits="0"/>
						<line number="19" hits="0"/>
						<line number="20" hits="0"/>
						<line number="21" hits="0"/>
						<line number="22" hits="0"/>
						<line number="24" hits="0"/>
						<line number="25" hits="0"/>
						<line number="28" hits="1"/>
						<line number="77" hits="0"/>
						<line number="78" hits="0"/>
						<line number="98" hits="0" branch="true" condition-coverage="0% (0/2)" missing-branches="99,103"/>
						<line number="99" hits="0" branch="true" condition-coverage="0% (0/2)" missing-branches="98,100"/>
						<line number="100" hits="0"/>
						<line number="103" hits="0" branch="true" condition-coverage="0% (0/2)" missing-branches="104,105"/>
						<line number="104" hits="0"/>
						<line number="105" hits="0"/>
						<line number="108" hits="0"/>
						<line number="136" hits="1"/>
[...]
						<line number="818" hits="0"/>
						<line number="819" hits="0"/>
						<line number="826" hits="1"/>
						<line number="827" hits="0"/>
						<line number="828" hits="0" branch="true" condition-coverage="0% (0/2)" missing-branches="829,833"/>
						<line number="829" hits="0"/>
						<line number="830" hits="0" branch="true" condition-coverage="0% (0/2)" missing-branches="831,833"/>
						<line number="831" hits="0"/>
						<line number="833" hits="0"/>
						<line number="834" hits="0"/>
						<line number="836" hits="0"/>
						<line number="837" hits="0" branch="true" condition-coverage="0% (0/2)" missing-branches="838,840"/>
						<line number="838" hits="0"/>
						<line number="840" hits="0"/>
						<line number="841" hits="0" branch="true" condition-coverage="0% (0/2)" missing-branches="842,844"/>
						<line number="842" hits="0"/>
						<line number="844" hits="0"/>
						<line number="845" hits="0" branch="true" condition-coverage="0% (0/2)" missing-branches="846,848"/>
						<line number="846" hits="0"/>
						<line number="848" hits="0"/>
						<line number="854" hits="1"/>
						<line number="861" hits="0"/>
						<line number="862" hits="0"/>
						<line number="863" hits="0"/>
						<line number="864" hits="0"/>
						<line number="865" hits="0"/>
						<line number="875" hits="1"/>
						<line number="878" hits="0"/>
						<line number="879" hits="0"/>
						<line number="880" hits="0"/>
						<line number="882" hits="0" branch="true" condition-coverage="0% (0/2)" missing-branches="883,897"/>
						<line number="883" hits="0"/>
						<line number="884" hits="0" branch="true" condition-coverage="0% (0/2)" missing-branches="888,889"/>
						<line number="888" hits="0"/>
						<line number="889" hits="0" branch="true" condition-coverage="0% (0/2)" missing-branches="893,895"/>
						<line number="893" hits="0"/>
						<line number="895" hits="0"/>
						<line number="897" hits="0"/>
						<line number="898" hits="0" branch="true" condition-coverage="0% (0/2)" missing-branches="899,900"/>
						<line number="899" hits="0"/>
						<line number="900" hits="0" branch="true" condition-coverage="0% (0/2)" missing-branches="901,902"/>
						<line number="901" hits="0"/>
						<line number="902" hits="0" branch="true" condition-coverage="0% (0/2)" missing-branches="903,905"/>
						<line number="903" hits="0"/>
						<line number="905" hits="0" branch="true" condition-coverage="0% (0/2)" missing-branches="906,907"/>
						<line number="906" hits="0"/>
						<line number="907" hits="0"/>
						<line number="910" hits="1"/>
						<line number="913" hits="0"/>
						<line number="914" hits="0" branch="true" condition-coverage="0% (0/2)" missing-branches="915,916"/>
						<line number="915" hits="0"/>
						<line number="916" hits="0"/>
						<line number="919" hits="1"/>
						<line number="920" hits="0" branch="true" condition-coverage="0% (0/2)" missing-branches="921,922"/>
						<line number="921" hits="0"/>
						<line number="922" hits="0"/>
						<line number="923" hits="0"/>
						<line number="924" hits="0"/>
						<line number="925" hits="0"/>
						<line number="928" hits="1"/>
						<line number="929" hits="0" branch="true" condition-coverage="0% (0/2)" missing-branches="930,932"/>
						<line number="930" hits="0"/>
						<line number="932" hits="0"/>
						<line number="933" hits="0"/>
						<line number="934" hits="0" branch="true" condition-coverage="0% (0/2)" missing-branches="935,942"/>
						<line number="935" hits="0"/>
						<line number="936" hits="0" branch="true" condition-coverage="0% (0/2)" missing-branches="934,937"/>
						<line number="937" hits="0" branch="true" condition-coverage="0% (0/2)" missing-branches="936,938"/>
						<line number="938" hits="0"/>
						<line number="939" hits="0"/>
						<line number="940" hits="0"/>
						<line number="942" hits="0"/>
						<line number="945" hits="1"/>
						<line number="946" hits="0"/>
						<line number="948" hits="0" branch="true" condition-coverage="0% (0/2)" missing-branches="949,958"/>
						<line number="949" hits="0"/>
						<line number="950" hits="0" branch="true" condition-coverage="0% (0/2)" missing-branches="951,954"/>
						<line number="951" hits="0"/>
						<line number="952" hits="0"/>
						<line number="954" hits="0"/>
						<line number="955" hits="0" branch="true" condition-coverage="0% (0/2)" missing-branches="948,956"/>
						<line number="956" hits="0"/>
						<line number="958" hits="0"/>
						<line number="961" hits="1"/>
						<line number="962" hits="0"/>
						<line number="974" hits="0"/>
						<line number="975" hits="0" branch="true" condition-coverage="0% (0/2)" missing-branches="976,978"/>
						<line number="976" hits="0" branch="true" condition-coverage="0% (0/2)" missing-branches="975,977"/>
						<line number="977" hits="0"/>
						<line number="978" hits="0"/>
						<line number="981" hits="1"/>
						<line number="987" hits="0"/>
						<line number="988" hits="0" branch="true" condition-coverage="0% (0/2)" missing-branches="989,991"/>
						<line number="989" hits="0"/>
						<line number="991" hits="0"/>
						<line number="992" hits="0" branch="true" condition-coverage="0% (0/2)" missing-branches="993,995"/>
						<line number="993" hits="0"/>
						<line number="995" hits="0"/>
					</lines>
				</class>
				<class name="material_icons.py" filename="pydantic_schemaforms/rendering/material_icons.py" complexity="0" line-rate="0.4167" branch-rate="0">
					<methods/>
					<lines>
						<line number="11" hits="1"/>
						<line number="13" hits="1"/>
						<line number="15" hits="1"/>
						<line number="20" hits="1"/>
						<line number="35" hits="1"/>
						<line number="48" hits="0"/>
						<line number="50" hits="0"/>
						<line number="51" hits="0" branch="true" condition-coverage="0% (0/2)" missing-branches="52,54"/>
						<line number="52" hits="0"/>
						<line number="54" hits="0"/>
						<line number="55" hits="0"/>
						<line number="57" hits="0"/>
					</lines>
				</class>
				<class name="schema_parser.py" filename="pydantic_schemaforms/rendering/schema_parser.py" complexity="0" line-rate="0.2667" branch-rate="0">
					<methods/>
					<lines>
						<line number="3" hits="1"/>
						<line number="5" hits="1"/>
						<line number="6" hits="1"/>
						<line number="7" hits="1"/>
						<line number="9" hits="1"/>
						<line number="11" hits="1"/>
						<line number="14" hits="1"/>
						<line number="15" hits="1"/>
						<line number="18" hits="1"/>
						<line number="19" hits="1"/>
						<line number="20" hits="1"/>
						<line number="21" hits="1"/>
						<line number="22" hits="1"/>
						<line number="23" hits="1"/>
						<line number="26" hits="1"/>
						<line number="47" hits="0"/>
						<line number="48" hits="0" branch="true" condition-coverage="0% (0/2)" missing-branches="49,51"/>
						<line number="49" hits="0" branch="true" condition-coverage="0% (0/2)" missing-branches="48,50"/>
						<line number="50" hits="0"/>
						<line number="51" hits="0"/>
						<line number="52" hits="0"/>
						<line number="55" hits="1"/>
						<line number="58" hits="0"/>
						<line number="59" hits="0"/>
						<line number="67" hits="1"/>
						<line number="70" hits="0" branch="true" condition-coverage="0% (0/2)" missing-branches="71,73"/>
						<line number="71" hits="0"/>
						<line number="73" hits="0"/>
						<line number="76" hits="1"/>
						<line number="79" hits="0"/>
						<line number="82" hits="1"/>
						<line number="83" hits="1"/>
						<line number="84" hits="0"/>
						<line number="85" hits="0"/>
						<line number="86" hits="0"/>
						<line number="88" hits="0"/>
						<line number="89" hits="0"/>
						<line number="91" hits="0"/>
						<line number="93" hits="0"/>
						<line number="94" hits="0"/>
						<line number="96" hits="0"/>
						<line number="98" hits="0"/>
						<line number="99" hits="0"/>
						<line number="101" hits="0" branch="true" condition-coverage="0% (0/2)" missing-branches="102,108"/>
						<line number="102" hits="0"/>
						<line number="103" hits="0" branch="true" condition-coverage="0% (0/2)" missing-branches="104,106"/>
						<line number="104" hits="0"/>
						<line number="106" hits="0"/>
						<line number="108" hits="0"/>
						<line number="110" hits="0"/>
						<line number="120" hits="1"/>
						<line number="129" hits="0"/>
						<line number="130" hits="0" branch="true" condition-coverage="0% (0/2)" missing-branches="131,137"/>
						<line number="131" hits="0" branch="true" condition-coverage="0% (0/2)" missing-branches="132,133"/>
						<line number="132" hits="0"/>
						<line number="133" hits="0"/>
						<line number="134" hits="0" branch="true" condition-coverage="0% (0/2)" missing-branches="130,135"/>
						<line number="135" hits="0"/>
						<line number="137" hits="0" branch="true" condition-coverage="0% (0/2)" missing-branches="exit,138"/>
						<line number="138" hits="0" branch="true" condition-coverage="0% (0/2)" missing-branches="139,140"/>
						<line number="139" hits="0"/>
						<line number="140" hits="0" branch="true" condition-coverage="0% (0/2)" missing-branches="141,143"/>
						<line number="141" hits="0"/>
						<line number="143" hits="0"/>
						<line number="144" hits="0" branch="true" condition-coverage="0% (0/2)" missing-branches="137,145"/>
						<line number="145" hits="0"/>
						<line number="148" hits="1"/>
						<line number="151" hits="0"/>
						<line number="156" hits="0" branch="true" condition-coverage="0% (0/2)" missing-branches="157,159"/>
						<line number="157" hits="0"/>
						<line number="159" hits="0"/>
						<line number="160" hits="0" branch="true" condition-coverage="0% (0/2)" missing-branches="161,163"/>
						<line number="161" hits="0"/>
						<line number="163" hits="0"/>
						<line number="166" hits="1"/>
						<line number="167" hits="0"/>
						<line number="168" hits="0"/>
						<line number="169" hits="0" branch="true" condition-coverage="0% (0/2)" missing-branches="170,172"/>
						<line number="170" hits="0" branch="true" condition-coverage="0% (0/2)" missing-branches="169,171"/>
						<line number="171" hits="0"/>
						<line number="172" hits="0"/>
						<line number="175" hits="1"/>
						<line number="176" hits="0"/>
						<line number="177" hits="0" branch="true" condition-coverage="0% (0/2)" missing-branches="178,179"/>
						<line number="178" hits="0"/>
						<line number="179" hits="0" branch="true" condition-coverage="0% (0/2)" missing-branches="180,181"/>
						<line number="180" hits="0"/>
						<line number="181" hits="0" branch="true" condition-coverage="0% (0/2)" missing-branches="182,183"/>
						<line number="182" hits="0"/>
						<line number="183" hits="0"/>
					</lines>
				</class>
				<class name="theme_assets.py" filename="pydantic_schemaforms/rendering/theme_assets.py" complexity="0" line-rate="1" branch-rate="1">
					<methods/>
					<lines>
						<line number="3" hits="1"/>
						<line number="59" hits="1"/>
					</lines>
				</class>
				<class name="themes.py" filename="pydantic_schemaforms/rendering/themes.py" complexity="0" line-rate="0.3415" branch-rate="0">
					<methods/>
					<lines>
						<line number="3" hits="1"/>
						<line number="5" hits="1"/>
						<line number="7" hits="1"/>
						<line number="8" hits="1"/>
						<line number="9" hits="1"/>
						<line number="14" hits="1"/>
						<line number="15" hits="1"/>
						<line number="16" hits="1"/>
						<line number="18" hits="1"/>
						<line number="29" hits="1"/>
						<line number="30" hits="1"/>
						<line number="33" hits="1"/>
						<line number="36" hits="1"/>
						<line number="37" hits="1"/>
						<line number="39" hits="1"/>
						<line number="40" hits="0"/>
						<line number="41" hits="0"/>
						<line number="42" hits="0"/>
						<line number="44" hits="1"/>
						<line number="45" hits="0"/>
						<line number="46" hits="0"/>
						<line number="47" hits="0"/>
						<line number="48" hits="0"/>
						<line number="50" hits="1"/>
						<line number="53" hits="0"/>
						<line number="55" hits="1"/>
						<line number="58" hits="0"/>
						<line number="60" hits="1"/>
						<line number="64" hits="0"/>
						<line number="102" hits="0"/>
						<line number="103" hits="0" branch="true" condition-coverage="0% (0/2)" missing-branches="104,105"/>
						<line number="104" hits="0"/>
						<line number="105" hits="0"/>
						<line number="107" hits="1"/>
						<line number="116" hits="0"/>
						<line number="117" hits="0"/>
						<line number="118" hits="0"/>
						<line number="119" hits="0"/>
						<line number="120" hits="0"/>
						<line number="121" hits="0"/>
						<line number="122" hits="0"/>
						<line number="124" hits="0"/>
						<line number="125" hits="0"/>
						<line number="126" hits="0" branch="true" condition-coverage="0% (0/2)" missing-branches="127,137"/>
						<line number="127" hits="0" branch="true" condition-coverage="0% (0/2)" missing-branches="128,129"/>
						<line number="128" hits="0"/>
						<line number="129" hits="0" branch="true" condition-coverage="0% (0/2)" missing-branches="130,131"/>
						<line number="130" hits="0"/>
						<line number="131" hits="0" branch="true" condition-coverage="0% (0/2)" missing-branches="132,134"/>
						<line number="132" hits="0"/>
						<line number="134" hits="0"/>
						<line number="137" hits="0"/>
						<line number="138" hits="0" branch="true" condition-coverage="0% (0/2)" missing-branches="139,145"/>
						<line number="139" hits="0"/>
						<line number="140" hits="0"/>
						<line number="145" hits="0"/>
						<line number="159" hits="0"/>
						<line number="162" hits="0"/>
						<line number="164" hits="1"/>
						<line number="167" hits="0"/>
						<line number="168" hits="0"/>
						<line number="174" hits="1"/>
						<line number="177" hits="0"/>
						<line number="179" hits="1"/>
						<line number="182" hits="0"/>
						<line number="184" hits="1"/>
						<line number="187" hits="0"/>
						<line number="189" hits="1"/>
						<line number="192" hits="0"/>
						<line number="194" hits="1"/>
						<line number="197" hits="0"/>
						<line number="199" hits="1"/>
						<line number="202" hits="0"/>
						<line number="204" hits="1"/>
						<line number="207" hits="0"/>
						<line number="209" hits="1"/>
						<line number="212" hits="0"/>
						<line number="214" hits="1"/>
						<line number="217" hits="0"/>
						<line number="219" hits="1"/>
						<line number="222" hits="0"/>
						<line number="224" hits="1"/>
						<line number="240" hits="0"/>
						<line number="241" hits="0"/>
						<line number="242" hits="0"/>
						<line number="243" hits="0"/>
						<line number="245" hits="0"/>
						<line number="259" hits="1"/>
						<line number="262" hits="1"/>
						<line number="265" hits="1"/>
						<line number="268" hits="1"/>
						<line number="276" hits="0"/>
						<line number="277" hits="0"/>
						<line number="278" hits="0"/>
						<line number="279" hits="0"/>
						<line number="280" hits="0"/>
						<line number="282" hits="1"/>
						<line number="283" hits="0"/>
						<line number="284" hits="0" branch="true" condition-coverage="0% (0/2)" missing-branches="285,288"/>
						<line number="285" hits="0"/>
						<line number="286" hits="0" branch="true" condition-coverage="0% (0/2)" missing-branches="287,288"/>
						<line number="287" hits="0"/>
						<line number="288" hits="0"/>
						<line number="290" hits="1"/>
						<line number="291" hits="0"/>
						<line number="292" hits="0" branch="true" condition-coverage="0% (0/2)" missing-branches="293,296"/>
						<line number="293" hits="0"/>
						<line number="294" hits="0" branch="true" condition-coverage="0% (0/2)" missing-branches="295,296"/>
						<line number="295" hits="0"/>
						<line number="296" hits="0"/>
						<line number="297" hits="0"/>
						<line number="299" hits="1"/>
						<line number="300" hits="0"/>
						<line number="302" hits="1"/>
						<line number="303" hits="0"/>
						<line number="305" hits="1"/>
						<line number="314" hits="0" branch="true" condition-coverage="0% (0/2)" missing-branches="322,323"/>
						<line number="322" hits="0"/>
						<line number="323" hits="0" branch="true" condition-coverage="0% (0/2)" missing-branches="324,325"/>
						<line number="324" hits="0"/>
						<line number="325" hits="0"/>
						<line number="327" hits="1"/>
						<line number="328" hits="0"/>
						<line number="331" hits="1"/>
						<line number="332" hits="1"/>
						<line number="334" hits="1"/>
						<line number="335" hits="0"/>
						<line number="337" hits="1"/>
						<line number="338" hits="0"/>
						<line number="339" hits="0" branch="true" condition-coverage="0% (0/2)" missing-branches="340,341"/>
						<line number="340" hits="0"/>
						<line number="341" hits="0"/>
						<line number="342" hits="0" branch="true" condition-coverage="0% (0/2)" missing-branches="343,344"/>
						<line number="343" hits="0"/>
						<line number="344" hits="0"/>
						<line number="347" hits="1"/>
						<line number="348" hits="1"/>
						<line number="350" hits="1"/>
						<line number="351" hits="0"/>
						<line number="354" hits="1"/>
						<line number="355" hits="1"/>
						<line number="357" hits="1"/>
						<line number="358" hits="0"/>
						<line number="361" hits="1"/>
						<line number="364" hits="1"/>
						<line number="366" hits="1"/>
						<line number="367" hits="0"/>
						<line number="368" hits="0"/>
						<line number="369" hits="0"/>
						<line number="371" hits="1"/>
						<line number="372" hits="0"/>
						<line number="374" hits="1"/>
						<line number="375" hits="0"/>
						<line number="383" hits="1"/>
						<line number="384" hits="0"/>
						<line number="385" hits="0"/>
						<line number="386" hits="0"/>
						<line number="387" hits="0"/>
						<line number="390" hits="0"/>
						<line number="391" hits="0"/>
						<line number="393" hits="1"/>
						<line number="395" hits="0"/>
						<line number="432" hits="0"/>
						<line number="440" hits="1"/>
						<line number="441" hits="0"/>
						<line number="442" hits="0" branch="true" condition-coverage="0% (0/2)" missing-branches="443,444"/>
						<line number="443" hits="0"/>
						<line number="444" hits="0"/>
						<line number="447" hits="0"/>
						<line number="455" hits="1"/>
						<line number="456" hits="0"/>
						<line number="457" hits="0"/>
						<line number="458" hits="0"/>
						<line number="474" hits="1"/>
						<line number="475" hits="0"/>
						<line number="546" hits="1"/>
						<line number="547" hits="0"/>
						<line number="598" hits="1"/>
						<line number="611" hits="0"/>
						<line number="612" hits="0"/>
						<line number="613" hits="0"/>
						<line number="614" hits="0"/>
						<line number="616" hits="0"/>
						<line number="630" hits="0" branch="true" condition-coverage="0% (0/2)" missing-branches="631,634"/>
						<line number="631" hits="0"/>
						<line number="632" hits="0"/>
						<line number="634" hits="0"/>
						<line number="650" hits="0" branch="true" condition-coverage="0% (0/2)" missing-branches="651,652"/>
						<line number="651" hits="0"/>
						<line number="652" hits="0" branch="true" condition-coverage="0% (0/2)" missing-branches="653,655"/>
						<line number="653" hits="0"/>
						<line number="655" hits="0"/>
						<line number="656" hits="0"/>
						<line number="658" hits="1"/>
						<line number="659" hits="1"/>
						<line number="660" hits="0"/>
						<line number="1318" hits="1"/>
						<line number="1319" hits="1"/>
						<line number="1320" hits="0"/>
						<line number="1515" hits="1"/>
						<line number="1522" hits="1"/>
						<line number="1530" hits="0"/>
						<line number="1531" hits="0" branch="true" condition-coverage="0% (0/2)" missing-branches="1532,1533"/>
						<line number="1532" hits="0"/>
						<line number="1533" hits="0"/>
					</lines>
				</class>
			</classes>
		</package>
	</packages>
</coverage>
