<?xml version="1.0" encoding="utf-8"?><testsuites name="pytest tests"><testsuite name="pytest" errors="0" failures="0" skipped="0" tests="3" time="0.959" timestamp="2025-12-07T23:45:32.469451+00:00" hostname="513e9b44cbe4"><testcase classname="tests.test_layout_demo_smoke" name="test_layout_demo_bootstrap_initial_tab_renders" time="0.019" /><testcase classname="tests.test_layout_demo_smoke" name="test_layout_demo_material_initial_tab_renders" time="0.012" /><testcase classname="tests.test_layout_demo_smoke" name="test_layout_demo_tab_buttons_present" time="0.010" /></testsuite></testsuites>