<?xml version="1.0" encoding="utf-8"?><testsuites name="pytest tests"><testsuite name="pytest" errors="0" failures="0" skipped="0" tests="24" time="0.786" timestamp="2025-11-23T01:14:13.302409+00:00" hostname="e20620245b7e"><testcase classname="tests.test_enhanced_renderer.TestEnhancedFormRenderer" name="test_renderer_initialization" time="0.001" /><testcase classname="tests.test_enhanced_renderer.TestEnhancedFormRenderer" name="test_render_form_from_model_basic" time="0.030" /><testcase classname="tests.test_enhanced_renderer.TestEnhancedFormRenderer" name="test_render_form_with_bootstrap_framework" time="0.002" /><testcase classname="tests.test_enhanced_renderer.TestEnhancedFormRenderer" name="test_render_form_with_material_framework" time="0.003" /><testcase classname="tests.test_enhanced_renderer.TestEnhancedFormRenderer" name="test_render_form_with_no_framework" time="0.002" /><testcase classname="tests.test_enhanced_renderer.TestEnhancedFormRenderer" name="test_render_form_with_submit_url" time="0.002" /><testcase classname="tests.test_enhanced_renderer.TestEnhancedFormRenderer" name="test_render_form_with_initial_data" time="0.002" /><testcase classname="tests.test_enhanced_renderer.TestEnhancedFormRenderer" name="test_render_form_with_errors" time="0.002" /><testcase classname="tests.test_enhanced_renderer.TestEnhancedFormRenderer" name="test_render_form_with_complex_model" time="0.004" /><testcase classname="tests.test_enhanced_renderer.TestEnhancedRendererFieldTypes" name="test_text_field_rendering" time="0.001" /><testcase classname="tests.test_enhanced_renderer.TestEnhancedRendererFieldTypes" name="test_numeric_field_rendering" time="0.001" /><testcase classname="tests.test_enhanced_renderer.TestEnhancedRendererFieldTypes" name="test_selection_field_rendering" time="0.002" /><testcase classname="tests.test_enhanced_renderer.TestEnhancedRendererFieldTypes" name="test_datetime_field_rendering" time="0.001" /><testcase classname="tests.test_enhanced_renderer.TestEnhancedRendererFieldTypes" name="test_specialized_field_rendering" time="0.001" /><testcase classname="tests.test_enhanced_renderer.TestEnhancedRendererFrameworkSpecific" name="test_bootstrap_specific_features" time="0.002" /><testcase classname="tests.test_enhanced_renderer.TestEnhancedRendererFrameworkSpecific" name="test_material_specific_features" time="0.002" /><testcase classname="tests.test_enhanced_renderer.TestEnhancedRendererFrameworkSpecific" name="test_framework_consistency" time="0.002" /><testcase classname="tests.test_enhanced_renderer.TestEnhancedRendererEdgeCases" name="test_empty_form_model" time="0.001" /><testcase classname="tests.test_enhanced_renderer.TestEnhancedRendererEdgeCases" name="test_form_with_optional_fields_only" time="0.001" /><testcase classname="tests.test_enhanced_renderer.TestEnhancedRendererEdgeCases" name="test_invalid_framework_fallback" time="0.003" /><testcase classname="tests.test_enhanced_renderer.TestEnhancedRendererEdgeCases" name="test_render_with_none_values" time="0.001" /><testcase classname="tests.test_enhanced_renderer.TestEnhancedRendererIntegration" name="test_integration_with_form_model_render_method" time="0.002" /><testcase classname="tests.test_enhanced_renderer.TestEnhancedRendererIntegration" name="test_error_handling_integration" time="0.002" /><testcase classname="tests.test_enhanced_renderer.TestEnhancedRendererIntegration" name="test_complete_form_workflow" time="0.004" /></testsuite></testsuites>