<?xml version="1.0" encoding="utf-8"?><testsuites name="pytest tests"><testsuite name="pytest" errors="0" failures="50" skipped="0" tests="212" time="1.913" timestamp="2025-10-19T21:42:12.986181+00:00" hostname="1b3b3aa67112"><testcase classname="tests.test_enhanced_renderer.TestEnhancedFormRenderer" name="test_renderer_initialization" time="0.001" /><testcase classname="tests.test_enhanced_renderer.TestEnhancedFormRenderer" name="test_render_form_from_model_basic" time="0.029" /><testcase classname="tests.test_enhanced_renderer.TestEnhancedFormRenderer" name="test_render_form_with_bootstrap_framework" time="0.003" /><testcase classname="tests.test_enhanced_renderer.TestEnhancedFormRenderer" name="test_render_form_with_material_framework" time="0.002" /><testcase classname="tests.test_enhanced_renderer.TestEnhancedFormRenderer" name="test_render_form_with_no_framework" time="0.002" /><testcase classname="tests.test_enhanced_renderer.TestEnhancedFormRenderer" name="test_render_form_with_submit_url" time="0.002" /><testcase classname="tests.test_enhanced_renderer.TestEnhancedFormRenderer" name="test_render_form_with_initial_data" time="0.002" /><testcase classname="tests.test_enhanced_renderer.TestEnhancedFormRenderer" name="test_render_form_with_errors" time="0.003" /><testcase classname="tests.test_enhanced_renderer.TestEnhancedFormRenderer" name="test_render_form_with_complex_model" time="0.013" /><testcase classname="tests.test_enhanced_renderer.TestEnhancedRendererFieldTypes" name="test_text_field_rendering" time="0.003" /><testcase classname="tests.test_enhanced_renderer.TestEnhancedRendererFieldTypes" name="test_numeric_field_rendering" time="0.003" /><testcase classname="tests.test_enhanced_renderer.TestEnhancedRendererFieldTypes" name="test_selection_field_rendering" time="0.002" /><testcase classname="tests.test_enhanced_renderer.TestEnhancedRendererFieldTypes" name="test_datetime_field_rendering" time="0.002" /><testcase classname="tests.test_enhanced_renderer.TestEnhancedRendererFieldTypes" name="test_specialized_field_rendering" time="0.002" /><testcase classname="tests.test_enhanced_renderer.TestEnhancedRendererFrameworkSpecific" name="test_bootstrap_specific_features" time="0.003" /><testcase classname="tests.test_enhanced_renderer.TestEnhancedRendererFrameworkSpecific" name="test_material_specific_features" time="0.002" /><testcase classname="tests.test_enhanced_renderer.TestEnhancedRendererFrameworkSpecific" name="test_framework_consistency" time="0.002" /><testcase classname="tests.test_enhanced_renderer.TestEnhancedRendererEdgeCases" name="test_empty_form_model" time="0.001" /><testcase classname="tests.test_enhanced_renderer.TestEnhancedRendererEdgeCases" name="test_form_with_optional_fields_only" time="0.001" /><testcase classname="tests.test_enhanced_renderer.TestEnhancedRendererEdgeCases" name="test_invalid_framework_fallback" time="0.003" /><testcase classname="tests.test_enhanced_renderer.TestEnhancedRendererEdgeCases" name="test_render_with_none_values" time="0.002" /><testcase classname="tests.test_enhanced_renderer.TestEnhancedRendererIntegration" name="test_integration_with_form_model_render_method" time="0.003" /><testcase classname="tests.test_enhanced_renderer.TestEnhancedRendererIntegration" name="test_error_handling_integration" time="0.002" /><testcase classname="tests.test_enhanced_renderer.TestEnhancedRendererIntegration" name="test_complete_form_workflow" time="0.004" /><testcase classname="tests.test_inputs.TestTextInputs" name="test_text_input_basic" time="0.000" /><testcase classname="tests.test_inputs.TestTextInputs" name="test_text_input_render" time="0.000" /><testcase classname="tests.test_inputs.TestTextInputs" name="test_email_input" time="0.000" /><testcase classname="tests.test_inputs.TestTextInputs" name="test_password_input" time="0.000" /><testcase classname="tests.test_inputs.TestTextInputs" name="test_textarea_input" time="0.001" /><testcase classname="tests.test_inputs.TestTextInputs" name="test_url_input" time="0.000" /><testcase classname="tests.test_inputs.TestNumericInputs" name="test_number_input_basic" time="0.000" /><testcase classname="tests.test_inputs.TestNumericInputs" name="test_number_input_with_constraints" time="0.000" /><testcase classname="tests.test_inputs.TestNumericInputs" name="test_integer_input" time="0.000" /><testcase classname="tests.test_inputs.TestNumericInputs" name="test_decimal_input" time="0.000" /><testcase classname="tests.test_inputs.TestNumericInputs" name="test_range_input" time="0.000" /><testcase classname="tests.test_inputs.TestSelectionInputs" name="test_select_input_basic" time="0.001" /><testcase classname="tests.test_inputs.TestSelectionInputs" name="test_select_input_with_groups" time="0.001" /><testcase classname="tests.test_inputs.TestSelectionInputs" name="test_checkbox_input" time="0.000" /><testcase classname="tests.test_inputs.TestSelectionInputs" name="test_radio_input" time="0.000" /><testcase classname="tests.test_inputs.TestSelectionInputs" name="test_multi_select_input" time="0.001" /><testcase classname="tests.test_inputs.TestDateTimeInputs" name="test_date_input" time="0.000" /><testcase classname="tests.test_inputs.TestDateTimeInputs" name="test_time_input" time="0.000" /><testcase classname="tests.test_inputs.TestDateTimeInputs" name="test_datetime_input" time="0.000" /><testcase classname="tests.test_inputs.TestSpecializedInputs" name="test_color_input" time="0.001" /><testcase classname="tests.test_inputs.TestSpecializedInputs" name="test_file_input" time="0.001" /><testcase classname="tests.test_inputs.TestSpecializedInputs" name="test_hidden_input" time="0.001" /><testcase classname="tests.test_inputs.TestSpecializedInputs" name="test_tel_input" time="0.000" /><testcase classname="tests.test_inputs.TestInputValidation" name="test_input_with_validation_errors" time="0.000" /><testcase classname="tests.test_inputs.TestInputValidation" name="test_input_with_custom_attributes" time="0.001" /><testcase classname="tests.test_inputs.TestInputValidation" name="test_input_disabled_state" time="0.000" /><testcase classname="tests.test_inputs.TestInputValidation" name="test_input_readonly_state" time="0.000" /><testcase classname="tests.test_inputs.TestInputIntegration" name="test_input_from_form_field" time="0.001" /><testcase classname="tests.test_inputs.TestInputIntegration" name="test_input_with_framework_styling" time="0.000" /><testcase classname="tests.test_integration.TestFlaskIntegration" name="test_flask_integration_creation" time="0.000" /><testcase classname="tests.test_integration.TestFlaskIntegration" name="test_flask_form_handling" time="0.147"><failure message="RuntimeError: Working outside of request context.&#10;&#10;This typically means that you attempted to use functionality that needed&#10;an active HTTP request. Consult the documentation on testing for&#10;information about how to avoid this problem.">/usr/local/lib/python3.14/unittest/mock.py:1429: in patched
    with self.decoration_helper(patched,
/usr/local/lib/python3.14/contextlib.py:141: in __enter__
    return next(self.gen)
           ^^^^^^^^^^^^^^
/usr/local/lib/python3.14/unittest/mock.py:1411: in decoration_helper
    arg = exit_stack.enter_context(patching)
          ^^^^^^^^^^^^^^^^^^^^^^^^^^^^^^^^^^
/usr/local/lib/python3.14/contextlib.py:530: in enter_context
    result = _enter(cm)
             ^^^^^^^^^^
/usr/local/lib/python3.14/unittest/mock.py:1530: in __enter__
    elif spec is None and _is_async_obj(original):
                          ^^^^^^^^^^^^^^^^^^^^^^^
/usr/local/lib/python3.14/unittest/mock.py:59: in _is_async_obj
    if hasattr(obj, '__func__'):
       ^^^^^^^^^^^^^^^^^^^^^^^^
/home/mike/.local/lib/python3.14/site-packages/werkzeug/local.py:318: in __get__
    obj = instance._get_current_object()
          ^^^^^^^^^^^^^^^^^^^^^^^^^^^^^^
/home/mike/.local/lib/python3.14/site-packages/werkzeug/local.py:519: in _get_current_object
    raise RuntimeError(unbound_message) from None
E   RuntimeError: Working outside of request context.
E   
E   This typically means that you attempted to use functionality that needed
E   an active HTTP request. Consult the documentation on testing for
E   information about how to avoid this problem.</failure></testcase><testcase classname="tests.test_integration.TestFlaskIntegration" name="test_flask_route_creation" time="0.002"><failure message="AssertionError: Expected 'route' to have been called once. Called 0 times.">/usr/local/lib/python3.14/unittest/mock.py:964: in assert_called_once
    raise AssertionError(msg)
E   AssertionError: Expected 'route' to have been called once. Called 0 times.

During handling of the above exception, another exception occurred:
tests/test_integration.py:67: in test_flask_route_creation
    mock_app.route.assert_called_once()
E   AssertionError: Expected 'route' to have been called once. Called 0 times.</failure></testcase><testcase classname="tests.test_integration.TestFlaskIntegration" name="test_flask_template_rendering" time="0.003"><failure message="assert &quot;&lt;html&gt;Render...trap'}&lt;/html&gt;&quot; == '&lt;html&gt;Form&lt;/html&gt;'&#10;  &#10;  #x1B[0m#x1B[91m- &lt;html&gt;Form&lt;/html&gt;#x1B[39;49;00m#x1B[90m#x1B[39;49;00m&#10;  #x1B[92m+ &lt;html&gt;Rendered form.html with {'form_model': &lt;class 'tests.conftest.simple_form_model.&lt;locals&gt;.SimpleForm'&gt;, 'framework': 'bootstrap'}&lt;/html&gt;#x1B[39;49;00m#x1B[90m#x1B[39;49;00m">tests/test_integration.py:83: in test_flask_template_rendering
    assert html == '&lt;html&gt;Form&lt;/html&gt;'
E   assert "&lt;html&gt;Render...trap'}&lt;/html&gt;" == '&lt;html&gt;Form&lt;/html&gt;'
E     
E     #x1B[0m#x1B[91m- &lt;html&gt;Form&lt;/html&gt;#x1B[39;49;00m#x1B[90m#x1B[39;49;00m
E     #x1B[92m+ &lt;html&gt;Rendered form.html with {'form_model': &lt;class 'tests.conftest.simple_form_model.&lt;locals&gt;.SimpleForm'&gt;, 'framework': 'bootstrap'}&lt;/html&gt;#x1B[39;49;00m#x1B[90m#x1B[39;49;00m</failure></testcase><testcase classname="tests.test_integration.TestFastAPIIntegration" name="test_fastapi_integration_creation" time="0.000" /><testcase classname="tests.test_integration.TestFastAPIIntegration" name="test_fastapi_endpoint_creation" time="0.002"><failure message="AssertionError: Expected 'post' to have been called.">/usr/local/lib/python3.14/unittest/mock.py:954: in assert_called
    raise AssertionError(msg)
E   AssertionError: Expected 'post' to have been called.

During handling of the above exception, another exception occurred:
tests/test_integration.py:115: in test_fastapi_endpoint_creation
    mock_app.post.assert_called()
E   AssertionError: Expected 'post' to have been called.</failure></testcase><testcase classname="tests.test_integration.TestFastAPIIntegration" name="test_fastapi_form_dependency" time="0.020" /><testcase classname="tests.test_integration.TestFastAPIIntegration" name="test_fastapi_openapi_schema" time="0.002" /><testcase classname="tests.test_integration.TestDjangoIntegration" name="test_django_integration_creation" time="0.000" /><testcase classname="tests.test_integration.TestDjangoIntegration" name="test_django_form_creation" time="0.002"><failure message="ModuleNotFoundError: No module named 'django'">tests/test_integration.py:168: in test_django_form_creation
    with patch('django.forms.Form') as mock_form_class:
         ^^^^^^^^^^^^^^^^^^^^^^^^^^
/usr/local/lib/python3.14/unittest/mock.py:1487: in __enter__
    self.target = self.getter()
                  ^^^^^^^^^^^^^
/usr/local/lib/python3.14/pkgutil.py:458: in resolve_name
    mod = importlib.import_module(modname)
          ^^^^^^^^^^^^^^^^^^^^^^^^^^^^^^^^
/usr/local/lib/python3.14/importlib/__init__.py:88: in import_module
    return _bootstrap._gcd_import(name[level:], package, level)
           ^^^^^^^^^^^^^^^^^^^^^^^^^^^^^^^^^^^^^^^^^^^^^^^^^^^^
&lt;frozen importlib._bootstrap&gt;:1398: in _gcd_import
    ???
&lt;frozen importlib._bootstrap&gt;:1371: in _find_and_load
    ???
&lt;frozen importlib._bootstrap&gt;:1335: in _find_and_load_unlocked
    ???
E   ModuleNotFoundError: No module named 'django'</failure></testcase><testcase classname="tests.test_integration.TestDjangoIntegration" name="test_django_model_form_creation" time="0.002"><failure message="ModuleNotFoundError: No module named 'django'">tests/test_integration.py:182: in test_django_model_form_creation
    with patch('django.forms.ModelForm') as mock_model_form:
         ^^^^^^^^^^^^^^^^^^^^^^^^^^^^^^^
/usr/local/lib/python3.14/unittest/mock.py:1487: in __enter__
    self.target = self.getter()
                  ^^^^^^^^^^^^^
/usr/local/lib/python3.14/pkgutil.py:458: in resolve_name
    mod = importlib.import_module(modname)
          ^^^^^^^^^^^^^^^^^^^^^^^^^^^^^^^^
/usr/local/lib/python3.14/importlib/__init__.py:88: in import_module
    return _bootstrap._gcd_import(name[level:], package, level)
           ^^^^^^^^^^^^^^^^^^^^^^^^^^^^^^^^^^^^^^^^^^^^^^^^^^^^
&lt;frozen importlib._bootstrap&gt;:1398: in _gcd_import
    ???
&lt;frozen importlib._bootstrap&gt;:1371: in _find_and_load
    ???
&lt;frozen importlib._bootstrap&gt;:1335: in _find_and_load_unlocked
    ???
E   ModuleNotFoundError: No module named 'django'</failure></testcase><testcase classname="tests.test_integration.TestDjangoIntegration" name="test_django_view_handling" time="0.002"><failure message="ModuleNotFoundError: No module named 'django'">tests/test_integration.py:205: in test_django_view_handling
    with patch('django.http.HttpResponse') as mock_response:
         ^^^^^^^^^^^^^^^^^^^^^^^^^^^^^^^^^
/usr/local/lib/python3.14/unittest/mock.py:1487: in __enter__
    self.target = self.getter()
                  ^^^^^^^^^^^^^
/usr/local/lib/python3.14/pkgutil.py:458: in resolve_name
    mod = importlib.import_module(modname)
          ^^^^^^^^^^^^^^^^^^^^^^^^^^^^^^^^
/usr/local/lib/python3.14/importlib/__init__.py:88: in import_module
    return _bootstrap._gcd_import(name[level:], package, level)
           ^^^^^^^^^^^^^^^^^^^^^^^^^^^^^^^^^^^^^^^^^^^^^^^^^^^^
&lt;frozen importlib._bootstrap&gt;:1398: in _gcd_import
    ???
&lt;frozen importlib._bootstrap&gt;:1371: in _find_and_load
    ???
&lt;frozen importlib._bootstrap&gt;:1335: in _find_and_load_unlocked
    ???
E   ModuleNotFoundError: No module named 'django'</failure></testcase><testcase classname="tests.test_integration.TestReactJSONSchemaIntegration" name="test_react_integration_creation" time="0.000" /><testcase classname="tests.test_integration.TestReactJSONSchemaIntegration" name="test_react_schema_generation" time="0.002" /><testcase classname="tests.test_integration.TestReactJSONSchemaIntegration" name="test_react_ui_schema_generation" time="0.003" /><testcase classname="tests.test_integration.TestReactJSONSchemaIntegration" name="test_react_form_data_generation" time="0.002" /><testcase classname="tests.test_integration.TestReactJSONSchemaIntegration" name="test_react_complete_form_config" time="0.003" /><testcase classname="tests.test_integration.TestVueFormulateIntegration" name="test_vue_integration_creation" time="0.000" /><testcase classname="tests.test_integration.TestVueFormulateIntegration" name="test_vue_form_config_generation" time="0.001" /><testcase classname="tests.test_integration.TestVueFormulateIntegration" name="test_vue_validation_rules" time="0.001" /><testcase classname="tests.test_integration.TestJSONSchemaGenerator" name="test_schema_generator_creation" time="0.000" /><testcase classname="tests.test_integration.TestJSONSchemaGenerator" name="test_basic_schema_generation" time="0.001" /><testcase classname="tests.test_integration.TestJSONSchemaGenerator" name="test_field_schema_generation" time="0.000"><failure message="KeyError: 'minimum'">tests/test_integration.py:379: in test_field_schema_generation
    assert int_schema['minimum'] == 1
           ^^^^^^^^^^^^^^^^^^^^^
E   KeyError: 'minimum'</failure></testcase><testcase classname="tests.test_integration.TestJSONSchemaGenerator" name="test_complex_field_types" time="0.003"><failure message="KeyError: 'format'">tests/test_integration.py:398: in test_complex_field_types
    assert properties['email']['format'] == 'email'
           ^^^^^^^^^^^^^^^^^^^^^^^^^^^^^
E   KeyError: 'format'</failure></testcase><testcase classname="tests.test_integration.TestOpenAPISchemaGenerator" name="test_openapi_generator_creation" time="0.000" /><testcase classname="tests.test_integration.TestOpenAPISchemaGenerator" name="test_request_schema_generation" time="0.002" /><testcase classname="tests.test_integration.TestOpenAPISchemaGenerator" name="test_response_schema_generation" time="0.002" /><testcase classname="tests.test_integration.TestOpenAPISchemaGenerator" name="test_complete_openapi_spec" time="0.002" /><testcase classname="tests.test_integration.TestIntegrationUtilities" name="test_field_type_mapping" time="0.000" /><testcase classname="tests.test_integration.TestIntegrationUtilities" name="test_ui_element_mapping" time="0.000" /><testcase classname="tests.test_integration.TestIntegrationUtilities" name="test_validation_rule_conversion" time="0.000" /><testcase classname="tests.test_integration.TestIntegrationErrorHandling" name="test_invalid_form_model_handling" time="0.000"><failure message="AttributeError: 'NoneType' object has no attribute 'model_fields'">tests/test_integration.py:513: in test_invalid_form_model_handling
    integration.generate_schema(None)
pydantic_forms/integration.py:149: in generate_schema
    for field_name, field_info in form_model.model_fields.items():
                                  ^^^^^^^^^^^^^^^^^^^^^^^
E   AttributeError: 'NoneType' object has no attribute 'model_fields'</failure></testcase><testcase classname="tests.test_integration.TestIntegrationErrorHandling" name="test_missing_framework_handling" time="0.193" /><testcase classname="tests.test_integration.TestIntegrationErrorHandling" name="test_integration_fallbacks" time="0.002" /><testcase classname="tests.test_integration_workflow.TestCompleteFormWorkflow" name="test_basic_form_workflow" time="0.002" /><testcase classname="tests.test_integration_workflow.TestCompleteFormWorkflow" name="test_form_validation_workflow" time="0.002" /><testcase classname="tests.test_integration_workflow.TestCompleteFormWorkflow" name="test_form_correction_workflow" time="0.003" /><testcase classname="tests.test_integration_workflow.TestCompleteFormWorkflow" name="test_form_with_layout_components" time="0.004" /><testcase classname="tests.test_integration_workflow.TestAdvancedWorkflow" name="test_complex_form_model" time="0.002" /><testcase classname="tests.test_integration_workflow.TestAdvancedWorkflow" name="test_form_with_file_upload" time="0.001"><failure message="assert 'type=&quot;file&quot;' in '&lt;form method=&quot;POST&quot; action=&quot;/submit&quot; class=&quot;needs-validation&quot; novalidate=&quot;True&quot;&gt;\n&lt;div class=&quot;mb-3&quot;&gt;\n&lt;label class=&quot;f...file: name \'file\' is not defined --&gt;\n&lt;/div&gt;\n&lt;button type=&quot;submit&quot; class=&quot;btn btn-primary&quot;&gt;Submit&lt;/button&gt;\n&lt;/form&gt;'">tests/test_integration_workflow.py:201: in test_form_with_file_upload
    assert 'type="file"' in html
E   assert 'type="file"' in '&lt;form method="POST" action="/submit" class="needs-validation" novalidate="True"&gt;\n&lt;div class="mb-3"&gt;\n&lt;label class="f...file: name \'file\' is not defined --&gt;\n&lt;/div&gt;\n&lt;button type="submit" class="btn btn-primary"&gt;Submit&lt;/button&gt;\n&lt;/form&gt;'</failure></testcase><testcase classname="tests.test_integration_workflow.TestAdvancedWorkflow" name="test_conditional_field_rendering" time="0.001" /><testcase classname="tests.test_integration_workflow.TestMultiRenderer" name="test_enhanced_and_modern_renderers" time="0.009" /><testcase classname="tests.test_integration_workflow.TestMultiRenderer" name="test_renderer_framework_consistency" time="0.004" /><testcase classname="tests.test_integration_workflow.TestFormIntegration" name="test_react_json_schema_integration" time="0.003" /><testcase classname="tests.test_integration_workflow.TestFormIntegration" name="test_json_schema_validation_integration" time="0.002" /><testcase classname="tests.test_integration_workflow.TestPerformanceWorkflow" name="test_large_form_rendering" time="0.001"><failure message="assert 'name=&quot;field_0&quot;' in '&lt;form method=&quot;POST&quot; action=&quot;/submit&quot; class=&quot;needs-validation&quot; novalidate=&quot;True&quot;&gt;\n&lt;button type=&quot;submit&quot; class=&quot;btn btn-primary&quot;&gt;Submit&lt;/button&gt;\n&lt;/form&gt;'">tests/test_integration_workflow.py:338: in test_large_form_rendering
    assert f'name="field_{i}"' in html
E   assert 'name="field_0"' in '&lt;form method="POST" action="/submit" class="needs-validation" novalidate="True"&gt;\n&lt;button type="submit" class="btn btn-primary"&gt;Submit&lt;/button&gt;\n&lt;/form&gt;'</failure></testcase><testcase classname="tests.test_integration_workflow.TestPerformanceWorkflow" name="test_batch_validation" time="0.003" /><testcase classname="tests.test_integration_workflow.TestErrorHandlingWorkflow" name="test_validation_error_workflow" time="0.003" /><testcase classname="tests.test_integration_workflow.TestErrorHandlingWorkflow" name="test_partial_form_completion" time="0.001" /><testcase classname="tests.test_integration_workflow.TestErrorHandlingWorkflow" name="test_form_recovery_workflow" time="0.002" /><testcase classname="tests.test_layouts.TestBaseLayout" name="test_base_layout_creation" time="0.000" /><testcase classname="tests.test_layouts.TestBaseLayout" name="test_base_layout_render" time="0.000" /><testcase classname="tests.test_layouts.TestBaseLayout" name="test_base_layout_with_attributes" time="0.000" /><testcase classname="tests.test_layouts.TestBaseLayout" name="test_base_layout_with_list_content" time="0.000" /><testcase classname="tests.test_layouts.TestHorizontalLayout" name="test_horizontal_layout_creation" time="0.000" /><testcase classname="tests.test_layouts.TestHorizontalLayout" name="test_horizontal_layout_render" time="0.000"><failure message="AssertionError: assert 'horizontal-layout' in '&lt;div&gt;Test content&lt;/div&gt;'">tests/test_layouts.py:63: in test_horizontal_layout_render
    assert "horizontal-layout" in html
E   AssertionError: assert 'horizontal-layout' in '&lt;div&gt;Test content&lt;/div&gt;'</failure></testcase><testcase classname="tests.test_layouts.TestHorizontalLayout" name="test_horizontal_layout_with_gap" time="0.000"><failure message="AssertionError: assert 'gap: 2rem' in '&lt;div&gt;Content&lt;/div&gt;'">tests/test_layouts.py:71: in test_horizontal_layout_with_gap
    assert "gap: 2rem" in html
E   AssertionError: assert 'gap: 2rem' in '&lt;div&gt;Content&lt;/div&gt;'</failure></testcase><testcase classname="tests.test_layouts.TestHorizontalLayout" name="test_horizontal_layout_with_alignment" time="0.000"><failure message="AssertionError: assert 'align-items: center' in '&lt;div&gt;Content&lt;/div&gt;'">tests/test_layouts.py:81: in test_horizontal_layout_with_alignment
    assert "align-items: center" in html
E   AssertionError: assert 'align-items: center' in '&lt;div&gt;Content&lt;/div&gt;'</failure></testcase><testcase classname="tests.test_layouts.TestHorizontalLayout" name="test_horizontal_layout_multiple_items" time="0.000" /><testcase classname="tests.test_layouts.TestVerticalLayout" name="test_vertical_layout_creation" time="0.000" /><testcase classname="tests.test_layouts.TestVerticalLayout" name="test_vertical_layout_render" time="0.001"><failure message="AssertionError: assert 'vertical-layout' in '&lt;div&gt;Test content&lt;/div&gt;'">tests/test_layouts.py:107: in test_vertical_layout_render
    assert "vertical-layout" in html
E   AssertionError: assert 'vertical-layout' in '&lt;div&gt;Test content&lt;/div&gt;'</failure></testcase><testcase classname="tests.test_layouts.TestVerticalLayout" name="test_vertical_layout_with_gap" time="0.001"><failure message="AssertionError: assert 'gap: 1.5rem' in '&lt;div&gt;Content&lt;/div&gt;'">tests/test_layouts.py:115: in test_vertical_layout_with_gap
    assert "gap: 1.5rem" in html
E   AssertionError: assert 'gap: 1.5rem' in '&lt;div&gt;Content&lt;/div&gt;'</failure></testcase><testcase classname="tests.test_layouts.TestVerticalLayout" name="test_vertical_layout_with_alignment" time="0.001"><failure message="AssertionError: assert 'align-items: center' in '&lt;div&gt;Content&lt;/div&gt;'">tests/test_layouts.py:121: in test_vertical_layout_with_alignment
    assert "align-items: center" in html
E   AssertionError: assert 'align-items: center' in '&lt;div&gt;Content&lt;/div&gt;'</failure></testcase><testcase classname="tests.test_layouts.TestVerticalLayout" name="test_vertical_layout_multiple_items" time="0.000" /><testcase classname="tests.test_layouts.TestGridLayout" name="test_grid_layout_creation" time="0.000" /><testcase classname="tests.test_layouts.TestGridLayout" name="test_grid_layout_render" time="0.000"><failure message="AssertionError: assert 'grid-layout' in '&lt;div&gt;Test content&lt;/div&gt;'">tests/test_layouts.py:150: in test_grid_layout_render
    assert "grid-layout" in html
E   AssertionError: assert 'grid-layout' in '&lt;div&gt;Test content&lt;/div&gt;'</failure></testcase><testcase classname="tests.test_layouts.TestGridLayout" name="test_grid_layout_with_columns" time="0.001"><failure message="AssertionError: assert 'grid-template-columns: 1fr 2fr 1fr' in '&lt;div&gt;Content&lt;/div&gt;'">tests/test_layouts.py:158: in test_grid_layout_with_columns
    assert "grid-template-columns: 1fr 2fr 1fr" in html
E   AssertionError: assert 'grid-template-columns: 1fr 2fr 1fr' in '&lt;div&gt;Content&lt;/div&gt;'</failure></testcase><testcase classname="tests.test_layouts.TestGridLayout" name="test_grid_layout_with_rows" time="0.000"><failure message="AssertionError: assert 'grid-template-rows: auto auto' in '&lt;div&gt;Content&lt;/div&gt;'">tests/test_layouts.py:164: in test_grid_layout_with_rows
    assert "grid-template-rows: auto auto" in html
E   AssertionError: assert 'grid-template-rows: auto auto' in '&lt;div&gt;Content&lt;/div&gt;'</failure></testcase><testcase classname="tests.test_layouts.TestGridLayout" name="test_grid_layout_multiple_items" time="0.000" /><testcase classname="tests.test_layouts.TestResponsiveGridLayout" name="test_responsive_grid_creation" time="0.001" /><testcase classname="tests.test_layouts.TestResponsiveGridLayout" name="test_responsive_grid_render" time="0.000"><failure message="AssertionError: assert 'grid-layout' in '&lt;div&gt;Test content&lt;/div&gt;'">tests/test_layouts.py:196: in test_responsive_grid_render
    assert "grid-layout" in html
E   AssertionError: assert 'grid-layout' in '&lt;div&gt;Test content&lt;/div&gt;'</failure></testcase><testcase classname="tests.test_layouts.TestResponsiveGridLayout" name="test_responsive_grid_with_min_width" time="0.000"><failure message="AssertionError: assert 'minmax(250px' in '&lt;div&gt;Content&lt;/div&gt;'">tests/test_layouts.py:204: in test_responsive_grid_with_min_width
    assert "minmax(250px" in html
E   AssertionError: assert 'minmax(250px' in '&lt;div&gt;Content&lt;/div&gt;'</failure></testcase><testcase classname="tests.test_layouts.TestResponsiveGridLayout" name="test_responsive_grid_multiple_items" time="0.000"><failure message="AssertionError: assert 'gap: 1rem' in '&lt;div&gt;&lt;div&gt;Card 1&lt;/div&gt;\n&lt;div&gt;Card 2&lt;/div&gt;\n&lt;div&gt;Card 3&lt;/div&gt;\n&lt;div&gt;Card 4&lt;/div&gt;\n&lt;div&gt;Card 5&lt;/div&gt;\n&lt;div&gt;Card 6&lt;/div&gt;&lt;/div&gt;'">tests/test_layouts.py:214: in test_responsive_grid_multiple_items
    assert "gap: 1rem" in html
E   AssertionError: assert 'gap: 1rem' in '&lt;div&gt;&lt;div&gt;Card 1&lt;/div&gt;\n&lt;div&gt;Card 2&lt;/div&gt;\n&lt;div&gt;Card 3&lt;/div&gt;\n&lt;div&gt;Card 4&lt;/div&gt;\n&lt;div&gt;Card 5&lt;/div&gt;\n&lt;div&gt;Card 6&lt;/div&gt;&lt;/div&gt;'</failure></testcase><testcase classname="tests.test_layouts.TestTabLayout" name="test_tab_layout_creation" time="0.000" /><testcase classname="tests.test_layouts.TestTabLayout" name="test_tab_layout_render" time="0.000"><failure message="TypeError: Interpolation() missing required argument 'value' (pos 1)">tests/test_layouts.py:239: in test_tab_layout_render
    html = layout.render()
           ^^^^^^^^^^^^^^^
pydantic_forms/layouts.py:314: in render
    interpolation = Interpolation(
E   TypeError: Interpolation() missing required argument 'value' (pos 1)</failure></testcase><testcase classname="tests.test_layouts.TestTabLayout" name="test_tab_layout_with_attributes" time="0.001"><failure message="TypeError: Interpolation() missing required argument 'value' (pos 1)">tests/test_layouts.py:260: in test_tab_layout_with_attributes
    html = layout.render(style="margin: 1rem;")
           ^^^^^^^^^^^^^^^^^^^^^^^^^^^^^^^^^^^^
pydantic_forms/layouts.py:314: in render
    interpolation = Interpolation(
E   TypeError: Interpolation() missing required argument 'value' (pos 1)</failure></testcase><testcase classname="tests.test_layouts.TestTabLayout" name="test_tab_layout_javascript_functionality" time="0.001"><failure message="TypeError: Interpolation() missing required argument 'value' (pos 1)">tests/test_layouts.py:272: in test_tab_layout_javascript_functionality
    html = layout.render()
           ^^^^^^^^^^^^^^^
pydantic_forms/layouts.py:314: in render
    interpolation = Interpolation(
E   TypeError: Interpolation() missing required argument 'value' (pos 1)</failure></testcase><testcase classname="tests.test_layouts.TestAccordionLayout" name="test_accordion_layout_creation" time="0.000" /><testcase classname="tests.test_layouts.TestAccordionLayout" name="test_accordion_layout_render" time="0.001"><failure message="TypeError: Interpolation() missing required argument 'value' (pos 1)">tests/test_layouts.py:302: in test_accordion_layout_render
    html = layout.render()
           ^^^^^^^^^^^^^^^
pydantic_forms/layouts.py:424: in render
    interpolation = Interpolation(
E   TypeError: Interpolation() missing required argument 'value' (pos 1)</failure></testcase><testcase classname="tests.test_layouts.TestAccordionLayout" name="test_accordion_layout_expanded_sections" time="0.001"><failure message="TypeError: Interpolation() missing required argument 'value' (pos 1)">tests/test_layouts.py:325: in test_accordion_layout_expanded_sections
    html = layout.render()
           ^^^^^^^^^^^^^^^
pydantic_forms/layouts.py:424: in render
    interpolation = Interpolation(
E   TypeError: Interpolation() missing required argument 'value' (pos 1)</failure></testcase><testcase classname="tests.test_layouts.TestAccordionLayout" name="test_accordion_layout_javascript_functionality" time="0.001"><failure message="TypeError: Interpolation() missing required argument 'value' (pos 1)">tests/test_layouts.py:334: in test_accordion_layout_javascript_functionality
    html = layout.render()
           ^^^^^^^^^^^^^^^
pydantic_forms/layouts.py:424: in render
    interpolation = Interpolation(
E   TypeError: Interpolation() missing required argument 'value' (pos 1)</failure></testcase><testcase classname="tests.test_layouts.TestModalLayout" name="test_modal_layout_creation" time="0.000" /><testcase classname="tests.test_layouts.TestModalLayout" name="test_modal_layout_render" time="0.000"><failure message="TypeError: Interpolation() takes at most 4 keyword arguments (6 given)">tests/test_layouts.py:361: in test_modal_layout_render
    html = layout.render()
           ^^^^^^^^^^^^^^^
pydantic_forms/layouts.py:553: in render
    interpolation = Interpolation(
E   TypeError: Interpolation() takes at most 4 keyword arguments (6 given)</failure></testcase><testcase classname="tests.test_layouts.TestModalLayout" name="test_modal_layout_default_footer" time="0.000"><failure message="TypeError: Interpolation() takes at most 4 keyword arguments (6 given)">tests/test_layouts.py:374: in test_modal_layout_default_footer
    html = layout.render()
           ^^^^^^^^^^^^^^^
pydantic_forms/layouts.py:553: in render
    interpolation = Interpolation(
E   TypeError: Interpolation() takes at most 4 keyword arguments (6 given)</failure></testcase><testcase classname="tests.test_layouts.TestModalLayout" name="test_modal_layout_javascript_functionality" time="0.001"><failure message="TypeError: Interpolation() takes at most 4 keyword arguments (6 given)">tests/test_layouts.py:381: in test_modal_layout_javascript_functionality
    html = layout.render()
           ^^^^^^^^^^^^^^^
pydantic_forms/layouts.py:553: in render
    interpolation = Interpolation(
E   TypeError: Interpolation() takes at most 4 keyword arguments (6 given)</failure></testcase><testcase classname="tests.test_layouts.TestCardLayout" name="test_card_layout_creation" time="0.001" /><testcase classname="tests.test_layouts.TestCardLayout" name="test_card_layout_render" time="0.000"><failure message="AssertionError: assert 'card-layout' in '&lt;div&gt;&lt;p&gt;User details go here&lt;/p&gt;&lt;/div&gt;'">tests/test_layouts.py:409: in test_card_layout_render
    assert "card-layout" in html
E   AssertionError: assert 'card-layout' in '&lt;div&gt;&lt;p&gt;User details go here&lt;/p&gt;&lt;/div&gt;'</failure></testcase><testcase classname="tests.test_layouts.TestCardLayout" name="test_card_layout_without_footer" time="0.000"><failure message="AssertionError: assert 'card-header' in '&lt;div&gt;Just content&lt;/div&gt;'">tests/test_layouts.py:422: in test_card_layout_without_footer
    assert "card-header" in html
E   AssertionError: assert 'card-header' in '&lt;div&gt;Just content&lt;/div&gt;'</failure></testcase><testcase classname="tests.test_layouts.TestCardLayout" name="test_card_layout_with_attributes" time="0.000"><failure message="AssertionError: assert 'custom-card' in '&lt;div&gt;Content&lt;/div&gt;'">tests/test_layouts.py:432: in test_card_layout_with_attributes
    assert "custom-card" in html
E   AssertionError: assert 'custom-card' in '&lt;div&gt;Content&lt;/div&gt;'</failure></testcase><testcase classname="tests.test_layouts.TestLayoutFactory" name="test_layout_factory_horizontal" time="0.001"><failure message="AssertionError: assert 'horizontal-layout' in '&lt;div&gt;Item 1\nItem 2&lt;/div&gt;'">tests/test_layouts.py:445: in test_layout_factory_horizontal
    assert "horizontal-layout" in html
E   AssertionError: assert 'horizontal-layout' in '&lt;div&gt;Item 1\nItem 2&lt;/div&gt;'</failure></testcase><testcase classname="tests.test_layouts.TestLayoutFactory" name="test_layout_factory_vertical" time="0.000"><failure message="AssertionError: assert 'vertical-layout' in '&lt;div&gt;Item 1\nItem 2&lt;/div&gt;'">tests/test_layouts.py:456: in test_layout_factory_vertical
    assert "vertical-layout" in html
E   AssertionError: assert 'vertical-layout' in '&lt;div&gt;Item 1\nItem 2&lt;/div&gt;'</failure></testcase><testcase classname="tests.test_layouts.TestLayoutFactory" name="test_layout_factory_grid" time="0.001"><failure message="AssertionError: assert 'grid-layout' in '&lt;div&gt;Item 1\nItem 2&lt;/div&gt;'">tests/test_layouts.py:466: in test_layout_factory_grid
    assert "grid-layout" in html
E   AssertionError: assert 'grid-layout' in '&lt;div&gt;Item 1\nItem 2&lt;/div&gt;'</failure></testcase><testcase classname="tests.test_layouts.TestLayoutFactory" name="test_layout_factory_responsive_grid" time="0.000"><failure message="AssertionError: assert 'minmax(250px' in '&lt;div&gt;Item 1\nItem 2&lt;/div&gt;'">tests/test_layouts.py:475: in test_layout_factory_responsive_grid
    assert "minmax(250px" in html
E   AssertionError: assert 'minmax(250px' in '&lt;div&gt;Item 1\nItem 2&lt;/div&gt;'</failure></testcase><testcase classname="tests.test_layouts.TestLayoutFactory" name="test_layout_factory_tabs" time="0.001"><failure message="TypeError: Interpolation() missing required argument 'value' (pos 1)">tests/test_layouts.py:483: in test_layout_factory_tabs
    html = layout.render()
           ^^^^^^^^^^^^^^^
pydantic_forms/layouts.py:314: in render
    interpolation = Interpolation(
E   TypeError: Interpolation() missing required argument 'value' (pos 1)</failure></testcase><testcase classname="tests.test_layouts.TestLayoutFactory" name="test_layout_factory_accordion" time="0.000"><failure message="TypeError: Interpolation() missing required argument 'value' (pos 1)">tests/test_layouts.py:492: in test_layout_factory_accordion
    html = layout.render()
           ^^^^^^^^^^^^^^^
pydantic_forms/layouts.py:424: in render
    interpolation = Interpolation(
E   TypeError: Interpolation() missing required argument 'value' (pos 1)</failure></testcase><testcase classname="tests.test_layouts.TestLayoutFactory" name="test_layout_factory_modal" time="0.001"><failure message="TypeError: Interpolation() takes at most 4 keyword arguments (6 given)">tests/test_layouts.py:500: in test_layout_factory_modal
    html = layout.render()
           ^^^^^^^^^^^^^^^
pydantic_forms/layouts.py:553: in render
    interpolation = Interpolation(
E   TypeError: Interpolation() takes at most 4 keyword arguments (6 given)</failure></testcase><testcase classname="tests.test_layouts.TestLayoutFactory" name="test_layout_factory_card" time="0.000"><failure message="AssertionError: assert 'card-layout' in '&lt;div&gt;Content&lt;/div&gt;'">tests/test_layouts.py:510: in test_layout_factory_card
    assert "card-layout" in html
E   AssertionError: assert 'card-layout' in '&lt;div&gt;Content&lt;/div&gt;'</failure></testcase><testcase classname="tests.test_layouts.TestLayoutAlias" name="test_layout_alias_works" time="0.000" /><testcase classname="tests.test_layouts.TestLayoutAlias" name="test_layout_alias_horizontal" time="0.000" /><testcase classname="tests.test_layouts.TestLayoutAlias" name="test_layout_alias_card" time="0.000"><failure message="AssertionError: assert 'Test Title' in '&lt;div&gt;Test content&lt;/div&gt;'">tests/test_layouts.py:535: in test_layout_alias_card
    assert "Test Title" in html
E   AssertionError: assert 'Test Title' in '&lt;div&gt;Test content&lt;/div&gt;'</failure></testcase><testcase classname="tests.test_layouts.TestLayoutIntegration" name="test_nested_layouts" time="0.000"><failure message="AssertionError: assert 'horizontal-layout' in '&lt;div&gt;Header\n&lt;div&gt;Left\nRight&lt;/div&gt;\nFooter&lt;/div&gt;'">tests/test_layouts.py:558: in test_nested_layouts
    assert "horizontal-layout" in html
E   AssertionError: assert 'horizontal-layout' in '&lt;div&gt;Header\n&lt;div&gt;Left\nRight&lt;/div&gt;\nFooter&lt;/div&gt;'</failure></testcase><testcase classname="tests.test_layouts.TestLayoutIntegration" name="test_card_with_form_content" time="0.000"><failure message="assert 'User Registration' in '&lt;div&gt;\n        &lt;div class=&quot;form-group&quot;&gt;\n            &lt;label for=&quot;name&quot;&gt;Name:&lt;/label&gt;\n            &lt;input type=&quot;text&quot; ...l for=&quot;email&quot;&gt;Email:&lt;/label&gt;\n            &lt;input type=&quot;email&quot; id=&quot;email&quot; name=&quot;email&quot;&gt;\n        &lt;/div&gt;\n        &lt;/div&gt;'">tests/test_layouts.py:581: in test_card_with_form_content
    assert "User Registration" in html
E   assert 'User Registration' in '&lt;div&gt;\n        &lt;div class="form-group"&gt;\n            &lt;label for="name"&gt;Name:&lt;/label&gt;\n            &lt;input type="text" ...l for="email"&gt;Email:&lt;/label&gt;\n            &lt;input type="email" id="email" name="email"&gt;\n        &lt;/div&gt;\n        &lt;/div&gt;'</failure></testcase><testcase classname="tests.test_layouts.TestLayoutIntegration" name="test_tabs_with_different_layout_content" time="0.000"><failure message="TypeError: Interpolation() missing required argument 'value' (pos 1)">tests/test_layouts.py:597: in test_tabs_with_different_layout_content
    html = tab_layout.render()
           ^^^^^^^^^^^^^^^^^^^
pydantic_forms/layouts.py:314: in render
    interpolation = Interpolation(
E   TypeError: Interpolation() missing required argument 'value' (pos 1)</failure></testcase><testcase classname="tests.test_modern_renderer.TestModernFormRenderer" name="test_renderer_initialization" time="0.000" /><testcase classname="tests.test_modern_renderer.TestModernFormRenderer" name="test_basic_form_rendering" time="0.001" /><testcase classname="tests.test_modern_renderer.TestModernFormRenderer" name="test_form_field_configuration" time="0.000" /><testcase classname="tests.test_modern_renderer.TestModernFormRenderer" name="test_form_field_with_options" time="0.000" /><testcase classname="tests.test_modern_renderer.TestModernFormRenderer" name="test_form_field_validation" time="0.001"><failure message="AssertionError: assert True is False&#10; +  where True = validate('ab')&#10; +    where validate = &lt;pydantic_forms.modern_renderer.FormField object at 0x72523e7c8cd0&gt;.validate">tests/test_modern_renderer.py:99: in test_form_field_validation
    assert field.validate("ab") is False  # Should fail
    ^^^^^^^^^^^^^^^^^^^^^^^^^^^^^^^^^^^^
E   AssertionError: assert True is False
E    +  where True = validate('ab')
E    +    where validate = &lt;pydantic_forms.modern_renderer.FormField object at 0x72523e7c8cd0&gt;.validate</failure></testcase><testcase classname="tests.test_modern_renderer.TestModernFormRenderer" name="test_async_rendering_support" time="0.001"><failure message="AssertionError: assert (False or False)&#10; +  where False = hasattr(&lt;pydantic_forms.modern_renderer.ModernFormRenderer object at 0x72523e7c8f50&gt;, 'render_async')&#10; +  and   False = hasattr(&lt;pydantic_forms.modern_renderer.ModernFormRenderer object at 0x72523e7c8f50&gt;, 'async_render')">tests/test_modern_renderer.py:113: in test_async_rendering_support
    assert hasattr(renderer, 'render_async') or hasattr(renderer, 'async_render')
E   AssertionError: assert (False or False)
E    +  where False = hasattr(&lt;pydantic_forms.modern_renderer.ModernFormRenderer object at 0x72523e7c8f50&gt;, 'render_async')
E    +  and   False = hasattr(&lt;pydantic_forms.modern_renderer.ModernFormRenderer object at 0x72523e7c8f50&gt;, 'async_render')</failure></testcase><testcase classname="tests.test_modern_renderer.TestModernFormRenderer" name="test_performance_rendering" time="0.000" /><testcase classname="tests.test_modern_renderer.TestModernFormRenderer" name="test_framework_compatibility" time="0.001" /><testcase classname="tests.test_modern_renderer.TestModernFormRenderer" name="test_layout_integration_basic" time="0.002" /><testcase classname="tests.test_modern_renderer.TestModernFormRenderer" name="test_input_component_integration" time="0.000" /><testcase classname="tests.test_modern_renderer.TestModernFormRenderer" name="test_custom_validation_integration" time="0.001" /><testcase classname="tests.test_modern_renderer.TestModernFormRenderer" name="test_error_handling" time="0.000" /><testcase classname="tests.test_modern_renderer.TestModernFormRenderer" name="test_html_output_safety" time="0.000" /><testcase classname="tests.test_modern_renderer.TestModernFormRenderer" name="test_accessibility_features" time="0.001" /><testcase classname="tests.test_schema_form.TestField" name="test_field_basic_functionality" time="0.000" /><testcase classname="tests.test_schema_form.TestField" name="test_field_ui_element_parameter" time="0.000" /><testcase classname="tests.test_schema_form.TestField" name="test_field_ui_autofocus_parameter" time="0.000" /><testcase classname="tests.test_schema_form.TestField" name="test_field_ui_options_parameter" time="0.000" /><testcase classname="tests.test_schema_form.TestField" name="test_field_multiple_ui_parameters" time="0.000" /><testcase classname="tests.test_schema_form.TestField" name="test_field_merges_with_existing_json_schema_extra" time="0.000" /><testcase classname="tests.test_schema_form.TestField" name="test_field_none_values_not_included" time="0.000" /><testcase classname="tests.test_schema_form.TestFormModel" name="test_form_model_basic_creation" time="0.002" /><testcase classname="tests.test_schema_form.TestFormModel" name="test_form_model_validation_success" time="0.002" /><testcase classname="tests.test_schema_form.TestFormModel" name="test_form_model_validation_failures" time="0.002" /><testcase classname="tests.test_schema_form.TestFormModel" name="test_form_model_render_form_method" time="0.003" /><testcase classname="tests.test_schema_form.TestFormModel" name="test_form_model_render_form_with_framework" time="0.003" /><testcase classname="tests.test_schema_form.TestFormModel" name="test_form_model_render_form_with_submit_url" time="0.002" /><testcase classname="tests.test_schema_form.TestFormModel" name="test_form_model_with_complex_fields" time="0.002" /><testcase classname="tests.test_schema_form.TestFormModel" name="test_form_model_optional_fields" time="0.004" /><testcase classname="tests.test_schema_form.TestFormModel" name="test_form_model_field_extraction" time="0.002" /><testcase classname="tests.test_schema_form.TestFormModel" name="test_form_model_ui_element_extraction" time="0.001" /><testcase classname="tests.test_schema_form.TestFormModelIntegration" name="test_form_model_with_bootstrap_framework" time="0.002" /><testcase classname="tests.test_schema_form.TestFormModelIntegration" name="test_form_model_with_material_framework" time="0.002" /><testcase classname="tests.test_schema_form.TestFormModelIntegration" name="test_form_model_with_error_handling" time="0.002" /><testcase classname="tests.test_schema_form.TestFormModelIntegration" name="test_form_model_with_initial_data" time="0.002" /><testcase classname="tests.test_validation.TestValidationBasics" name="test_validation_result_creation" time="0.000" /><testcase classname="tests.test_validation.TestValidationBasics" name="test_validate_form_data_success" time="0.002" /><testcase classname="tests.test_validation.TestValidationBasics" name="test_validate_form_data_failure" time="0.003" /><testcase classname="tests.test_validation.TestValidationBasics" name="test_validate_form_data_partial_failure" time="0.004" /><testcase classname="tests.test_validation.TestFormModelValidation" name="test_required_field_validation" time="0.001" /><testcase classname="tests.test_validation.TestFormModelValidation" name="test_email_field_validation" time="0.003" /><testcase classname="tests.test_validation.TestFormModelValidation" name="test_numeric_field_validation" time="0.001" /><testcase classname="tests.test_validation.TestFormModelValidation" name="test_string_length_validation" time="0.001" /><testcase classname="tests.test_validation.TestFormModelValidation" name="test_custom_validator_functions" time="0.003" /><testcase classname="tests.test_validation.TestValidationErrorHandling" name="test_validation_error_extraction" time="0.002" /><testcase classname="tests.test_validation.TestValidationErrorHandling" name="test_multiple_errors_same_field" time="0.001" /><testcase classname="tests.test_validation.TestValidationErrorHandling" name="test_nested_validation_errors" time="0.001" /><testcase classname="tests.test_validation.TestValidationErrorHandling" name="test_error_message_formatting" time="0.004" /><testcase classname="tests.test_validation.TestValidationIntegration" name="test_validation_with_form_rendering" time="0.003" /><testcase classname="tests.test_validation.TestValidationIntegration" name="test_validation_with_complex_form" time="0.003" /><testcase classname="tests.test_validation.TestValidationIntegration" name="test_validation_preserves_valid_data" time="0.001" /><testcase classname="tests.test_validation.TestValidationIntegration" name="test_validation_with_default_values" time="0.001" /><testcase classname="tests.test_validation.TestValidationIntegration" name="test_validation_error_recovery" time="0.001" /><testcase classname="tests.test_validation.TestValidationPerformance" name="test_large_form_validation" time="0.002" /><testcase classname="tests.test_validation.TestValidationPerformance" name="test_validation_with_empty_data" time="0.002" /><testcase classname="tests.test_validation.TestValidationPerformance" name="test_validation_with_extra_fields" time="0.003" /></testsuite></testsuites>