<?xml version="1.0" encoding="utf-8"?><testsuites name="pytest tests"><testsuite name="pytest" errors="0" failures="0" skipped="0" tests="23" time="4.069" timestamp="2026-08-07T23:28:50.729780+00:00" hostname="b84f0d351c82"><testcase classname="tests.playwright.test_code_area_formatting.TestFormatButton" name="test_json_format_button_reserializes_value[chromium]" time="0.438" /><testcase classname="tests.playwright.test_code_area_formatting.TestFormatButton" name="test_yaml_format_button_reserializes_value[chromium]" time="0.146" /><testcase classname="tests.playwright.test_code_area_formatting.TestFormatButton" name="test_toml_format_button_reserializes_value[chromium]" time="0.097" /><testcase classname="tests.playwright.test_code_area_formatting.TestFormatButton" name="test_python_format_button_cleans_whitespace_only[chromium]" time="0.099" /><testcase classname="tests.playwright.test_code_area_formatting.TestFormatButton" name="test_invalid_json_shows_error_without_throwing[chromium]" time="0.102" /><testcase classname="tests.playwright.test_code_area_formatting.TestFormatButton" name="test_editing_after_error_clears_invalid_state[chromium]" time="0.111" /><testcase classname="tests.playwright.test_code_area_formatting.TestTabIndent" name="test_tab_inserts_spaces_instead_of_moving_focus[chromium]" time="0.082" /><testcase classname="tests.playwright.test_code_area_formatting.TestHighlightOverlay" name="test_highlight_layer_tokenizes_json_input[chromium]" time="0.073" /><testcase classname="tests.playwright.test_code_area_formatting.TestHighlightOverlay" name="test_highlight_enabled_field_has_overlay_element[chromium]" time="0.065" /><testcase classname="tests.playwright.test_code_area_formatting.TestHighlightOverlay" name="test_highlight_layer_does_not_cover_the_format_button[chromium]" time="0.275" /><testcase classname="tests.playwright.test_htmx_live_validation.TestHTMXAttributes" name="test_email_field_has_hx_post[chromium]" time="0.103" /><testcase classname="tests.playwright.test_htmx_live_validation.TestHTMXAttributes" name="test_email_field_triggers_on_blur[chromium]" time="0.054" /><testcase classname="tests.playwright.test_htmx_live_validation.TestHTMXAttributes" name="test_email_field_targets_feedback_div[chromium]" time="0.054" /><testcase classname="tests.playwright.test_htmx_live_validation.TestHTMXAttributes" name="test_feedback_div_exists[chromium]" time="0.055" /><testcase classname="tests.playwright.test_htmx_live_validation.TestEmailValidation" name="test_invalid_email_applies_error_class[chromium]" time="0.068" /><testcase classname="tests.playwright.test_htmx_live_validation.TestEmailValidation" name="test_valid_email_applies_success_class[chromium]" time="0.062" /><testcase classname="tests.playwright.test_htmx_live_validation.TestEmailValidation" name="test_invalid_email_shows_feedback_text[chromium]" time="0.065" /><testcase classname="tests.playwright.test_htmx_live_validation.TestEmailValidation" name="test_valid_email_shows_success_feedback[chromium]" time="0.067" /><testcase classname="tests.playwright.test_htmx_live_validation.TestEmailValidation" name="test_fixing_invalid_to_valid_updates_class[chromium]" time="0.110" /><testcase classname="tests.playwright.test_htmx_live_validation.TestNameValidation" name="test_empty_name_applies_error_class[chromium]" time="0.086" /><testcase classname="tests.playwright.test_htmx_live_validation.TestNameValidation" name="test_too_short_name_shows_feedback[chromium]" time="0.068" /><testcase classname="tests.playwright.test_htmx_live_validation.TestNameValidation" name="test_valid_name_applies_success_class[chromium]" time="0.060" /><testcase classname="tests.playwright.test_htmx_live_validation" name="test_fields_validate_independently[chromium]" time="0.290" /></testsuite></testsuites>