<?xml version="1.0" encoding="utf-8"?><testsuites name="pytest tests"><testsuite name="pytest" errors="0" failures="0" skipped="0" tests="830" time="2.937" timestamp="2026-01-18T22:11:26.301510+00:00" hostname="185e990fc3d3"><testcase classname="tests.test_form_layouts_coverage.TestSectionDesign" name="test_section_design_render_header_material" time="0.001" /><testcase classname="tests.test_asset_mode_pattern" name="test_enhanced_renderer_include_assets_requires_cdn_mode" time="0.005" /><testcase classname="tests.test_form_layouts_coverage.TestSectionDesign" name="test_section_design_render_header_collapsible" time="0.000" /><testcase classname="tests.test_form_layouts_coverage.TestSectionDesign" name="test_section_design_extra_attrs" time="0.000" /><testcase classname="tests.test_form_layouts_coverage.TestFormDesign" name="test_form_design_defaults" time="0.000" /><testcase classname="tests.test_form_layouts_coverage.TestFormDesign" name="test_form_design_custom_values" time="0.000" /><testcase classname="tests.test_form_layouts_coverage.TestFormDesign" name="test_form_design_get_form_attributes" time="0.000" /><testcase classname="tests.test_form_layouts_coverage.TestFormDesign" name="test_form_design_get_form_attributes_get_method" time="0.000" /><testcase classname="tests.test_form_layouts_coverage.TestFormDesign" name="test_form_design_get_framework_css_url_bootstrap" time="0.000" /><testcase classname="tests.test_form_layouts_coverage.TestFormDesign" name="test_form_design_get_framework_css_url_material" time="0.000" /><testcase classname="tests.test_asset_mode_pattern" name="test_form_builder_include_assets_requires_cdn_mode" time="0.003" /><testcase classname="tests.test_form_layouts_coverage.TestFormDesign" name="test_form_design_get_framework_css_url_semantic" time="0.000" /><testcase classname="tests.test_form_layouts_coverage.TestFormDesign" name="test_form_design_get_framework_css_url_tailwind" time="0.000" /><testcase classname="tests.test_form_layouts_coverage.TestFormDesign" name="test_form_design_get_framework_css_url_custom" time="0.000" /><testcase classname="tests.test_form_layouts_coverage.TestFormDesign" name="test_form_design_get_framework_css_url_vendored" time="0.000" /><testcase classname="tests.test_form_layouts_coverage.TestFormDesign" name="test_form_design_get_framework_js_url_bootstrap" time="0.000" /><testcase classname="tests.test_form_layouts_coverage.TestFormDesign" name="test_form_design_get_framework_js_url_material" time="0.000" /><testcase classname="tests.test_form_layouts_coverage.TestFormDesign" name="test_form_design_get_framework_js_url_semantic" time="0.000" /><testcase classname="tests.test_debug_mode" name="test_debug_panel_included" time="0.001" /><testcase classname="tests.test_form_layouts_coverage.TestFormDesign" name="test_form_design_get_framework_js_url_vendored" time="0.000" /><testcase classname="tests.test_form_layouts_coverage.TestFormDesign" name="test_form_design_extra_attrs" time="0.000" /><testcase classname="tests.test_debug_mode" name="test_debug_off_by_default" time="0.001" /><testcase classname="tests.test_form_layouts_coverage.TestVerticalLayout" name="test_vertical_layout_creation" time="0.000" /><testcase classname="tests.test_form_layouts_coverage.TestVerticalLayout" name="test_vertical_layout_deprecation_warning" time="0.000" /><testcase classname="tests.test_e2e_layouts_async.TestTabLayoutStructure" name="test_tab_buttons_have_aria_attributes" time="0.001" /><testcase classname="tests.test_form_layouts_coverage.TestVerticalLayout" name="test_vertical_layout_with_section_config" time="0.000" /><testcase classname="tests.test_form_layouts_coverage.TestVerticalLayout" name="test_vertical_layout_render_basic" time="0.000" /><testcase classname="tests.test_form_layouts_coverage.TestVerticalLayout" name="test_vertical_layout_render_with_data" time="0.000" /><testcase classname="tests.test_form_layouts_coverage.TestVerticalLayout" name="test_vertical_layout_validate" time="0.000" /><testcase classname="tests.test_form_layouts_coverage.TestVerticalLayout" name="test_vertical_layout_section_class" time="0.000" /><testcase classname="tests.test_e2e_layouts_async.TestTabLayoutStructure" name="test_tab_panels_have_aria_hidden_attribute" time="0.000" /><testcase classname="tests.test_e2e_layouts_async.TestTabLayoutStructure" name="test_tab_content_initial_display_style" time="0.000" /><testcase classname="tests.test_e2e_layouts_async.TestTabLayoutStructure" name="test_accordion_sections_have_expanded_attributes" time="0.000" /><testcase classname="tests.test_form_layouts_coverage.TestHorizontalLayout" name="test_horizontal_layout_creation" time="0.000" /><testcase classname="tests.test_form_layouts_coverage.TestHorizontalLayout" name="test_horizontal_layout_deprecation_warning" time="0.001" /><testcase classname="tests.test_e2e_layouts_async.TestTabLayoutStructure" name="test_accordion_section_ids_are_unique" time="0.000" /><testcase classname="tests.test_e2e_layouts_async.TestTabLayoutBootstrapMaterial" name="test_tab_layout_bootstrap_theme" time="0.000" /><testcase classname="tests.test_e2e_layouts_async.TestTabLayoutBootstrapMaterial" name="test_tab_layout_material_theme" time="0.001" /><testcase classname="tests.test_form_layouts_coverage.TestHorizontalLayout" name="test_horizontal_layout_with_section_config" time="0.000" /><testcase classname="tests.test_e2e_layouts_async.TestLayoutDemonstrationFormRendering" name="test_layout_form_renders_all_tabs" time="0.004" /><testcase classname="tests.test_form_layouts_coverage.TestHorizontalLayout" name="test_horizontal_layout_render_basic" time="0.000" /><testcase classname="tests.test_form_layouts_coverage.TestHorizontalLayout" name="test_horizontal_layout_render_with_data" time="0.000" /><testcase classname="tests.test_form_layouts_coverage.TestHorizontalLayout" name="test_horizontal_layout_validate" time="0.000" /><testcase classname="tests.test_form_layouts_coverage.TestBaseLayout" name="test_base_layout_is_alias" time="0.000" /><testcase classname="tests.test_form_layouts_coverage.TestTabbedLayout" name="test_tabbed_layout_creation" time="0.000" /><testcase classname="tests.test_form_layouts_coverage.TestTabbedLayout" name="test_tabbed_layout_with_form_design" time="0.000" /><testcase classname="tests.test_form_layouts_coverage.TestTabbedLayout" name="test_tabbed_layout_render_empty" time="0.001" /><testcase classname="tests.test_e2e_layouts_async.TestLayoutDemonstrationFormRendering" name="test_layout_form_includes_nested_field_content" time="0.001" /><testcase classname="tests.test_e2e_layouts_async.TestLayoutDemonstrationFormRendering" name="test_layout_form_renders_model_list_in_task_field" time="0.001" /><testcase classname="tests.test_form_layouts_coverage.TestTabbedLayout" name="test_tabbed_layout_render_with_tabs" time="0.001" /><testcase classname="tests.test_e2e_layouts_async.TestTabLayoutIntegration" name="test_tabbed_form_renders_tabs_and_content" time="0.001" /><testcase classname="tests.test_form_layouts_coverage.TestTabbedLayout" name="test_tabbed_layout_validate" time="0.000" /><testcase classname="tests.test_form_layouts_coverage.TestTabbedLayout" name="test_tabbed_layout_render_complete_page" time="0.003" /><testcase classname="tests.test_e2e_layouts_async.TestAsyncFormRendering" name="test_async_render_returns_same_html_as_sync" time="0.007" /><testcase classname="tests.test_form_layouts_coverage.TestListLayout" name="test_list_layout_creation" time="0.000" /><testcase classname="tests.test_form_layouts_coverage.TestListLayout" name="test_list_layout_with_options" time="0.000" /><testcase classname="tests.test_form_layouts_coverage.TestListLayout" name="test_list_layout_get_form_models" time="0.000" /><testcase classname="tests.test_form_layouts_coverage.TestListLayout" name="test_list_layout_validate_empty" time="0.000" /><testcase classname="tests.test_form_layouts_coverage.TestListLayout" name="test_list_layout_validate_with_items" time="0.001" /><testcase classname="tests.test_form_layouts_coverage.TestListLayout" name="test_list_layout_validate_min_items_constraint" time="0.000" /><testcase classname="tests.test_form_layouts_coverage.TestListLayout" name="test_list_layout_validate_max_items_constraint" time="0.000" /><testcase classname="tests.test_e2e_layouts_async.TestAsyncFormRendering" name="test_async_render_with_errors" time="0.004" /><testcase classname="tests.test_form_layouts_coverage.TestListLayout" name="test_list_layout_render_bootstrap" time="0.001" /><testcase classname="tests.test_form_layouts_coverage.TestListLayout" name="test_list_layout_render_material" time="0.001" /><testcase classname="tests.test_form_layouts_extended.TestFormLayoutBasePrivateMethods" name="test_render_form_instances_with_data" time="0.002" /><testcase classname="tests.test_e2e_layouts_async.TestAsyncFormRendering" name="test_multiple_async_renders_concurrent" time="0.005" /><testcase classname="tests.test_form_layouts_extended.TestFormLayoutBasePrivateMethods" name="test_render_form_instances_material_framework" time="0.001" /><testcase classname="tests.test_form_layouts_extended.TestFormLayoutBasePrivateMethods" name="test_get_renderer_for_framework_bootstrap" time="0.000" /><testcase classname="tests.test_enhanced_renderer.TestEnhancedFormRenderer" name="test_renderer_initialization" time="0.000" /><testcase classname="tests.test_form_layouts_extended.TestFormLayoutBasePrivateMethods" name="test_get_renderer_for_framework_material" time="0.000" /><testcase classname="tests.test_form_layouts_extended.TestFormLayoutBasePrivateMethods" name="test_get_forms_returns_form_classes" time="0.001" /><testcase classname="tests.test_form_layouts_extended.TestVerticalLayoutValidation" name="test_validate_with_validation_errors" time="0.001" /><testcase classname="tests.test_enhanced_renderer.TestEnhancedFormRenderer" name="test_render_form_from_model_basic" time="0.002" /><testcase classname="tests.test_form_layouts_extended.TestHorizontalLayoutValidation" name="test_validate_extracts_field_errors_correctly" time="0.001" /><testcase classname="tests.test_form_layouts_extended.TestTabbedLayoutValidation" name="test_validate_aggregates_errors_from_tabs" time="0.001" /><testcase classname="tests.test_enhanced_renderer.TestEnhancedFormRenderer" name="test_render_form_with_bootstrap_framework" time="0.002" /><testcase classname="tests.test_form_layouts_extended.TestListLayoutRendering" name="test_render_list_item_with_data" time="0.000" /><testcase classname="tests.test_form_layouts_extended.TestListLayoutRendering" name="test_render_list_item_with_errors" time="0.000" /><testcase classname="tests.test_enhanced_renderer.TestEnhancedFormRenderer" name="test_render_form_with_material_framework" time="0.002" /><testcase classname="tests.test_form_layouts_extended.TestListLayoutRendering" name="test_render_list_item_collapsible" time="0.000" /><testcase classname="tests.test_form_layouts_extended.TestListLayoutRendering" name="test_render_list_item_collapsible_material" time="0.000" /><testcase classname="tests.test_form_layouts_extended.TestListLayoutRendering" name="test_render_collapsible_item_bootstrap" time="0.001" /><testcase classname="tests.test_form_layouts_extended.TestListLayoutRendering" name="test_render_collapsible_item_material" time="0.001" /><testcase classname="tests.test_enhanced_renderer.TestEnhancedFormRenderer" name="test_render_form_with_no_framework" time="0.003" /><testcase classname="tests.test_form_layouts_extended.TestListLayoutRendering" name="test_create_item_summary_with_data" time="0.000" /><testcase classname="tests.test_form_layouts_extended.TestListLayoutRendering" name="test_create_item_summary_empty_data" time="0.000" /><testcase classname="tests.test_form_layouts_extended.TestListLayoutRendering" name="test_create_item_summary_truncates_long_values" time="0.000" /><testcase classname="tests.test_form_layouts_extended.TestListLayoutRendering" name="test_add_name_prefixes" time="0.000" /><testcase classname="tests.test_enhanced_renderer.TestEnhancedFormRenderer" name="test_render_form_with_submit_url" time="0.002" /><testcase classname="tests.test_form_layouts_extended.TestListLayoutRendering" name="test_render_add_button_bootstrap" time="0.000" /><testcase classname="tests.test_form_layouts_extended.TestListLayoutRendering" name="test_render_add_button_material" time="0.000" /><testcase classname="tests.test_form_layouts_extended.TestListLayoutRendering" name="test_render_remove_button_bootstrap" time="0.000" /><testcase classname="tests.test_enhanced_renderer.TestEnhancedFormRenderer" name="test_render_form_with_initial_data" time="0.002" /><testcase classname="tests.test_form_layouts_extended.TestListLayoutRendering" name="test_render_remove_button_material" time="0.000" /><testcase classname="tests.test_form_layouts_extended.TestListLayoutEdgeCases" name="test_render_list_item_above_min_items_shows_remove_button" time="0.000" /><testcase classname="tests.test_form_layouts_extended.TestListLayoutEdgeCases" name="test_render_list_item_empty_data_above_min" time="0.000" /><testcase classname="tests.test_html_markers" name="test_render_form_html_wrapped_by_default" time="0.001" /><testcase classname="tests.test_enhanced_renderer.TestEnhancedFormRenderer" name="test_render_form_with_errors" time="0.002" /><testcase classname="tests.test_html_markers" name="test_legacy_render_form_html_wraps_after_appends" time="0.001" /><testcase classname="tests.test_html_markers" name="test_render_form_page_wrapped_by_default" time="0.002" /><testcase classname="tests.test_enhanced_renderer.TestEnhancedFormRenderer" name="test_render_form_with_complex_model" time="0.004" /><testcase classname="tests.test_input_coverage_boost.TestCheckboxGroup" name="test_checkbox_group_basic" time="0.000" /><testcase classname="tests.test_enhanced_renderer.TestEnhancedRendererFieldTypes" name="test_text_field_rendering" time="0.001" /><testcase classname="tests.test_input_coverage_boost.TestCheckboxGroup" name="test_checkbox_group_with_checked" time="0.000" /><testcase classname="tests.test_input_coverage_boost.TestCheckboxGroup" name="test_checkbox_group_with_disabled" time="0.000" /><testcase classname="tests.test_enhanced_renderer.TestEnhancedRendererFieldTypes" name="test_numeric_field_rendering" time="0.002" /><testcase classname="tests.test_input_coverage_boost.TestCheckboxGroup" name="test_checkbox_group_with_legend" time="0.000" /><testcase classname="tests.test_input_coverage_boost.TestCheckboxGroup" name="test_checkbox_group_with_custom_class" time="0.000" /><testcase classname="tests.test_input_coverage_boost.TestRadioGroup" name="test_radio_group_basic" time="0.000" /><testcase classname="tests.test_input_coverage_boost.TestRadioGroup" name="test_radio_group_with_checked" time="0.000" /><testcase classname="tests.test_input_coverage_boost.TestRadioGroup" name="test_radio_group_with_disabled" time="0.000" /><testcase classname="tests.test_input_coverage_boost.TestRadioGroup" name="test_radio_group_with_legend" time="0.000" /><testcase classname="tests.test_enhanced_renderer.TestEnhancedRendererFieldTypes" name="test_selection_field_rendering" time="0.001" /><testcase classname="tests.test_input_coverage_boost.TestDatetimeInput" name="test_datetime_input_basic" time="0.000" /><testcase classname="tests.test_input_coverage_boost.TestDatetimeInput" name="test_datetime_input_with_set_now_button" time="0.000" /><testcase classname="tests.test_enhanced_renderer.TestEnhancedRendererFieldTypes" name="test_datetime_field_rendering" time="0.001" /><testcase classname="tests.test_input_coverage_boost.TestDatetimeInput" name="test_datetime_input_with_date_object" time="0.000" /><testcase classname="tests.test_input_coverage_boost.TestDatetimeInput" name="test_datetime_input_with_min_max" time="0.000" /><testcase classname="tests.test_enhanced_renderer.TestEnhancedRendererFieldTypes" name="test_specialized_field_rendering" time="0.002" /><testcase classname="tests.test_input_coverage_boost.TestMonthInput" name="test_month_input_basic" time="0.000" /><testcase classname="tests.test_input_coverage_boost.TestMonthInput" name="test_month_input_with_date_object" time="0.000" /><testcase classname="tests.test_input_coverage_boost.TestMonthInput" name="test_month_input_with_datetime_object" time="0.000" /><testcase classname="tests.test_input_coverage_boost.TestMonthInput" name="test_month_input_with_min_max" time="0.000" /><testcase classname="tests.test_input_coverage_boost.TestWeekInput" name="test_week_input_basic" time="0.000" /><testcase classname="tests.test_input_coverage_boost.TestWeekInput" name="test_week_input_with_date_object" time="0.000" /><testcase classname="tests.test_enhanced_renderer.TestEnhancedRendererFrameworkSpecific" name="test_bootstrap_specific_features" time="0.002" /><testcase classname="tests.test_input_coverage_boost.TestWeekInput" name="test_week_input_with_datetime_object" time="0.000" /><testcase classname="tests.test_input_coverage_boost.TestColorInput" name="test_color_input_basic" time="0.000" /><testcase classname="tests.test_input_coverage_boost.TestColorInput" name="test_color_input_with_value_display" time="0.000" /><testcase classname="tests.test_input_coverage_boost.TestColorInput" name="test_color_input_without_value_display" time="0.000" /><testcase classname="tests.test_enhanced_renderer.TestEnhancedRendererFrameworkSpecific" name="test_material_specific_features" time="0.002" /><testcase classname="tests.test_input_coverage_boost.TestImageInput" name="test_image_input_basic" time="0.000" /><testcase classname="tests.test_input_coverage_boost.TestImageInput" name="test_image_input_with_dimensions" time="0.000" /><testcase classname="tests.test_input_types_coverage.TestDateInput" name="test_date_input_basic_render" time="0.000" /><testcase classname="tests.test_input_types_coverage.TestDateInput" name="test_date_input_with_date_value" time="0.000" /><testcase classname="tests.test_input_types_coverage.TestDateInput" name="test_date_input_with_min_date" time="0.000" /><testcase classname="tests.test_enhanced_renderer.TestEnhancedRendererFrameworkSpecific" name="test_framework_consistency" time="0.002" /><testcase classname="tests.test_input_types_coverage.TestDateInput" name="test_date_input_with_max_date" time="0.000" /><testcase classname="tests.test_input_types_coverage.TestDateInput" name="test_date_input_get_input_type" time="0.000" /><testcase classname="tests.test_enhanced_renderer.TestEnhancedRendererEdgeCases" name="test_empty_form_model" time="0.002" /><testcase classname="tests.test_input_types_coverage.TestDateInput" name="test_date_input_ui_element" time="0.000" /><testcase classname="tests.test_input_types_coverage.TestTimeInput" name="test_time_input_basic_render" time="0.001" /><testcase classname="tests.test_input_types_coverage.TestTimeInput" name="test_time_input_with_time_value" time="0.000" /><testcase classname="tests.test_enhanced_renderer.TestEnhancedRendererEdgeCases" name="test_form_with_optional_fields_only" time="0.002" /><testcase classname="tests.test_input_types_coverage.TestTimeInput" name="test_time_input_with_min_time" time="0.001" /><testcase classname="tests.test_input_types_coverage.TestTimeInput" name="test_time_input_with_max_time" time="0.000" /><testcase classname="tests.test_input_types_coverage.TestTimeInput" name="test_time_input_default_step" time="0.000" /><testcase classname="tests.test_input_types_coverage.TestTimeInput" name="test_time_input_custom_step" time="0.000" /><testcase classname="tests.test_input_types_coverage.TestTimeInput" name="test_time_input_get_input_type" time="0.000" /><testcase classname="tests.test_enhanced_renderer.TestEnhancedRendererEdgeCases" name="test_invalid_framework_fallback" time="0.002" /><testcase classname="tests.test_input_types_coverage.TestDatetimeInput" name="test_datetime_input_basic_render" time="0.000" /><testcase classname="tests.test_enhanced_renderer.TestEnhancedRendererEdgeCases" name="test_render_with_none_values" time="0.001" /><testcase classname="tests.test_input_types_coverage.TestDatetimeInput" name="test_datetime_input_with_datetime_value" time="0.000" /><testcase classname="tests.test_input_types_coverage.TestDatetimeInput" name="test_datetime_input_with_min_datetime" time="0.000" /><testcase classname="tests.test_input_types_coverage.TestDatetimeInput" name="test_datetime_input_with_max_datetime" time="0.000" /><testcase classname="tests.test_input_types_coverage.TestDatetimeInput" name="test_datetime_input_get_input_type" time="0.000" /><testcase classname="tests.test_input_types_coverage.TestDatetimeInput" name="test_datetime_input_ui_element_aliases" time="0.000" /><testcase classname="tests.test_input_types_coverage.TestMonthInput" name="test_month_input_basic_render" time="0.000" /><testcase classname="tests.test_input_types_coverage.TestMonthInput" name="test_month_input_with_month_value" time="0.000" /><testcase classname="tests.test_enhanced_renderer.TestEnhancedRendererIntegration" name="test_integration_with_form_model_render_method" time="0.002" /><testcase classname="tests.test_input_types_coverage.TestMonthInput" name="test_month_input_get_input_type" time="0.000" /><testcase classname="tests.test_input_types_coverage.TestWeekInput" name="test_week_input_basic_render" time="0.000" /><testcase classname="tests.test_input_types_coverage.TestWeekInput" name="test_week_input_with_week_value" time="0.000" /><testcase classname="tests.test_input_types_coverage.TestWeekInput" name="test_week_input_get_input_type" time="0.000" /><testcase classname="tests.test_input_types_coverage.TestNumberInput" name="test_number_input_basic_render" time="0.000" /><testcase classname="tests.test_enhanced_renderer.TestEnhancedRendererIntegration" name="test_error_handling_integration" time="0.002" /><testcase classname="tests.test_input_types_coverage.TestNumberInput" name="test_number_input_with_value" time="0.000" /><testcase classname="tests.test_input_types_coverage.TestNumberInput" name="test_number_input_with_min" time="0.000" /><testcase classname="tests.test_input_types_coverage.TestNumberInput" name="test_number_input_with_max" time="0.000" /><testcase classname="tests.test_input_types_coverage.TestNumberInput" name="test_number_input_with_step" time="0.000" /><testcase classname="tests.test_input_types_coverage.TestRangeInput" name="test_range_input_basic_render" time="0.000" /><testcase classname="tests.test_input_types_coverage.TestRangeInput" name="test_range_input_with_value" time="0.000" /><testcase classname="tests.test_input_types_coverage.TestRangeInput" name="test_range_input_with_min_max" time="0.000" /><testcase classname="tests.test_input_types_coverage.TestEmailInput" name="test_email_input_basic_render" time="0.000" /><testcase classname="tests.test_enhanced_renderer.TestEnhancedRendererIntegration" name="test_complete_form_workflow" time="0.004" /><testcase classname="tests.test_input_types_coverage.TestEmailInput" name="test_email_input_with_value" time="0.000" /><testcase classname="tests.test_input_types_coverage.TestEmailInput" name="test_email_input_with_multiple" time="0.000" /><testcase classname="tests.test_input_types_coverage.TestUrlInput" name="test_url_input_basic_render" time="0.000" /><testcase classname="tests.test_fastapi_example_smoke" name="test_homepage_renders" time="0.014" /><testcase classname="tests.test_input_types_coverage.TestUrlInput" name="test_url_input_with_value" time="0.000" /><testcase classname="tests.test_input_types_coverage.TestSearchInput" name="test_search_input_basic_render" time="0.000" /><testcase classname="tests.test_input_types_coverage.TestSearchInput" name="test_search_input_with_placeholder" time="0.000" /><testcase classname="tests.test_input_types_coverage.TestFileInput" name="test_file_input_basic_render" time="0.000" /><testcase classname="tests.test_input_types_coverage.TestFileInput" name="test_file_input_with_accept" time="0.000" /><testcase classname="tests.test_input_types_coverage.TestFileInput" name="test_file_input_with_multiple" time="0.000" /><testcase classname="tests.test_input_types_coverage.TestColorInput" name="test_color_input_basic_render" time="0.000" /><testcase classname="tests.test_input_types_coverage.TestColorInput" name="test_color_input_with_value" time="0.000" /><testcase classname="tests.test_input_types_coverage.TestColorInput" name="test_color_input_default_value" time="0.000" /><testcase classname="tests.test_inputs.TestTextInputs" name="test_text_input_basic" time="0.000" /><testcase classname="tests.test_inputs.TestTextInputs" name="test_text_input_render" time="0.000" /><testcase classname="tests.test_inputs.TestTextInputs" name="test_email_input" time="0.000" /><testcase classname="tests.test_inputs.TestTextInputs" name="test_password_input" time="0.000" /><testcase classname="tests.test_inputs.TestTextInputs" name="test_textarea_input" time="0.000" /><testcase classname="tests.test_inputs.TestTextInputs" name="test_url_input" time="0.000" /><testcase classname="tests.test_inputs.TestNumericInputs" name="test_number_input_basic" time="0.000" /><testcase classname="tests.test_inputs.TestNumericInputs" name="test_number_input_with_constraints" time="0.000" /><testcase classname="tests.test_inputs.TestNumericInputs" name="test_integer_input" time="0.000" /><testcase classname="tests.test_inputs.TestNumericInputs" name="test_decimal_input" time="0.000" /><testcase classname="tests.test_inputs.TestNumericInputs" name="test_range_input" time="0.000" /><testcase classname="tests.test_inputs.TestSelectionInputs" name="test_select_input_basic" time="0.000" /><testcase classname="tests.test_inputs.TestSelectionInputs" name="test_select_input_with_groups" time="0.000" /><testcase classname="tests.test_inputs.TestSelectionInputs" name="test_checkbox_input" time="0.000" /><testcase classname="tests.test_inputs.TestSelectionInputs" name="test_radio_input" time="0.000" /><testcase classname="tests.test_field_renderer_coverage.TestFieldRendererBasicSetup" name="test_field_renderer_init" time="0.000" /><testcase classname="tests.test_field_renderer_coverage.TestFieldRendererBasicSetup" name="test_field_renderer_theme_property" time="0.000" /><testcase classname="tests.test_inputs.TestSelectionInputs" name="test_multi_select_input" time="0.000" /><testcase classname="tests.test_field_renderer_coverage.TestFieldRendererBasicSetup" name="test_field_renderer_theme_none" time="0.000" /><testcase classname="tests.test_inputs.TestDateTimeInputs" name="test_date_input" time="0.000" /><testcase classname="tests.test_inputs.TestDateTimeInputs" name="test_time_input" time="0.000" /><testcase classname="tests.test_field_renderer_coverage.TestFieldRendererHiddenFields" name="test_render_hidden_field" time="0.000" /><testcase classname="tests.test_inputs.TestDateTimeInputs" name="test_datetime_input" time="0.000" /><testcase classname="tests.test_inputs.TestSpecializedInputs" name="test_color_input" time="0.000" /><testcase classname="tests.test_field_renderer_coverage.TestFieldRendererHiddenFields" name="test_render_field_with_hidden_ui_config" time="0.000" /><testcase classname="tests.test_field_renderer_coverage.TestFieldRendererUIElementDetection" name="test_render_field_with_explicit_element" time="0.001" /><testcase classname="tests.test_field_renderer_coverage.TestFieldRendererUIElementDetection" name="test_render_field_detects_layout_element" time="0.000" /><testcase classname="tests.test_inputs.TestSpecializedInputs" name="test_file_input" time="0.000" /><testcase classname="tests.test_inputs.TestSpecializedInputs" name="test_hidden_input" time="0.000" /><testcase classname="tests.test_inputs.TestSpecializedInputs" name="test_tel_input" time="0.000" /><testcase classname="tests.test_field_renderer_coverage.TestFieldRendererUIElementDetection" name="test_render_field_detects_model_list_element" time="0.000" /><testcase classname="tests.test_field_renderer_coverage.TestFieldRendererCheckboxHandling" name="test_render_checkbox_with_true_value" time="0.000" /><testcase classname="tests.test_inputs.TestInputValidation" name="test_input_with_validation_errors" time="0.000" /><testcase classname="tests.test_inputs.TestInputValidation" name="test_input_with_custom_attributes" time="0.000" /><testcase classname="tests.test_field_renderer_coverage.TestFieldRendererCheckboxHandling" name="test_render_checkbox_with_string_true_value" time="0.000" /><testcase classname="tests.test_field_renderer_coverage.TestFieldRendererCheckboxHandling" name="test_render_checkbox_with_numeric_true_value" time="0.000" /><testcase classname="tests.test_inputs.TestInputValidation" name="test_input_disabled_state" time="0.000" /><testcase classname="tests.test_inputs.TestInputValidation" name="test_input_readonly_state" time="0.000" /><testcase classname="tests.test_inputs.TestInputIntegration" name="test_input_from_form_field" time="0.001" /><testcase classname="tests.test_field_renderer_coverage.TestFieldRendererCheckboxHandling" name="test_render_checkbox_with_on_value" time="0.000" /><testcase classname="tests.test_field_renderer_coverage.TestFieldRendererPasswordFields" name="test_render_password_field" time="0.000" /><testcase classname="tests.test_inputs.TestInputIntegration" name="test_input_with_framework_styling" time="0.000" /><testcase classname="tests.test_field_renderer_coverage.TestFieldRendererPasswordFields" name="test_render_password_field_no_value" time="0.000" /><testcase classname="tests.test_field_renderer_coverage.TestFieldRendererErrorHandling" name="test_render_field_with_error" time="0.001" /><testcase classname="tests.test_field_renderer_coverage.TestFieldRendererErrorHandling" name="test_render_field_with_all_errors_dict" time="0.000" /><testcase classname="tests.test_integration.TestGenericServerIntegrations" name="test_handle_sync_form_success" time="0.002" /><testcase classname="tests.test_field_renderer_coverage.TestFieldRendererRequiredFields" name="test_render_required_field" time="0.000" /><testcase classname="tests.test_field_renderer_coverage.TestFieldRendererRequiredFields" name="test_render_optional_field" time="0.000" /><testcase classname="tests.test_field_renderer_coverage.TestFieldRendererInputInference" name="test_infer_ui_element_from_schema" time="0.000" /><testcase classname="tests.test_integration.TestGenericServerIntegrations" name="test_handle_sync_form_errors_include_html" time="0.003" /><testcase classname="tests.test_field_renderer_coverage.TestFieldRendererInputInference" name="test_infer_textarea_for_long_string" time="0.000" /><testcase classname="tests.test_field_renderer_coverage.TestFieldRendererContextRequirement" name="test_render_field_without_context_raises" time="0.001" /><testcase classname="tests.test_field_renderer_coverage.TestFieldRendererLayoutOptions" name="test_render_field_vertical_layout" time="0.000" /><testcase classname="tests.test_integration.TestGenericServerIntegrations" name="test_handle_sync_form_initial_render" time="0.003" /><testcase classname="tests.test_field_renderer_coverage.TestFieldRendererLayoutOptions" name="test_render_field_horizontal_layout" time="0.000" /><testcase classname="tests.test_field_renderer_coverage.TestFieldRendererLayoutOptions" name="test_render_field_inline_layout" time="0.000" /><testcase classname="tests.test_field_renderer_coverage.TestFieldRendererInputClassing" name="test_get_input_class_for_text" time="0.000" /><testcase classname="tests.test_field_renderer_coverage.TestFieldRendererInputClassing" name="test_get_input_class_for_email" time="0.000" /><testcase classname="tests.test_integration.TestGenericServerIntegrations" name="test_handle_form_sync_alias" time="0.002" /><testcase classname="tests.test_field_renderer_coverage.TestFieldRendererInputClassing" name="test_get_input_class_for_checkbox" time="0.000" /><testcase classname="tests.test_field_renderer_coverage.TestFieldRendererFrameworkSpecific" name="test_render_field_bootstrap_framework" time="0.000" /><testcase classname="tests.test_field_renderer_coverage.TestFieldRendererFrameworkSpecific" name="test_render_field_material_framework" time="0.000" /><testcase classname="tests.test_field_renderer_coverage.TestFieldRendererNullValues" name="test_render_field_with_none_value" time="0.000" /><testcase classname="tests.test_integration.TestGenericServerIntegrations" name="test_handle_async_form_success" time="0.003" /><testcase classname="tests.test_field_renderer_coverage.TestFieldRendererNullValues" name="test_render_checkbox_with_none_value" time="0.000" /><testcase classname="tests.test_form_layouts_advanced.TestFormLayoutBase" name="test_form_layout_basic" time="0.000" /><testcase classname="tests.test_form_layouts_advanced.TestFormLayoutBase" name="test_form_layout_render_bootstrap" time="0.000" /><testcase classname="tests.test_integration.TestGenericServerIntegrations" name="test_handle_async_form_errors_include_html" time="0.007" /><testcase classname="tests.test_form_layouts_advanced.TestFormLayoutBase" name="test_form_layout_render_material" time="0.000" /><testcase classname="tests.test_form_layouts_advanced.TestVerticalLayout" name="test_vertical_layout_basic" time="0.000" /><testcase classname="tests.test_form_layouts_advanced.TestVerticalLayout" name="test_vertical_layout_with_forms" time="0.001" /><testcase classname="tests.test_form_layouts_advanced.TestHorizontalLayout" name="test_horizontal_layout_basic" time="0.000" /><testcase classname="tests.test_form_layouts_advanced.TestHorizontalLayout" name="test_horizontal_layout_with_style" time="0.000" /><testcase classname="tests.test_form_layouts_advanced.TestGridLayout" name="test_tabbed_layout_basic" time="0.000" /><testcase classname="tests.test_form_layouts_advanced.TestTabsLayout" name="test_tabs_layout_basic" time="0.000" /><testcase classname="tests.test_form_layouts_advanced.TestTabsLayout" name="test_tabs_layout_empty" time="0.000" /><testcase classname="tests.test_integration.TestGenericServerIntegrations" name="test_handle_async_form_initial_render" time="0.005" /><testcase classname="tests.test_form_layouts_advanced.TestListLayout" name="test_list_layout_with_model" time="0.001" /><testcase classname="tests.test_form_layouts_advanced.TestLayoutIntegration" name="test_nested_layouts" time="0.000" /><testcase classname="tests.test_form_layouts_advanced.TestLayoutIntegration" name="test_layout_with_custom_attributes" time="0.000" /><testcase classname="tests.test_form_layouts_advanced.TestLayoutIntegration" name="test_layout_render_with_custom_class" time="0.000" /><testcase classname="tests.test_form_layouts_advanced.TestLayoutValidation" name="test_layout_validate_empty" time="0.000" /><testcase classname="tests.test_form_layouts_advanced.TestLayoutValidation" name="test_layout_validate_with_data" time="0.000" /><testcase classname="tests.test_form_layouts_advanced.TestLayoutEdgeCases" name="test_layout_render_no_framework" time="0.000" /><testcase classname="tests.test_form_layouts_advanced.TestLayoutEdgeCases" name="test_layout_empty_render" time="0.000" /><testcase classname="tests.test_form_layouts_advanced.TestLayoutEdgeCases" name="test_tabbed_layout_validation" time="0.000" /><testcase classname="tests.test_integration.TestGenericServerIntegrations" name="test_handle_form_async_alias" time="0.002" /><testcase classname="tests.test_form_layouts_advanced.TestLayoutEdgeCases" name="test_tabs_layout_active_tab" time="0.000" /><testcase classname="tests.test_form_layouts_advanced.TestLayoutEdgeCases" name="test_tabbed_layout_material" time="0.000" /><testcase classname="tests.test_form_layouts_advanced.TestLayoutSerialization" name="test_layout_to_dict" time="0.000" /><testcase classname="tests.test_form_layouts_advanced.TestLayoutSerialization" name="test_layout_clone" time="0.000" /><testcase classname="tests.test_form_layouts_coverage.TestSectionDesign" name="test_section_design_basic" time="0.000" /><testcase classname="tests.test_integration_workflow.TestFormIntegration" name="test_react_json_schema_integration" time="0.002" /><testcase classname="tests.test_form_layouts_coverage.TestSectionDesign" name="test_section_design_with_description" time="0.000" /><testcase classname="tests.test_form_layouts_coverage.TestSectionDesign" name="test_section_design_with_icon" time="0.000" /><testcase classname="tests.test_integration_workflow.TestFormIntegration" name="test_json_schema_validation_integration" time="0.001" /><testcase classname="tests.test_integration_workflow.TestPerformanceWorkflow" name="test_large_form_rendering" time="0.003" /><testcase classname="tests.test_form_layouts_coverage.TestSectionDesign" name="test_section_design_collapsible" time="0.000" /><testcase classname="tests.test_form_layouts_coverage.TestSectionDesign" name="test_section_design_with_css_class" time="0.000" /><testcase classname="tests.test_form_layouts_coverage.TestSectionDesign" name="test_section_design_render_header_bootstrap" time="0.000" /><testcase classname="tests.test_integration_workflow.TestPerformanceWorkflow" name="test_dynamic_field_validation" time="0.001" /><testcase classname="tests.test_integration.TestGenericServerIntegrations" name="test_form_integration_sync_alias" time="0.003" /><testcase classname="tests.test_integration_workflow.TestPerformanceWorkflow" name="test_batch_validation" time="0.002" /><testcase classname="tests.test_integration.TestGenericServerIntegrations" name="test_form_integration_async_alias" time="0.003" /><testcase classname="tests.test_integration.TestReactJSONSchemaIntegration" name="test_react_integration_creation" time="0.000" /><testcase classname="tests.test_integration_workflow.TestErrorHandlingWorkflow" name="test_validation_error_workflow" time="0.002" /><testcase classname="tests.test_integration.TestReactJSONSchemaIntegration" name="test_react_schema_generation" time="0.002" /><testcase classname="tests.test_integration_workflow.TestErrorHandlingWorkflow" name="test_partial_form_completion" time="0.001" /><testcase classname="tests.test_integration_workflow.TestErrorHandlingWorkflow" name="test_form_recovery_workflow" time="0.002" /><testcase classname="tests.test_integration.TestReactJSONSchemaIntegration" name="test_react_ui_schema_generation" time="0.003" /><testcase classname="tests.test_layout_demo_smoke" name="test_layout_demo_bootstrap_initial_tab_renders" time="0.017" /><testcase classname="tests.test_integration.TestReactJSONSchemaIntegration" name="test_react_form_data_generation" time="0.002" /><testcase classname="tests.test_integration.TestReactJSONSchemaIntegration" name="test_react_complete_form_config" time="0.003" /><testcase classname="tests.test_integration.TestVueFormulateIntegration" name="test_vue_integration_creation" time="0.000" /><testcase classname="tests.test_integration.TestVueFormulateIntegration" name="test_vue_form_config_generation" time="0.002" /><testcase classname="tests.test_integration.TestVueFormulateIntegration" name="test_vue_validation_rules" time="0.002" /><testcase classname="tests.test_integration.TestJSONSchemaGenerator" name="test_schema_generator_creation" time="0.000" /><testcase classname="tests.test_integration.TestJSONSchemaGenerator" name="test_basic_schema_generation" time="0.002" /><testcase classname="tests.test_integration.TestJSONSchemaGenerator" name="test_field_schema_generation" time="0.000" /><testcase classname="tests.test_integration.TestJSONSchemaGenerator" name="test_complex_field_types" time="0.003" /><testcase classname="tests.test_layout_demo_smoke" name="test_layout_demo_material_initial_tab_renders" time="0.011" /><testcase classname="tests.test_integration.TestOpenAPISchemaGenerator" name="test_openapi_generator_creation" time="0.000" /><testcase classname="tests.test_integration.TestOpenAPISchemaGenerator" name="test_request_schema_generation" time="0.001" /><testcase classname="tests.test_integration.TestOpenAPISchemaGenerator" name="test_response_schema_generation" time="0.002" /><testcase classname="tests.test_integration.TestOpenAPISchemaGenerator" name="test_complete_openapi_spec" time="0.002" /><testcase classname="tests.test_integration.TestIntegrationUtilities" name="test_field_type_mapping" time="0.000" /><testcase classname="tests.test_integration.TestIntegrationUtilities" name="test_ui_element_mapping" time="0.000" /><testcase classname="tests.test_integration.TestIntegrationUtilities" name="test_validation_rule_conversion" time="0.000" /><testcase classname="tests.test_integration.TestIntegrationErrorHandling" name="test_invalid_form_model_handling" time="0.000" /><testcase classname="tests.test_integration.TestIntegrationErrorHandling" name="test_missing_framework_handling" time="0.000" /><testcase classname="tests.test_layout_demo_smoke" name="test_layout_demo_tab_buttons_present" time="0.010" /><testcase classname="tests.test_integration.TestIntegrationErrorHandling" name="test_integration_fallbacks" time="0.002" /><testcase classname="tests.test_integration_builder.TestFormBuilderInputMethods" name="test_select_input" time="0.000" /><testcase classname="tests.test_integration_builder.TestFormBuilderInputMethods" name="test_checkbox_input" time="0.000" /><testcase classname="tests.test_integration_builder.TestFormBuilderInputMethods" name="test_textarea_input" time="0.000" /><testcase classname="tests.test_integration_builder.TestFormBuilderInputMethods" name="test_textarea_input_default_rows" time="0.000" /><testcase classname="tests.test_integration_builder.TestFormBuilderInputMethods" name="test_date_input" time="0.000" /><testcase classname="tests.test_integration_builder.TestFormBuilderInputMethods" name="test_file_input" time="0.000" /><testcase classname="tests.test_integration_builder.TestFormBuilderInputMethods" name="test_file_input_with_accept" time="0.000" /><testcase classname="tests.test_integration_builder.TestFormBuilderValidation" name="test_required" time="0.000" /><testcase classname="tests.test_integration_builder.TestFormBuilderValidation" name="test_min_length" time="0.000" /><testcase classname="tests.test_integration_builder.TestFormBuilderValidation" name="test_max_length" time="0.000" /><testcase classname="tests.test_integration_builder.TestFormBuilderConfiguration" name="test_set_layout" time="0.000" /><testcase classname="tests.test_integration_builder.TestFormBuilderConfiguration" name="test_set_form_attributes" time="0.000" /><testcase classname="tests.test_integration_builder.TestFormBuilderConfiguration" name="test_disable_csrf" time="0.000" /><testcase classname="tests.test_integration_builder.TestFormBuilderConfiguration" name="test_disable_honeypot" time="0.000" /><testcase classname="tests.test_integration_builder.TestFormBuilderBuildValidate" name="test_validate_data_with_model" time="0.000" /><testcase classname="tests.test_layout_engine_coverage.TestHorizontalLayout" name="test_horizontal_layout_basic" time="0.000" /><testcase classname="tests.test_layout_engine_coverage.TestHorizontalLayout" name="test_horizontal_layout_with_gap" time="0.000" /><testcase classname="tests.test_integration_builder.TestFormBuilderBuildValidate" name="test_validate_data_without_model" time="0.000" /><testcase classname="tests.test_layout_engine_coverage.TestHorizontalLayout" name="test_horizontal_layout_with_alignment" time="0.000" /><testcase classname="tests.test_layout_engine_coverage.TestHorizontalLayout" name="test_horizontal_layout_none_content" time="0.000" /><testcase classname="tests.test_layout_engine_coverage.TestVerticalLayout" name="test_vertical_layout_basic" time="0.000" /><testcase classname="tests.test_integration_builder.TestFormBuilderBuildValidate" name="test_get_validation_script" time="0.000" /><testcase classname="tests.test_layout_engine_coverage.TestVerticalLayout" name="test_vertical_layout_with_gap" time="0.000" /><testcase classname="tests.test_layout_engine_coverage.TestVerticalLayout" name="test_vertical_layout_with_alignment" time="0.000" /><testcase classname="tests.test_integration_builder.TestAutoFormBuilder" name="test_build_from_model_basic_types" time="0.001" /><testcase classname="tests.test_layout_engine_coverage.TestTabLayout" name="test_tab_layout_basic" time="0.000" /><testcase classname="tests.test_layout_engine_coverage.TestTabLayout" name="test_tab_layout_with_renderer" time="0.000" /><testcase classname="tests.test_integration_builder.TestAutoFormBuilder" name="test_build_from_model_input_types" time="0.000" /><testcase classname="tests.test_integration_builder.TestAutoFormBuilder" name="test_get_input_type_for_field_email" time="0.000" /><testcase classname="tests.test_layout_engine_coverage.TestLayoutEngine" name="test_layout_engine_init" time="0.000" /><testcase classname="tests.test_layout_engine_coverage.TestLayoutEngine" name="test_render_layout_fields_as_tabs_empty" time="0.000" /><testcase classname="tests.test_layout_engine_coverage.TestLayoutEngine" name="test_group_fields_into_tabs" time="0.000" /><testcase classname="tests.test_integration_builder.TestAutoFormBuilder" name="test_get_input_type_for_field_password" time="0.000" /><testcase classname="tests.test_integration_builder.TestAutoFormBuilder" name="test_get_input_type_for_field_phone" time="0.000" /><testcase classname="tests.test_integration_builder.TestAutoFormBuilder" name="test_get_input_type_for_field_url" time="0.000" /><testcase classname="tests.test_integration_builder.TestAutoFormBuilder" name="test_get_input_type_for_field_textarea_fields" time="0.000" /><testcase classname="tests.test_integration_builder.TestAutoFormBuilder" name="test_get_input_type_for_field_number" time="0.000" /><testcase classname="tests.test_integration_builder.TestAutoFormBuilder" name="test_get_input_type_for_field_datetime" time="0.000" /><testcase classname="tests.test_layout_templates" name="test_tab_layout_uses_template_markup" time="0.000" /><testcase classname="tests.test_layout_templates" name="test_accordion_layout_uses_template_markup" time="0.000" /><testcase classname="tests.test_integration_builder.TestAutoFormBuilder" name="test_get_input_type_for_field_optional" time="0.000" /><testcase classname="tests.test_layouts.TestBaseLayout" name="test_base_layout_creation" time="0.000" /><testcase classname="tests.test_layouts.TestBaseLayout" name="test_base_layout_render" time="0.000" /><testcase classname="tests.test_layouts.TestBaseLayout" name="test_base_layout_with_attributes" time="0.000" /><testcase classname="tests.test_layouts.TestBaseLayout" name="test_base_layout_with_list_content" time="0.000" /><testcase classname="tests.test_layouts.TestHorizontalLayout" name="test_horizontal_layout_creation" time="0.000" /><testcase classname="tests.test_integration_builder.TestAutoFormBuilder" name="test_add_field_validation_required" time="0.001" /><testcase classname="tests.test_integration_builder.TestBuilderFactoryFunctions" name="test_create_login_form" time="0.000" /><testcase classname="tests.test_integration_builder.TestBuilderFactoryFunctions" name="test_create_login_form_framework" time="0.000" /><testcase classname="tests.test_integration_builder.TestBuilderFactoryFunctions" name="test_create_registration_form" time="0.000" /><testcase classname="tests.test_integration_builder.TestBuilderFactoryFunctions" name="test_create_registration_form_framework" time="0.000" /><testcase classname="tests.test_integration_builder.TestBuilderFactoryFunctions" name="test_create_contact_form" time="0.000" /><testcase classname="tests.test_integration_builder.TestBuilderFactoryFunctions" name="test_create_contact_form_framework" time="0.000" /><testcase classname="tests.test_layouts.TestHorizontalLayout" name="test_horizontal_layout_render" time="0.001" /><testcase classname="tests.test_layouts.TestHorizontalLayout" name="test_horizontal_layout_with_gap" time="0.000" /><testcase classname="tests.test_layouts.TestHorizontalLayout" name="test_horizontal_layout_with_alignment" time="0.000" /><testcase classname="tests.test_layouts.TestHorizontalLayout" name="test_horizontal_layout_multiple_items" time="0.000" /><testcase classname="tests.test_layouts.TestVerticalLayout" name="test_vertical_layout_creation" time="0.000" /><testcase classname="tests.test_integration_builder.TestBuilderFactoryFunctions" name="test_create_form_from_model" time="0.000" /><testcase classname="tests.test_integration_builder.TestBuilderFactoryFunctions" name="test_create_form_from_model_with_kwargs" time="0.000" /><testcase classname="tests.test_integration_workflow.TestCompleteFormWorkflow" name="test_basic_form_workflow" time="0.003" /><testcase classname="tests.test_layouts.TestVerticalLayout" name="test_vertical_layout_render" time="0.000" /><testcase classname="tests.test_layouts.TestVerticalLayout" name="test_vertical_layout_with_gap" time="0.000" /><testcase classname="tests.test_layouts.TestVerticalLayout" name="test_vertical_layout_with_alignment" time="0.000" /><testcase classname="tests.test_layouts.TestVerticalLayout" name="test_vertical_layout_multiple_items" time="0.000" /><testcase classname="tests.test_layouts.TestGridLayout" name="test_grid_layout_creation" time="0.000" /><testcase classname="tests.test_layouts.TestGridLayout" name="test_grid_layout_render" time="0.000" /><testcase classname="tests.test_layouts.TestGridLayout" name="test_grid_layout_with_columns" time="0.000" /><testcase classname="tests.test_layouts.TestGridLayout" name="test_grid_layout_with_rows" time="0.000" /><testcase classname="tests.test_layouts.TestGridLayout" name="test_grid_layout_multiple_items" time="0.000" /><testcase classname="tests.test_integration_workflow.TestCompleteFormWorkflow" name="test_form_validation_workflow" time="0.003" /><testcase classname="tests.test_layouts.TestResponsiveGridLayout" name="test_responsive_grid_creation" time="0.000" /><testcase classname="tests.test_layouts.TestResponsiveGridLayout" name="test_responsive_grid_render" time="0.000" /><testcase classname="tests.test_layouts.TestResponsiveGridLayout" name="test_responsive_grid_with_min_width" time="0.000" /><testcase classname="tests.test_layouts.TestResponsiveGridLayout" name="test_responsive_grid_multiple_items" time="0.000" /><testcase classname="tests.test_layouts.TestTabLayout" name="test_tab_layout_creation" time="0.000" /><testcase classname="tests.test_layouts.TestTabLayout" name="test_tab_layout_render" time="0.000" /><testcase classname="tests.test_integration_workflow.TestCompleteFormWorkflow" name="test_form_correction_workflow" time="0.002" /><testcase classname="tests.test_layouts.TestTabLayout" name="test_tab_layout_with_attributes" time="0.000" /><testcase classname="tests.test_layouts.TestTabLayout" name="test_tab_layout_javascript_functionality" time="0.000" /><testcase classname="tests.test_layouts.TestAccordionLayout" name="test_accordion_layout_creation" time="0.000" /><testcase classname="tests.test_layouts.TestAccordionLayout" name="test_accordion_layout_render" time="0.000" /><testcase classname="tests.test_integration_workflow.TestCompleteFormWorkflow" name="test_form_with_layout_components" time="0.002" /><testcase classname="tests.test_layouts.TestAccordionLayout" name="test_accordion_layout_expanded_sections" time="0.000" /><testcase classname="tests.test_layouts.TestAccordionLayout" name="test_accordion_layout_javascript_functionality" time="0.000" /><testcase classname="tests.test_layouts.TestModalLayout" name="test_modal_layout_creation" time="0.000" /><testcase classname="tests.test_layouts.TestModalLayout" name="test_modal_layout_render" time="0.000" /><testcase classname="tests.test_integration_workflow.TestAdvancedWorkflow" name="test_complex_form_model" time="0.002" /><testcase classname="tests.test_layouts.TestModalLayout" name="test_modal_layout_default_footer" time="0.000" /><testcase classname="tests.test_layouts.TestModalLayout" name="test_modal_layout_javascript_functionality" time="0.000" /><testcase classname="tests.test_layouts.TestCardLayout" name="test_card_layout_creation" time="0.000" /><testcase classname="tests.test_model_list_integration" name="test_material_model_list_renders_theme_wrappers" time="0.001" /><testcase classname="tests.test_integration_workflow.TestAdvancedWorkflow" name="test_form_with_file_upload" time="0.001" /><testcase classname="tests.test_integration_workflow.TestAdvancedWorkflow" name="test_conditional_field_rendering" time="0.001" /><testcase classname="tests.test_model_list_integration" name="test_task_list_renders_add_and_remove_controls" time="0.002" /><testcase classname="tests.test_model_list_integration" name="test_task_list_enforces_min_and_max_items" time="0.000" /><testcase classname="tests.test_modern_renderer.TestModernFormRenderer" name="test_renderer_initialization" time="0.000" /><testcase classname="tests.test_modern_renderer.TestModernFormRenderer" name="test_basic_form_rendering" time="0.001" /><testcase classname="tests.test_integration_workflow.TestMultiRenderer" name="test_enhanced_and_modern_renderers" time="0.003" /><testcase classname="tests.test_modern_renderer.TestModernFormRenderer" name="test_form_field_configuration" time="0.000" /><testcase classname="tests.test_modern_renderer.TestModernFormRenderer" name="test_form_field_with_options" time="0.000" /><testcase classname="tests.test_integration_workflow.TestMultiRenderer" name="test_renderer_framework_consistency" time="0.002" /><testcase classname="tests.test_modern_renderer.TestModernFormRenderer" name="test_form_field_validation" time="0.000" /><testcase classname="tests.test_modern_renderer.TestModernFormRenderer" name="test_async_rendering_support" time="0.000" /><testcase classname="tests.test_layouts.TestCardLayout" name="test_card_layout_render" time="0.000" /><testcase classname="tests.test_modern_renderer.TestModernFormRenderer" name="test_performance_rendering" time="0.000" /><testcase classname="tests.test_modern_renderer.TestModernFormRenderer" name="test_framework_compatibility" time="0.001" /><testcase classname="tests.test_modern_renderer.TestModernFormRenderer" name="test_layout_integration_basic" time="0.001" /><testcase classname="tests.test_layouts.TestCardLayout" name="test_card_layout_without_footer" time="0.000" /><testcase classname="tests.test_layouts.TestCardLayout" name="test_card_layout_with_attributes" time="0.000" /><testcase classname="tests.test_layouts.TestLayoutFactory" name="test_layout_factory_horizontal" time="0.000" /><testcase classname="tests.test_layouts.TestLayoutFactory" name="test_layout_factory_vertical" time="0.000" /><testcase classname="tests.test_layouts.TestLayoutFactory" name="test_layout_factory_grid" time="0.000" /><testcase classname="tests.test_modern_renderer.TestModernFormRenderer" name="test_input_component_integration" time="0.000" /><testcase classname="tests.test_modern_renderer.TestModernFormRenderer" name="test_custom_validation_integration" time="0.001" /><testcase classname="tests.test_layouts.TestLayoutFactory" name="test_layout_factory_responsive_grid" time="0.000" /><testcase classname="tests.test_layouts.TestLayoutFactory" name="test_layout_factory_tabs" time="0.000" /><testcase classname="tests.test_layouts.TestLayoutFactory" name="test_layout_factory_accordion" time="0.000" /><testcase classname="tests.test_layouts.TestLayoutFactory" name="test_layout_factory_modal" time="0.000" /><testcase classname="tests.test_modern_renderer.TestModernFormRenderer" name="test_error_handling" time="0.000" /><testcase classname="tests.test_layouts.TestLayoutFactory" name="test_layout_factory_card" time="0.000" /><testcase classname="tests.test_layouts.TestLayoutAlias" name="test_layout_alias_works" time="0.000" /><testcase classname="tests.test_modern_renderer.TestModernFormRenderer" name="test_html_output_safety" time="0.000" /><testcase classname="tests.test_modern_renderer.TestModernFormRenderer" name="test_accessibility_features" time="0.001" /><testcase classname="tests.test_layouts.TestLayoutAlias" name="test_layout_alias_horizontal" time="0.000" /><testcase classname="tests.test_layouts.TestLayoutAlias" name="test_layout_alias_card" time="0.000" /><testcase classname="tests.test_no_external_cdn_default" name="test_render_form_default_has_no_unpkg" time="0.001" /><testcase classname="tests.test_layouts.TestLayoutIntegration" name="test_nested_layouts" time="0.000" /><testcase classname="tests.test_layouts.TestLayoutIntegration" name="test_card_with_form_content" time="0.000" /><testcase classname="tests.test_layouts.TestLayoutIntegration" name="test_tabs_with_different_layout_content" time="0.000" /><testcase classname="tests.test_layouts.TestFormStyleLayoutSections" name="test_layout_card_uses_custom_form_style_template" time="0.000" /><testcase classname="tests.test_live_validation_coverage.TestHTMXValidationConfig" name="test_config_default_initialization" time="0.000" /><testcase classname="tests.test_live_validation_coverage.TestHTMXValidationConfig" name="test_config_custom_debounce" time="0.000" /><testcase classname="tests.test_no_external_cdn_default" name="test_render_form_cdn_mode_includes_unpkg" time="0.000" /><testcase classname="tests.test_no_external_cdn_more" name="test_render_form_page_offline_by_default" time="0.002" /><testcase classname="tests.test_no_external_cdn_more" name="test_render_form_page_cdn_opt_in_includes_bootstrap" time="0.001" /><testcase classname="tests.test_live_validation_coverage.TestHTMXValidationConfig" name="test_config_success_class" time="0.000" /><testcase classname="tests.test_live_validation_coverage.TestHTMXValidationConfig" name="test_config_error_class" time="0.000" /><testcase classname="tests.test_live_validation_coverage.TestHTMXValidationConfig" name="test_config_warning_class" time="0.000" /><testcase classname="tests.test_live_validation_coverage.TestHTMXValidationConfig" name="test_config_loading_class" time="0.000" /><testcase classname="tests.test_live_validation_coverage.TestHTMXValidationConfig" name="test_config_swap_strategy" time="0.000" /><testcase classname="tests.test_live_validation_coverage.TestHTMXValidationConfig" name="test_config_target_selector" time="0.000" /><testcase classname="tests.test_no_external_cdn_more" name="test_form_design_framework_urls_offline_by_default" time="0.000" /><testcase classname="tests.test_no_external_cdn_more" name="test_material_theme_css_has_no_google_fonts_imports" time="0.000" /><testcase classname="tests.test_plugin_hooks" name="test_register_input_class_populates_component_map" time="0.001" /><testcase classname="tests.test_live_validation_coverage.TestHTMXValidationConfig" name="test_config_validation_triggers" time="0.000" /><testcase classname="tests.test_live_validation_coverage.TestHTMXValidationConfig" name="test_config_show_feedback" time="0.000" /><testcase classname="tests.test_plugin_hooks" name="test_layout_engine_custom_renderer_is_invoked" time="0.000" /><testcase classname="tests.test_live_validation_coverage.TestLiveValidatorInit" name="test_live_validator_default_init" time="0.000" /><testcase classname="tests.test_live_validation_coverage.TestLiveValidatorInit" name="test_live_validator_custom_config" time="0.000" /><testcase classname="tests.test_rendering_integration.TestFormRenderingIntegration" name="test_render_simple_form" time="0.001" /><testcase classname="tests.test_live_validation_coverage.TestLiveValidatorInit" name="test_live_validator_has_templates" time="0.000" /><testcase classname="tests.test_live_validation_coverage.TestLiveValidatorValidators" name="test_register_validator" time="0.000" /><testcase classname="tests.test_live_validation_coverage.TestLiveValidatorValidators" name="test_register_multiple_validators" time="0.000" /><testcase classname="tests.test_live_validation_coverage.TestLiveValidatorFieldConfig" name="test_set_field_config" time="0.000" /><testcase classname="tests.test_live_validation_coverage.TestLiveValidatorFieldConfig" name="test_multiple_field_configs" time="0.000" /><testcase classname="tests.test_rendering_integration.TestFormRenderingIntegration" name="test_render_form_with_initial_data" time="0.001" /><testcase classname="tests.test_live_validation_coverage.TestLiveValidatorTemplates" name="test_validation_template_exists" time="0.000" /><testcase classname="tests.test_rendering_integration.TestFormRenderingIntegration" name="test_render_form_with_errors" time="0.001" /><testcase classname="tests.test_live_validation_coverage.TestLiveValidatorTemplates" name="test_field_template_exists" time="0.000" /><testcase classname="tests.test_live_validation_coverage.TestLiveValidatorIntegration" name="test_validator_with_custom_config_integration" time="0.000" /><testcase classname="tests.test_live_validation_coverage.TestLiveValidatorIntegration" name="test_validator_with_multiple_field_validators" time="0.000" /><testcase classname="tests.test_rendering_integration.TestFormRenderingIntegration" name="test_render_form_different_frameworks" time="0.001" /><testcase classname="tests.test_live_validation_coverage.TestHTMXValidationConfigEdgeCases" name="test_config_with_zero_debounce" time="0.000" /><testcase classname="tests.test_live_validation_coverage.TestHTMXValidationConfigEdgeCases" name="test_config_with_large_debounce" time="0.000" /><testcase classname="tests.test_rendering_integration.TestFormModelValidation" name="test_form_model_example_data" time="0.001" /><testcase classname="tests.test_live_validation_coverage.TestHTMXValidationConfigEdgeCases" name="test_config_with_custom_selectors" time="0.000" /><testcase classname="tests.test_live_validation_coverage.TestHTMXValidationConfigEdgeCases" name="test_config_with_custom_classes" time="0.000" /><testcase classname="tests.test_live_validation_coverage.TestLiveValidatorStateManagement" name="test_validator_state_persistence" time="0.000" /><testcase classname="tests.test_rendering_integration.TestFormModelValidation" name="test_form_model_json_schema" time="0.001" /><testcase classname="tests.test_live_validation_coverage.TestLiveValidatorStateManagement" name="test_validator_clear_and_rebuild" time="0.000" /><testcase classname="tests.test_live_validation_coverage.TestLiveValidatorMocking" name="test_validator_with_mock_form_data" time="0.000" /><testcase classname="tests.test_rendering_integration.TestInputTypeDetection" name="test_email_field_detection" time="0.001" /><testcase classname="tests.test_live_validation_coverage.TestLiveValidatorMocking" name="test_validator_json_serialization" time="0.001" /><testcase classname="tests.test_live_validation_coverage.TestLiveValidatorHTMLGeneration" name="test_validation_template_contains_elements" time="0.000" /><testcase classname="tests.test_rendering_integration.TestInputTypeDetection" name="test_url_field_detection" time="0.001" /><testcase classname="tests.test_live_validation_coverage.TestLiveValidatorHTMLGeneration" name="test_field_template_contains_elements" time="0.000" /><testcase classname="tests.test_rendering_integration.TestInputTypeDetection" name="test_datetime_field_detection" time="0.001" /><testcase classname="tests.test_live_validation_coverage.TestLiveValidatorConfigurationVariations" name="test_all_validation_triggers_enabled" time="0.000" /><testcase classname="tests.test_live_validation_coverage.TestLiveValidatorConfigurationVariations" name="test_all_validation_triggers_disabled" time="0.000" /><testcase classname="tests.test_live_validation_coverage.TestLiveValidatorConfigurationVariations" name="test_all_feedback_options_disabled" time="0.000" /><testcase classname="tests.test_rendering_integration.TestInputTypeDetection" name="test_boolean_field_detection" time="0.001" /><testcase classname="tests.test_model_list_integration" name="test_bootstrap_model_list_renders_theme_wrappers" time="0.001" /><testcase classname="tests.test_schema_form.TestField" name="test_field_basic_functionality" time="0.000" /><testcase classname="tests.test_schema_form_coverage.TestFormModelRenderForm" name="test_render_form_with_errors" time="0.001" /><testcase classname="tests.test_schema_form.TestField" name="test_field_ui_element_parameter" time="0.000" /><testcase classname="tests.test_schema_form.TestField" name="test_field_ui_autofocus_parameter" time="0.000" /><testcase classname="tests.test_schema_form.TestField" name="test_field_ui_options_parameter" time="0.000" /><testcase classname="tests.test_schema_form_coverage.TestFormModelRenderForm" name="test_render_form_different_framework" time="0.001" /><testcase classname="tests.test_schema_form.TestField" name="test_field_multiple_ui_parameters" time="0.000" /><testcase classname="tests.test_schema_form.TestField" name="test_field_merges_with_existing_json_schema_extra" time="0.000" /><testcase classname="tests.test_specialized_inputs_coverage.TestFileInputSpecialized" name="test_file_input_accept_single" time="0.000" /><testcase classname="tests.test_specialized_inputs_coverage.TestFileInputSpecialized" name="test_file_input_accept_multiple_types" time="0.000" /><testcase classname="tests.test_schema_form.TestField" name="test_field_none_values_not_included" time="0.000" /><testcase classname="tests.test_specialized_inputs_coverage.TestFileInputSpecialized" name="test_file_input_accept_mime_type" time="0.000" /><testcase classname="tests.test_specialized_inputs_coverage.TestFileInputSpecialized" name="test_file_input_capture_attribute" time="0.000" /><testcase classname="tests.test_schema_form.TestFormModel" name="test_form_model_basic_creation" time="0.002" /><testcase classname="tests.test_specialized_inputs_coverage.TestFileInputSpecialized" name="test_file_input_disabled" time="0.000" /><testcase classname="tests.test_specialized_inputs_coverage.TestFileInputSpecialized" name="test_file_input_readonly" time="0.000" /><testcase classname="tests.test_specialized_inputs_coverage.TestColorInputSpecialized" name="test_color_input_valid_hex" time="0.000" /><testcase classname="tests.test_specialized_inputs_coverage.TestColorInputSpecialized" name="test_color_input_short_hex" time="0.000" /><testcase classname="tests.test_schema_form.TestFormModel" name="test_form_model_validation_success" time="0.002" /><testcase classname="tests.test_specialized_inputs_coverage.TestColorInputSpecialized" name="test_color_input_disabled" time="0.000" /><testcase classname="tests.test_specialized_inputs_coverage.TestColorInputSpecialized" name="test_color_input_with_list" time="0.000" /><testcase classname="tests.test_specialized_inputs_coverage.TestTelephoneInput" name="test_phone_input_basic" time="0.000" /><testcase classname="tests.test_schema_form.TestFormModel" name="test_form_model_validation_failures" time="0.002" /><testcase classname="tests.test_specialized_inputs_coverage.TestHiddenInputSpecialized" name="test_hidden_input_basic" time="0.000" /><testcase classname="tests.test_specialized_inputs_coverage.TestHiddenInputSpecialized" name="test_hidden_input_with_value" time="0.000" /><testcase classname="tests.test_specialized_inputs_coverage.TestHiddenInputSpecialized" name="test_hidden_input_multiple_values" time="0.000" /><testcase classname="tests.test_specialized_inputs_coverage.TestSubmitButton" name="test_submit_button_basic" time="0.000" /><testcase classname="tests.test_schema_form.TestFormModel" name="test_form_model_render_form_method" time="0.002" /><testcase classname="tests.test_schema_form.TestFormModel" name="test_form_model_render_form_with_framework" time="0.002" /><testcase classname="tests.test_specialized_inputs_coverage.TestSubmitButton" name="test_submit_button_with_name" time="0.000" /><testcase classname="tests.test_specialized_inputs_coverage.TestSubmitButton" name="test_submit_button_with_class" time="0.000" /><testcase classname="tests.test_specialized_inputs_coverage.TestSubmitButton" name="test_submit_button_disabled" time="0.000" /><testcase classname="tests.test_specialized_inputs_coverage.TestResetButton" name="test_reset_button_basic" time="0.000" /><testcase classname="tests.test_specialized_inputs_coverage.TestResetButton" name="test_reset_button_with_name" time="0.000" /><testcase classname="tests.test_schema_form.TestFormModel" name="test_form_model_render_form_with_submit_url" time="0.002" /><testcase classname="tests.test_specialized_inputs_coverage.TestResetButton" name="test_reset_button_with_style" time="0.000" /><testcase classname="tests.test_specialized_inputs_coverage.TestButtonInput" name="test_button_input_basic" time="0.000" /><testcase classname="tests.test_specialized_inputs_coverage.TestButtonInput" name="test_button_input_with_onclick" time="0.000" /><testcase classname="tests.test_specialized_inputs_coverage.TestButtonInput" name="test_button_input_with_form" time="0.000" /><testcase classname="tests.test_specialized_inputs_coverage.TestDatalistInput" name="test_image_input_basic" time="0.000" /><testcase classname="tests.test_schema_form.TestFormModel" name="test_form_model_with_complex_fields" time="0.003" /><testcase classname="tests.test_specialized_inputs_coverage.TestDatalistInput" name="test_image_input_with_src" time="0.000" /><testcase classname="tests.test_specialized_inputs_coverage.TestSpecializedInputsIntegration" name="test_file_and_color_together" time="0.000" /><testcase classname="tests.test_specialized_inputs_coverage.TestSpecializedInputsIntegration" name="test_telephone_and_hidden_together" time="0.000" /><testcase classname="tests.test_specialized_inputs_coverage.TestSpecializedInputsIntegration" name="test_all_button_types" time="0.000" /><testcase classname="tests.test_specialized_inputs_coverage.TestSpecializedInputsAttributes" name="test_file_input_form_attribute" time="0.001" /><testcase classname="tests.test_specialized_inputs_coverage.TestSpecializedInputsAttributes" name="test_color_input_required" time="0.001" /><testcase classname="tests.test_schema_form.TestFormModel" name="test_form_model_optional_fields" time="0.004" /><testcase classname="tests.test_specialized_inputs_coverage.TestSpecializedInputsAttributes" name="test_tel_input_autocomplete" time="0.000" /><testcase classname="tests.test_specialized_inputs_coverage.TestSpecializedInputsAttributes" name="test_hidden_input_immutability" time="0.000" /><testcase classname="tests.test_specialized_inputs_coverage.TestSpecializedInputsEdgeCases" name="test_file_input_empty_accept" time="0.000" /><testcase classname="tests.test_schema_form.TestFormModel" name="test_form_model_field_extraction" time="0.002" /><testcase classname="tests.test_specialized_inputs_coverage.TestSpecializedInputsEdgeCases" name="test_color_input_invalid_hex" time="0.000" /><testcase classname="tests.test_specialized_inputs_coverage.TestSpecializedInputsEdgeCases" name="test_telephone_input_no_pattern" time="0.000" /><testcase classname="tests.test_schema_form.TestFormModel" name="test_form_model_ui_element_extraction" time="0.002" /><testcase classname="tests.test_specialized_inputs_coverage.TestSpecializedInputsEdgeCases" name="test_submit_button_no_value" time="0.000" /><testcase classname="tests.test_specialized_inputs_coverage.TestSpecializedInputsEdgeCases" name="test_datalist_empty_options" time="0.001" /><testcase classname="tests.test_templates_coverage.TestTemplateStringUtilities" name="test_create_custom_template" time="0.000" /><testcase classname="tests.test_templates_coverage.TestTemplateStringUtilities" name="test_validate_template_variables_all_provided" time="0.000" /><testcase classname="tests.test_templates_coverage.TestTemplateStringUtilities" name="test_validate_template_variables_missing" time="0.000" /><testcase classname="tests.test_schema_form.TestFormModelIntegration" name="test_form_model_with_bootstrap_framework" time="0.002" /><testcase classname="tests.test_templates_coverage.TestTemplateStringUtilities" name="test_validate_template_variables_none_provided" time="0.000" /><testcase classname="tests.test_templates_coverage.TestTemplateStringUtilities" name="test_validate_template_variables_extra_provided" time="0.000" /><testcase classname="tests.test_templates_coverage.TestTemplateStringUtilities" name="test_safe_render_with_missing_vars" time="0.000" /><testcase classname="tests.test_templates_coverage.TestTemplateStringUtilities" name="test_safe_render_with_all_vars" time="0.000" /><testcase classname="tests.test_schema_form.TestFormModelIntegration" name="test_form_model_with_material_framework" time="0.002" /><testcase classname="tests.test_templates_coverage.TestTemplateStringUtilities" name="test_template_cache_reuse" time="0.000" /><testcase classname="tests.test_templates_coverage.TestTemplateStringUtilities" name="test_template_with_none_value" time="0.000" /><testcase classname="tests.test_templates_coverage.TestTemplateStringUtilities" name="test_template_with_bool_value" time="0.000" /><testcase classname="tests.test_templates_coverage.TestTemplateStringUtilities" name="test_template_with_numeric_value" time="0.000" /><testcase classname="tests.test_theme_hooks" name="test_tab_layout_uses_theme_assets" time="0.000" /><testcase classname="tests.test_schema_form.TestFormModelIntegration" name="test_form_model_with_error_handling" time="0.002" /><testcase classname="tests.test_theme_hooks" name="test_accordion_layout_uses_theme_assets" time="0.000" /><testcase classname="tests.test_theme_hooks" name="test_model_list_renderer_delegates_container_to_theme" time="0.000" /><testcase classname="tests.test_theme_hooks" name="test_model_list_uses_form_style_templates" time="0.000" /><testcase classname="tests.test_theme_hooks" name="test_model_list_respects_custom_form_style_templates" time="0.001" /><testcase classname="tests.test_schema_form.TestFormModelIntegration" name="test_form_model_with_initial_data" time="0.002" /><testcase classname="tests.test_theme_hooks" name="test_tab_layout_uses_form_style_templates" time="0.000" /><testcase classname="tests.test_schema_form_coverage.TestFormValidator" name="test_form_validator_decorator_basic" time="0.000" /><testcase classname="tests.test_schema_form_coverage.TestFieldFunction" name="test_field_with_ui_element" time="0.000" /><testcase classname="tests.test_theme_hooks" name="test_accordion_layout_uses_form_style_templates" time="0.000" /><testcase classname="tests.test_validation_consolidation.TestConsolidatedValidationEngine" name="test_validation_response_in_validation_module" time="0.000" /><testcase classname="tests.test_schema_form_coverage.TestFieldFunction" name="test_field_with_ui_section" time="0.000" /><testcase classname="tests.test_validation_consolidation.TestConsolidatedValidationEngine" name="test_validation_response_in_live_validation_module" time="0.000" /><testcase classname="tests.test_schema_form_coverage.TestFieldFunction" name="test_field_with_order" time="0.000" /><testcase classname="tests.test_validation_consolidation.TestConsolidatedValidationEngine" name="test_email_validator_from_validation_module" time="0.000" /><testcase classname="tests.test_schema_form_coverage.TestFieldFunction" name="test_field_with_help_text" time="0.000" /><testcase classname="tests.test_schema_form_coverage.TestFieldFunction" name="test_field_combines_with_json_schema_extra" time="0.000" /><testcase classname="tests.test_validation_consolidation.TestConsolidatedValidationEngine" name="test_password_validator_from_validation_module" time="0.000" /><testcase classname="tests.test_schema_form_coverage.TestFieldFunction" name="test_field_with_callable_json_schema_extra" time="0.000" /><testcase classname="tests.test_schema_form_coverage.TestFormModelGetJsonSchema" name="test_get_json_schema_basic" time="0.002" /><testcase classname="tests.test_validation_consolidation.TestConsolidatedValidationEngine" name="test_email_validator_from_live_validation_module" time="0.000" /><testcase classname="tests.test_validation_consolidation.TestConsolidatedValidationEngine" name="test_field_validator_with_live_registration" time="0.000" /><testcase classname="tests.test_validation_consolidation.TestConsolidatedValidationEngine" name="test_validation_schema_build_live_validator" time="0.001" /><testcase classname="tests.test_schema_form_coverage.TestFormModelGetJsonSchema" name="test_get_json_schema_string_constraints" time="0.001" /><testcase classname="tests.test_validation_consolidation.TestConsolidatedValidationEngine" name="test_validation_response_serialization" time="0.000" /><testcase classname="tests.test_validation_consolidation.TestConsolidatedValidationEngine" name="test_cross_framework_consistency" time="0.000" /><testcase classname="tests.test_schema_form_coverage.TestFormModelGetJsonSchema" name="test_get_json_schema_number_constraints" time="0.001" /><testcase classname="tests.test_validation_consolidation.TestConsolidatedValidationEngine" name="test_field_validator_schema_to_live_validator_flow" time="0.000" /><testcase classname="tests.test_validation_coverage.TestValidationResponse" name="test_validation_response_valid" time="0.000" /><testcase classname="tests.test_validation_coverage.TestValidationResponse" name="test_validation_response_with_errors" time="0.000" /><testcase classname="tests.test_schema_form_coverage.TestFormModelGetJsonSchema" name="test_get_json_schema_enum" time="0.001" /><testcase classname="tests.test_validation_coverage.TestValidationResponse" name="test_validation_response_to_dict" time="0.000" /><testcase classname="tests.test_validation_coverage.TestValidationResponse" name="test_validation_response_to_json" time="0.000" /><testcase classname="tests.test_schema_form_coverage.TestFormModelExtractUiInfo" name="test_extract_ui_info_with_dict_extra" time="0.000" /><testcase classname="tests.test_validation_coverage.TestValidationResponse" name="test_validation_response_with_suggestions" time="0.000" /><testcase classname="tests.test_validation_coverage.TestValidationRules" name="test_required_rule_valid" time="0.000" /><testcase classname="tests.test_schema_form_coverage.TestFormModelExtractUiInfo" name="test_extract_ui_info_with_callable_extra" time="0.001" /><testcase classname="tests.test_validation_coverage.TestValidationRules" name="test_required_rule_empty_string" time="0.000" /><testcase classname="tests.test_schema_form_coverage.TestFormModelExtractUiInfo" name="test_extract_ui_info_no_extra" time="0.000" /><testcase classname="tests.test_validation_coverage.TestValidationRules" name="test_required_rule_none" time="0.000" /><testcase classname="tests.test_schema_form_coverage.TestFormModelGetExampleFormData" name="test_get_example_form_data_basic_types" time="0.001" /><testcase classname="tests.test_validation_coverage.TestValidationRules" name="test_required_rule_custom_message" time="0.000" /><testcase classname="tests.test_schema_form_coverage.TestFormModelGetExampleFormData" name="test_get_example_form_data_unknown_type" time="0.001" /><testcase classname="tests.test_validation_coverage.TestValidationRules" name="test_required_rule_get_client_validation" time="0.000" /><testcase classname="tests.test_validation_coverage.TestValidationRules" name="test_required_rule_get_client_validation_empty" time="0.000" /><testcase classname="tests.test_validation_coverage.TestValidationRules" name="test_email_rule_valid" time="0.000" /><testcase classname="tests.test_schema_form_coverage.TestValidationResult" name="test_validation_result_valid" time="0.000" /><testcase classname="tests.test_schema_form_coverage.TestValidationResult" name="test_validation_result_invalid" time="0.000" /><testcase classname="tests.test_validation_coverage.TestValidationRules" name="test_email_rule_invalid" time="0.000" /><testcase classname="tests.test_validation_coverage.TestValidati
[...]
ngeRule" name="test_date_range_min_date_invalid" time="0.000" /><testcase classname="tests.test_validation_rules.TestRequiredRule" name="test_required_invalid_whitespace" time="0.000" /><testcase classname="tests.test_validation_extended.TestDateRangeRule" name="test_date_range_max_date_valid" time="0.000" /><testcase classname="tests.test_validation_extended.TestDateRangeRule" name="test_date_range_max_date_invalid" time="0.000" /><testcase classname="tests.test_validation_extended.TestDateRangeRule" name="test_date_range_both_bounds_valid" time="0.000" /><testcase classname="tests.test_validation_extended.TestDateRangeRule" name="test_date_range_both_bounds_below_min" time="0.000" /><testcase classname="tests.test_validation_extended.TestDateRangeRule" name="test_date_range_both_bounds_above_max" time="0.000" /><testcase classname="tests.test_validation_extended.TestDateRangeRule" name="test_date_range_empty_value" time="0.000" /><testcase classname="tests.test_validation_extended.TestDateRangeRule" name="test_date_range_none_value" time="0.000" /><testcase classname="tests.test_validation_extended.TestDateRangeRule" name="test_date_range_date_object" time="0.000" /><testcase classname="tests.test_validation_extended.TestDateRangeRule" name="test_date_range_invalid_format" time="0.000" /><testcase classname="tests.test_validation_extended.TestDateRangeRule" name="test_date_range_wrong_type" time="0.000" /><testcase classname="tests.test_validation_extended.TestDateRangeRule" name="test_date_range_custom_message" time="0.000" /><testcase classname="tests.test_validation_extended.TestDateRangeRule" name="test_date_range_descriptor_with_dates" time="0.000" /><testcase classname="tests.test_validation_extended.TestDateRangeRule" name="test_date_range_descriptor_min_only" time="0.000" /><testcase classname="tests.test_validation_rules.TestRequiredRule" name="test_client_validation" time="0.000" /><testcase classname="tests.test_validation_rules.TestRequiredRule" name="test_descriptor" time="0.000" /><testcase classname="tests.test_validation_rules.TestMinLengthRule" name="test_min_length_valid" time="0.000" /><testcase classname="tests.test_validation_rules.TestMinLengthRule" name="test_min_length_invalid" time="0.000" /><testcase classname="tests.test_validation_rules.TestMinLengthRule" name="test_min_length_exact" time="0.000" /><testcase classname="tests.test_validation_rules.TestMinLengthRule" name="test_descriptor" time="0.000" /><testcase classname="tests.test_validation_rules.TestMaxLengthRule" name="test_max_length_valid" time="0.000" /><testcase classname="tests.test_validation_rules.TestMaxLengthRule" name="test_max_length_invalid" time="0.000" /><testcase classname="tests.test_validation_rules.TestMaxLengthRule" name="test_max_length_exact" time="0.000" /><testcase classname="tests.test_validation_rules.TestMaxLengthRule" name="test_descriptor" time="0.000" /><testcase classname="tests.test_validation_rules.TestRegexRule" name="test_pattern_valid" time="0.000" /><testcase classname="tests.test_validation_rules.TestRegexRule" name="test_pattern_invalid" time="0.000" /><testcase classname="tests.test_validation_extended.TestCustomRule" name="test_custom_rule_bool_return" time="0.000" /><testcase classname="tests.test_validation_rules.TestRegexRule" name="test_pattern_email_like" time="0.000" /><testcase classname="tests.test_validation_rules.TestRegexRule" name="test_descriptor" time="0.000" /><testcase classname="tests.test_validation_rules.TestNumericRangeRule" name="test_range_invalid" time="0.000" /><testcase classname="tests.test_validation_rules.TestNumericRangeRule" name="test_min_value_valid" time="0.000" /><testcase classname="tests.test_validation_rules.TestNumericRangeRule" name="test_min_value_invalid" time="0.000" /><testcase classname="tests.test_validation_rules.TestNumericRangeRule" name="test_non_numeric_value" time="0.000" /><testcase classname="tests.test_validation_rules.TestNumericRangeRule" name="test_client_validation" time="0.000" /><testcase classname="tests.test_validation_rules.TestNumericRangeRule" name="test_descriptor" time="0.000" /><testcase classname="tests.test_validation_rules.TestNumericRangeRule" name="test_max_value_valid" time="0.000" /><testcase classname="tests.test_validation_rules.TestNumericRangeRule" name="test_max_value_invalid" time="0.000" /><testcase classname="tests.test_validation_rules.TestPhoneRule" name="test_valid_phone_numbers" time="0.000" /><testcase classname="tests.test_validation_rules.TestPhoneRule" name="test_descriptor" time="0.000" /><testcase classname="tests.test_validation_rules.TestEmailRule" name="test_valid_emails" time="0.000" /><testcase classname="tests.test_validation_rules.TestEmailRule" name="test_invalid_emails" time="0.000" /><testcase classname="tests.test_validation_rules.TestEmailRule" name="test_descriptor" time="0.000" /><testcase classname="tests.test_validation_rules.TestDateRangeRule" name="test_min_date_valid" time="0.000" /><testcase classname="tests.test_validation_rules.TestDateRangeRule" name="test_min_date_invalid" time="0.000" /><testcase classname="tests.test_validation_rules.TestDateRangeRule" name="test_max_date_valid" time="0.000" /><testcase classname="tests.test_validation_rules.TestDateRangeRule" name="test_max_date_invalid" time="0.000" /><testcase classname="tests.test_validation_rules.TestDateRangeRule" name="test_date_range_valid" time="0.000" /><testcase classname="tests.test_validation_rules.TestDateRangeRule" name="test_date_range_invalid" time="0.000" /><testcase classname="tests.test_validation_rules.TestNumericRangeRule" name="test_range_valid" time="0.000" /><testcase classname="tests.test_validation_rules.TestDateRangeRule" name="test_client_validation" time="0.000" /><testcase classname="tests.test_validation_rules.TestDateRangeRule" name="test_descriptor" time="0.000" /><testcase classname="tests.test_validation_rules.TestConvenienceValidators" name="test_create_email_validator" time="0.000" /><testcase classname="tests.test_validation_rules.TestConvenienceValidators" name="test_create_email_validator_invalid" time="0.000" /><testcase classname="tests.test_validation_rules.TestConvenienceValidators" name="test_create_password_strength_validator" time="0.000" /><testcase classname="tests.test_validation_rules.TestValidateFormData" name="test_validate_simple_form" time="0.001" /><testcase classname="tests.test_validation_rules.TestValidateFormData" name="test_validate_form_with_errors" time="0.001" /><testcase classname="tests.test_validation_rules.TestValidateFormData" name="test_validate_form_missing_required" time="0.001" /><testcase classname="tests.test_validation_rules.TestDateRangeRule" name="test_non_date_value" time="0.000" /><testcase classname="tests.test_vendor_assets_coverage.TestProjectRoot" name="test_project_root_returns_path" time="0.000" /><testcase classname="tests.test_validation_rules.TestValidateFormData" name="test_validate_form_with_optional" time="0.001" /><testcase classname="tests.test_validation_schema" name="test_field_validator_schema_descriptors" time="0.000" /><testcase classname="tests.test_vendor_assets_coverage.TestProjectRoot" name="test_project_root_contains_pydantic_schemaforms" time="0.000" /><testcase classname="tests.test_vendor_assets_coverage.TestManifestPath" name="test_manifest_path_returns_path" time="0.000" /><testcase classname="tests.test_vendor_assets_coverage.TestManifestPath" name="test_manifest_path_contains_vendor_manifest" time="0.000" /><testcase classname="tests.test_vendor_assets_coverage.TestSha256Functions" name="test_sha256_bytes_empty" time="0.000" /><testcase classname="tests.test_vendor_assets_coverage.TestSha256Functions" name="test_sha256_bytes_hello_world" time="0.000" /><testcase classname="tests.test_vendor_assets_coverage.TestSha256Functions" name="test_sha256_bytes_returns_hex_string" time="0.000" /><testcase classname="tests.test_vendor_assets_coverage.TestSha256Functions" name="test_sha256_file" time="0.001" /><testcase classname="tests.test_validation_schema" name="test_validation_schema_registration_and_live_execution" time="0.001" /><testcase classname="tests.test_validation_schema" name="test_live_validator_direct_field_registration" time="0.000" /><testcase classname="tests.test_vendor_assets_coverage.TestVendoredFile" name="test_vendored_file_creation" time="0.000" /><testcase classname="tests.test_vendor_assets_coverage.TestEnsureParentDir" name="test_ensure_parent_dir_creates_parents" time="0.001" /><testcase classname="tests.test_vendor_assets_coverage.TestEnsureParentDir" name="test_ensure_parent_dir_with_existing_dir" time="0.000" /><testcase classname="tests.test_vendor_assets_coverage.TestUpsertAssetEntry" name="test_upsert_asset_entry_adds_new" time="0.000" /><testcase classname="tests.test_vendor_assets_coverage.TestVendoredFile" name="test_vendored_file_frozen" time="0.001" /><testcase classname="tests.test_vendor_assets_coverage.TestUpsertAssetEntry" name="test_upsert_asset_entry_preserves_other_assets" time="0.000" /><testcase classname="tests.test_vendor_assets_coverage.TestUpsertAssetEntry" name="test_upsert_asset_entry_with_empty_manifest" time="0.000" /><testcase classname="tests.test_vendor_assets_coverage.TestEnvTruthy" name="test_env_truthy_with_one" time="0.001" /><testcase classname="tests.test_vendor_assets_coverage.TestUpsertAssetEntry" name="test_upsert_asset_entry_updates_existing" time="0.000" /><testcase classname="tests.test_vendor_assets_coverage.TestEnvTruthy" name="test_env_truthy_with_empty_string" time="0.000" /><testcase classname="tests.test_vendor_assets_coverage.TestEnvTruthy" name="test_env_truthy_with_true" time="0.000" /><testcase classname="tests.test_vendor_assets_coverage.TestEnvTruthy" name="test_env_truthy_with_unset_var" time="0.000" /><testcase classname="tests.test_vendor_assets_coverage.TestEnvTruthy" name="test_env_truthy_with_uppercase_true" time="0.000" /><testcase classname="tests.test_vendor_assets_coverage.TestEnvTruthy" name="test_env_truthy_with_yes" time="0.000" /><testcase classname="tests.test_vendor_assets_coverage.TestEnvTruthy" name="test_env_truthy_with_whitespace" time="0.000" /><testcase classname="tests.test_vendor_assets_coverage.TestSafeMemberBytesFromTgz" name="test_extract_file_with_package_prefix" time="0.005" /><testcase classname="tests.test_vendor_assets_coverage.TestEnvTruthy" name="test_env_truthy_with_uppercase_yes" time="0.000" /><testcase classname="tests.test_vendor_assets_coverage.TestEnvTruthy" name="test_env_truthy_with_on" time="0.000" /><testcase classname="tests.test_vendor_assets_coverage.TestEnvTruthy" name="test_env_truthy_with_uppercase_on" time="0.000" /><testcase classname="tests.test_vendor_assets_coverage.TestEnvTruthy" name="test_env_truthy_with_zero" time="0.000" /><testcase classname="tests.test_vendor_assets_coverage.TestSafeMemberBytesFromTgz" name="test_extract_file_without_prefix" time="0.001" /><testcase classname="tests.test_vendor_assets_coverage.TestEnvTruthy" name="test_env_truthy_with_false" time="0.001" /><testcase classname="tests.test_vendor_assets_coverage.TestWriteVendoredFile" name="test_write_vendored_file_creates_correct_path" time="0.001" /><testcase classname="tests.test_vendor_assets_coverage.TestSafeMemberBytesFromTgz" name="test_extract_file_with_explicit_package_prefix" time="0.000" /><testcase classname="tests.test_vendor_assets_coverage.TestSafeMemberBytesFromTgz" name="test_extract_missing_file_raises_error" time="0.000" /><testcase classname="tests.test_vendor_assets_coverage.TestSafeMemberBytesFromTgz" name="test_extract_directory_raises_error" time="0.001" /><testcase classname="tests.test_vendor_assets_network_mocked.TestHttpGetBytes" name="test_http_get_bytes_returns_bytes" time="0.001" /><testcase classname="tests.test_vendor_assets_coverage.TestWriteVendoredFile" name="test_write_vendored_file" time="0.001" /><testcase classname="tests.test_vendor_assets_network_mocked.TestHttpGetBytes" name="test_http_get_bytes_custom_user_agent" time="0.001" /><testcase classname="tests.test_vendor_assets_network_mocked.TestNpmPackageMetadata" name="test_npm_package_metadata_not_dict_raises" time="0.001" /><testcase classname="tests.test_vendor_assets_network_mocked.TestLatestHtmxVersion" name="test_latest_htmx_version_with_v_prefix" time="0.000" /><testcase classname="tests.test_vendor_assets_network_mocked.TestLatestNpmVersion" name="test_latest_npm_version_returns_latest" time="0.000" /><testcase classname="tests.test_vendor_assets_network_mocked.TestLatestNpmVersion" name="test_latest_npm_version_strips_whitespace" time="0.000" /><testcase classname="tests.test_vendor_assets_network_mocked.TestLatestHtmxVersion" name="test_latest_htmx_version_without_v_prefix" time="0.000" /><testcase classname="tests.test_vendor_assets_network_mocked.TestLatestNpmVersion" name="test_latest_npm_version_missing_dist_tags_raises" time="0.000" /><testcase classname="tests.test_vendor_assets_network_mocked.TestLatestHtmxVersion" name="test_latest_htmx_version_with_whitespace" time="0.000" /><testcase classname="tests.test_vendor_assets_network_mocked.TestLatestHtmxVersion" name="test_latest_htmx_version_empty_tag" time="0.000" /><testcase classname="tests.test_vendor_assets_network_mocked.TestLatestNpmVersion" name="test_latest_npm_version_dist_tags_not_dict_raises" time="0.000" /><testcase classname="tests.test_vendor_assets_network_mocked.TestLatestNpmVersion" name="test_latest_npm_version_missing_latest_raises" time="0.000" /><testcase classname="tests.test_vendor_assets_network_mocked.TestNpmPackageMetadata" name="test_npm_package_metadata_returns_dict" time="0.001" /><testcase classname="tests.test_vendor_assets_network_mocked.TestNpmTarballUrl" name="test_npm_tarball_url_returns_url" time="0.000" /><testcase classname="tests.test_vendor_assets_network_mocked.TestLatestNpmVersion" name="test_latest_npm_version_empty_latest_raises" time="0.001" /><testcase classname="tests.test_vendor_assets_network_mocked.TestNpmTarballUrl" name="test_npm_tarball_url_strips_whitespace" time="0.000" /><testcase classname="tests.test_vendor_assets_network_mocked.TestNpmTarballUrl" name="test_npm_tarball_url_missing_version_raises" time="0.000" /><testcase classname="tests.test_vendor_assets_network_mocked.TestNpmTarballUrl" name="test_npm_tarball_url_dist_not_dict_raises" time="0.000" /><testcase classname="tests.test_vendor_assets_network_mocked.TestNpmTarballUrl" name="test_npm_tarball_url_missing_tarball_raises" time="0.000" /><testcase classname="tests.test_vendor_assets_network_mocked.TestNpmTarballUrl" name="test_npm_tarball_url_versions_not_dict_raises" time="0.000" /><testcase classname="tests.test_vendor_assets_network_mocked.TestNpmTarballUrl" name="test_npm_tarball_url_empty_tarball_raises" time="0.000" /><testcase classname="tests.test_vendor_assets_network_mocked.TestNpmTarballUrl" name="test_npm_tarball_url_version_meta_not_dict_raises" time="0.000" /><testcase classname="tests.test_vendor_assets_network_mocked.TestVendorHtmx" name="test_vendor_htmx_with_explicit_version" time="0.001" /><testcase classname="tests.test_vendor_assets_network_mocked.TestVendorHtmx" name="test_vendor_htmx_without_version_fetches_latest" time="0.001" /><testcase classname="tests.test_vendor_assets_network_mocked.TestNpmTarballUrl" name="test_npm_tarball_url_missing_dist_raises" time="0.000" /><testcase classname="tests.test_vendor_assets_network_mocked.TestVendorHtmx" name="test_vendor_htmx_sets_schema_version" time="0.001" /><testcase classname="tests.test_vendor_assets_network_mocked.TestVendorImask" name="test_vendor_imask_with_explicit_version" time="0.001" /><testcase classname="tests.test_vendor_assets_remaining.TestVendorMaterialize" name="test_vendor_materialize_tries_license_md_fallback" time="0.001" /><testcase classname="tests.test_vendor_assets_network_mocked.TestVendorImask" name="test_vendor_imask_without_version_fetches_latest" time="0.001" /><testcase classname="tests.test_vendor_assets_remaining.TestVendorMaterialize" name="test_vendor_materialize_sets_schema_version" time="0.001" /><testcase classname="tests.test_vendor_assets_network_mocked.TestVendorImask" name="test_vendor_imask_tries_license_md_fallback" time="0.001" /><testcase classname="tests.test_vendor_assets_network_mocked.TestVendorImask" name="test_vendor_imask_sets_schema_version" time="0.001" /><testcase classname="tests.test_vendor_assets_remaining.TestVendorBootstrap" name="test_vendor_bootstrap_extracts_from_zip" time="0.003" /><testcase classname="tests.test_vendor_assets_remaining.TestVendorMaterialize" name="test_vendor_materialize_with_license" time="0.001" /><testcase classname="tests.test_vendor_assets_remaining.TestVendorBootstrap" name="test_vendor_bootstrap_missing_js_raises" time="0.003" /><testcase classname="tests.test_vendor_assets_remaining.TestVendorBootstrap" name="test_vendor_bootstrap_missing_css_raises" time="0.001" /><testcase classname="tests.test_vendor_assets_remaining.TestVerifyManifestFiles" name="test_verify_manifest_files_schema_version_not_int_raises" time="0.000" /><testcase classname="tests.test_vendor_assets_remaining.TestVerifyManifestFiles" name="test_verify_manifest_files_missing_assets_raises" time="0.001" /><testcase classname="tests.test_vendor_assets_remaining.TestVendorBootstrap" name="test_vendor_bootstrap_sets_schema_version" time="0.001" /><testcase classname="tests.test_vendor_assets_remaining.TestVerifyManifestFiles" name="test_verify_manifest_files_valid" time="0.001" /><testcase classname="tests.test_vendor_assets_remaining.TestVerifyManifestFiles" name="test_verify_manifest_files_assets_not_list_raises" time="0.000" /><testcase classname="tests.test_vendor_assets_remaining.TestVerifyManifestFiles" name="test_verify_manifest_files_require_nonempty_empty_raises" time="0.000" /><testcase classname="tests.test_vendor_assets_remaining.TestVerifyManifestFiles" name="test_verify_manifest_files_asset_not_dict_raises" time="0.000" /><testcase classname="tests.test_vendor_assets_remaining.TestVerifyManifestFiles" name="test_verify_manifest_files_missing_schema_version_raises" time="0.001" /><testcase classname="tests.test_vendor_assets_remaining.TestVerifyManifestFiles" name="test_verify_manifest_files_missing_files_list_raises" time="0.000" /><testcase classname="tests.test_vendor_assets_remaining.TestVerifyManifestFiles" name="test_verify_manifest_files_file_entry_not_dict_raises" time="0.001" /><testcase classname="tests.test_vendor_assets_remaining.TestVerifyManifestFiles" name="test_verify_manifest_files_files_not_list_raises" time="0.000" /><testcase classname="tests.test_vendor_assets_remaining.TestVerifyManifestFiles" name="test_verify_manifest_files_empty_path_raises" time="0.001" /><testcase classname="tests.test_vendor_assets_remaining.TestVerifyManifestFiles" name="test_verify_manifest_files_missing_path_raises" time="0.001" /><testcase classname="tests.test_vendor_assets_remaining.TestVerifyManifestFiles" name="test_verify_manifest_files_missing_sha256_raises" time="0.000" /><testcase classname="tests.test_vendor_assets_remaining.TestVerifyManifestFiles" name="test_verify_manifest_files_sha256_wrong_length_raises" time="0.001" /><testcase classname="tests.test_vendor_assets_remaining.TestVerifyManifestFiles" name="test_verify_manifest_files_file_not_exists_raises" time="0.002" /><testcase classname="tests.test_vendor_assets_remaining.TestVerifyManifestFiles" name="test_verify_manifest_files_sha256_mismatch_raises" time="0.002" /><testcase classname="tests.test_vendor_assets_scaffolding" name="test_vendor_manifest_exists_and_has_expected_shape" time="0.000" /><testcase classname="tests.test_vendor_assets_scaffolding" name="test_vendor_assets_dir_exists" time="0.000" /><testcase classname="tests.test_vendor_assets_scaffolding" name="test_vendor_manifest_checksums_verify" time="0.001" /></testsuite></testsuites>