<?xml version="1.0" encoding="utf-8"?><testsuites name="pytest tests"><testsuite name="pytest" errors="0" failures="0" skipped="0" tests="24" time="1.253" timestamp="2026-01-02T21:58:43.636007+00:00" hostname="a28b9e3b1b9d"><testcase classname="tests.test_form_layouts_extended.TestFormLayoutBasePrivateMethods" name="test_render_form_instances_with_data" time="0.004" /><testcase classname="tests.test_form_layouts_extended.TestFormLayoutBasePrivateMethods" name="test_render_form_instances_material_framework" time="0.006" /><testcase classname="tests.test_form_layouts_extended.TestFormLayoutBasePrivateMethods" name="test_get_renderer_for_framework_bootstrap" time="0.000" /><testcase classname="tests.test_form_layouts_extended.TestFormLayoutBasePrivateMethods" name="test_get_renderer_for_framework_material" time="0.000" /><testcase classname="tests.test_form_layouts_extended.TestFormLayoutBasePrivateMethods" name="test_get_forms_returns_form_classes" time="0.001" /><testcase classname="tests.test_form_layouts_extended.TestVerticalLayoutValidation" name="test_validate_with_validation_errors" time="0.001" /><testcase classname="tests.test_form_layouts_extended.TestHorizontalLayoutValidation" name="test_validate_extracts_field_errors_correctly" time="0.001" /><testcase classname="tests.test_form_layouts_extended.TestTabbedLayoutValidation" name="test_validate_aggregates_errors_from_tabs" time="0.001" /><testcase classname="tests.test_form_layouts_extended.TestListLayoutRendering" name="test_render_list_item_with_data" time="0.000" /><testcase classname="tests.test_form_layouts_extended.TestListLayoutRendering" name="test_render_list_item_with_errors" time="0.000" /><testcase classname="tests.test_form_layouts_extended.TestListLayoutRendering" name="test_render_list_item_collapsible" time="0.000" /><testcase classname="tests.test_form_layouts_extended.TestListLayoutRendering" name="test_render_list_item_collapsible_material" time="0.000" /><testcase classname="tests.test_form_layouts_extended.TestListLayoutRendering" name="test_render_collapsible_item_bootstrap" time="0.000" /><testcase classname="tests.test_form_layouts_extended.TestListLayoutRendering" name="test_render_collapsible_item_material" time="0.000" /><testcase classname="tests.test_form_layouts_extended.TestListLayoutRendering" name="test_create_item_summary_with_data" time="0.000" /><testcase classname="tests.test_form_layouts_extended.TestListLayoutRendering" name="test_create_item_summary_empty_data" time="0.000" /><testcase classname="tests.test_form_layouts_extended.TestListLayoutRendering" name="test_create_item_summary_truncates_long_values" time="0.000" /><testcase classname="tests.test_form_layouts_extended.TestListLayoutRendering" name="test_add_name_prefixes" time="0.000" /><testcase classname="tests.test_form_layouts_extended.TestListLayoutRendering" name="test_render_add_button_bootstrap" time="0.000" /><testcase classname="tests.test_form_layouts_extended.TestListLayoutRendering" name="test_render_add_button_material" time="0.000" /><testcase classname="tests.test_form_layouts_extended.TestListLayoutRendering" name="test_render_remove_button_bootstrap" time="0.000" /><testcase classname="tests.test_form_layouts_extended.TestListLayoutRendering" name="test_render_remove_button_material" time="0.000" /><testcase classname="tests.test_form_layouts_extended.TestListLayoutEdgeCases" name="test_render_list_item_above_min_items_shows_remove_button" time="0.000" /><testcase classname="tests.test_form_layouts_extended.TestListLayoutEdgeCases" name="test_render_list_item_empty_data_above_min" time="0.002" /></testsuite></testsuites>