<?xml version="1.0" encoding="utf-8"?><testsuites name="pytest tests"><testsuite name="pytest" errors="0" failures="0" skipped="0" tests="123" time="2.534" timestamp="2026-05-17T03:37:22.981548+00:00" hostname="5ca0e0a9a610"><testcase classname="tests.test_assets.TestVendoredFile" name="test_vendored_file_creation" time="0.001" /><testcase classname="tests.test_assets.TestVendoredFile" name="test_vendored_file_frozen" time="0.001" /><testcase classname="tests.test_assets.TestProjectRoot" name="test_project_root_returns_path" time="0.000" /><testcase classname="tests.test_assets.TestProjectRoot" name="test_project_root_contains_pydantic_schemaforms" time="0.000" /><testcase classname="tests.test_assets.TestManifestPath" name="test_manifest_path_returns_path" time="0.003" /><testcase classname="tests.test_assets.TestManifestPath" name="test_manifest_path_contains_vendor_manifest" time="0.000" /><testcase classname="tests.test_assets.TestSha256Functions" name="test_sha256_bytes_empty" time="0.000" /><testcase classname="tests.test_assets.TestSha256Functions" name="test_sha256_bytes_hello_world" time="0.000" /><testcase classname="tests.test_assets.TestSha256Functions" name="test_sha256_bytes_returns_hex_string" time="0.000" /><testcase classname="tests.test_assets.TestSha256Functions" name="test_sha256_file" time="0.001" /><testcase classname="tests.test_assets.TestEnsureParentDir" name="test_ensure_parent_dir_creates_parents" time="0.001" /><testcase classname="tests.test_assets.TestEnsureParentDir" name="test_ensure_parent_dir_with_existing_dir" time="0.001" /><testcase classname="tests.test_assets.TestUpsertAssetEntry" name="test_upsert_asset_entry_adds_new" time="0.010" /><testcase classname="tests.test_assets.TestUpsertAssetEntry" name="test_upsert_asset_entry_updates_existing" time="0.000" /><testcase classname="tests.test_assets.TestUpsertAssetEntry" name="test_upsert_asset_entry_preserves_other_assets" time="0.000" /><testcase classname="tests.test_assets.TestUpsertAssetEntry" name="test_upsert_asset_entry_with_empty_manifest" time="0.000" /><testcase classname="tests.test_assets.TestEnvTruthy" name="test_env_truthy_with_one" time="0.001" /><testcase classname="tests.test_assets.TestEnvTruthy" name="test_env_truthy_with_true" time="0.001" /><testcase classname="tests.test_assets.TestEnvTruthy" name="test_env_truthy_with_uppercase_true" time="0.001" /><testcase classname="tests.test_assets.TestEnvTruthy" name="test_env_truthy_with_yes" time="0.001" /><testcase classname="tests.test_assets.TestEnvTruthy" name="test_env_truthy_with_uppercase_yes" time="0.001" /><testcase classname="tests.test_assets.TestEnvTruthy" name="test_env_truthy_with_on" time="0.000" /><testcase classname="tests.test_assets.TestEnvTruthy" name="test_env_truthy_with_uppercase_on" time="0.000" /><testcase classname="tests.test_assets.TestEnvTruthy" name="test_env_truthy_with_zero" time="0.000" /><testcase classname="tests.test_assets.TestEnvTruthy" name="test_env_truthy_with_false" time="0.000" /><testcase classname="tests.test_assets.TestEnvTruthy" name="test_env_truthy_with_empty_string" time="0.000" /><testcase classname="tests.test_assets.TestEnvTruthy" name="test_env_truthy_with_unset_var" time="0.000" /><testcase classname="tests.test_assets.TestEnvTruthy" name="test_env_truthy_with_whitespace" time="0.000" /><testcase classname="tests.test_assets.TestSafeMemberBytesFromTgz" name="test_extract_file_with_package_prefix" time="0.006" /><testcase classname="tests.test_assets.TestSafeMemberBytesFromTgz" name="test_extract_file_without_prefix" time="0.001" /><testcase classname="tests.test_assets.TestSafeMemberBytesFromTgz" name="test_extract_file_with_explicit_package_prefix" time="0.000" /><testcase classname="tests.test_assets.TestSafeMemberBytesFromTgz" name="test_extract_missing_file_raises_error" time="0.001" /><testcase classname="tests.test_assets.TestSafeMemberBytesFromTgz" name="test_extract_directory_raises_error" time="0.001" /><testcase classname="tests.test_assets.TestWriteVendoredFile" name="test_write_vendored_file" time="0.001" /><testcase classname="tests.test_assets.TestWriteVendoredFile" name="test_write_vendored_file_creates_correct_path" time="0.001" /><testcase classname="tests.test_assets.TestHttpGetBytes" name="test_http_get_bytes_returns_bytes" time="0.001" /><testcase classname="tests.test_assets.TestHttpGetBytes" name="test_http_get_bytes_custom_user_agent" time="0.001" /><testcase classname="tests.test_assets.TestLatestHtmxVersion" name="test_latest_htmx_version_with_v_prefix" time="0.001" /><testcase classname="tests.test_assets.TestLatestHtmxVersion" name="test_latest_htmx_version_without_v_prefix" time="0.000" /><testcase classname="tests.test_assets.TestLatestHtmxVersion" name="test_latest_htmx_version_with_whitespace" time="0.000" /><testcase classname="tests.test_assets.TestLatestHtmxVersion" name="test_latest_htmx_version_empty_tag" time="0.001" /><testcase classname="tests.test_assets.TestNpmPackageMetadata" name="test_npm_package_metadata_returns_dict" time="0.001" /><testcase classname="tests.test_assets.TestNpmPackageMetadata" name="test_npm_package_metadata_not_dict_raises" time="0.001" /><testcase classname="tests.test_assets.TestLatestNpmVersion" name="test_latest_npm_version_returns_latest" time="0.001" /><testcase classname="tests.test_assets.TestLatestNpmVersion" name="test_latest_npm_version_strips_whitespace" time="0.000" /><testcase classname="tests.test_assets.TestLatestNpmVersion" name="test_latest_npm_version_missing_dist_tags_raises" time="0.000" /><testcase classname="tests.test_assets.TestLatestNpmVersion" name="test_latest_npm_version_dist_tags_not_dict_raises" time="0.000" /><testcase classname="tests.test_assets.TestLatestNpmVersion" name="test_latest_npm_version_missing_latest_raises" time="0.000" /><testcase classname="tests.test_assets.TestLatestNpmVersion" name="test_latest_npm_version_empty_latest_raises" time="0.000" /><testcase classname="tests.test_assets.TestNpmTarballUrl" name="test_npm_tarball_url_returns_url" time="0.001" /><testcase classname="tests.test_assets.TestNpmTarballUrl" name="test_npm_tarball_url_strips_whitespace" time="0.000" /><testcase classname="tests.test_assets.TestNpmTarballUrl" name="test_npm_tarball_url_missing_version_raises" time="0.000" /><testcase classname="tests.test_assets.TestNpmTarballUrl" name="test_npm_tarball_url_versions_not_dict_raises" time="0.000" /><testcase classname="tests.test_assets.TestNpmTarballUrl" name="test_npm_tarball_url_version_meta_not_dict_raises" time="0.000" /><testcase classname="tests.test_assets.TestNpmTarballUrl" name="test_npm_tarball_url_missing_dist_raises" time="0.000" /><testcase classname="tests.test_assets.TestNpmTarballUrl" name="test_npm_tarball_url_dist_not_dict_raises" time="0.001" /><testcase classname="tests.test_assets.TestNpmTarballUrl" name="test_npm_tarball_url_missing_tarball_raises" time="0.000" /><testcase classname="tests.test_assets.TestNpmTarballUrl" name="test_npm_tarball_url_empty_tarball_raises" time="0.000" /><testcase classname="tests.test_assets.TestVendorHtmx" name="test_vendor_htmx_with_explicit_version" time="0.002" /><testcase classname="tests.test_assets.TestVendorHtmx" name="test_vendor_htmx_without_version_fetches_latest" time="0.001" /><testcase classname="tests.test_assets.TestVendorHtmx" name="test_vendor_htmx_sets_schema_version" time="0.001" /><testcase classname="tests.test_assets.TestVendorImask" name="test_vendor_imask_with_explicit_version" time="0.005" /><testcase classname="tests.test_assets.TestVendorImask" name="test_vendor_imask_without_version_fetches_latest" time="0.001" /><testcase classname="tests.test_assets.TestVendorImask" name="test_vendor_imask_tries_license_md_fallback" time="0.001" /><testcase classname="tests.test_assets.TestVendorImask" name="test_vendor_imask_sets_schema_version" time="0.001" /><testcase classname="tests.test_assets.TestVendorMaterialize" name="test_vendor_materialize_with_license" time="0.003" /><testcase classname="tests.test_assets.TestVendorMaterialize" name="test_vendor_materialize_tries_license_md_fallback" time="0.003" /><testcase classname="tests.test_assets.TestVendorMaterialize" name="test_vendor_materialize_sets_schema_version" time="0.002" /><testcase classname="tests.test_assets.TestVendorBootstrap" name="test_vendor_bootstrap_extracts_from_zip" time="0.006" /><testcase classname="tests.test_assets.TestVendorBootstrap" name="test_vendor_bootstrap_missing_css_raises" time="0.001" /><testcase classname="tests.test_assets.TestVendorBootstrap" name="test_vendor_bootstrap_missing_js_raises" time="0.001" /><testcase classname="tests.test_assets.TestVendorBootstrap" name="test_vendor_bootstrap_sets_schema_version" time="0.001" /><testcase classname="tests.test_assets.TestSanitizeManifest" name="test_returns_clean_copy_of_valid_manifest" time="0.003" /><testcase classname="tests.test_assets.TestSanitizeManifest" name="test_strips_unknown_asset_fields" time="0.000" /><testcase classname="tests.test_assets.TestSanitizeManifest" name="test_strips_unknown_file_fields" time="0.000" /><testcase classname="tests.test_assets.TestSanitizeManifest" name="test_skips_non_dict_assets" time="0.000" /><testcase classname="tests.test_assets.TestSanitizeManifest" name="test_skips_non_dict_files" time="0.000" /><testcase classname="tests.test_assets.TestSanitizeManifest" name="test_missing_schema_version_defaults_to_1" time="0.000" /><testcase classname="tests.test_assets.TestSanitizeManifest" name="test_empty_assets_list" time="0.000" /><testcase classname="tests.test_assets.TestSanitizeManifest" name="test_path_escaping_vendor_directory_raises" time="0.000" /><testcase classname="tests.test_assets.TestSanitizeManifest" name="test_file_with_empty_path_is_allowed" time="0.000" /><testcase classname="tests.test_assets.TestSanitizeManifest" name="test_file_with_non_string_path_is_allowed" time="0.000" /><testcase classname="tests.test_assets.TestSanitizeManifest" name="test_multiple_assets_all_sanitized" time="0.001" /><testcase classname="tests.test_assets.TestWriteManifest" name="test_write_manifest_calls_sanitize_and_writes" time="0.004" /><testcase classname="tests.test_assets.TestWriteManifest" name="test_write_manifest_rejects_path_traversal" time="0.000" /><testcase classname="tests.test_assets.TestWriteManifest" name="test_write_manifest_strips_extra_fields" time="0.001" /><testcase classname="tests.test_assets.TestVerifyManifestFiles" name="test_verify_manifest_files_valid" time="0.006" /><testcase classname="tests.test_assets.TestVerifyManifestFiles" name="test_verify_manifest_files_missing_schema_version_raises" time="0.000" /><testcase classname="tests.test_assets.TestVerifyManifestFiles" name="test_verify_manifest_files_schema_version_not_int_raises" time="0.000" /><testcase classname="tests.test_assets.TestVerifyManifestFiles" name="test_verify_manifest_files_missing_assets_raises" time="0.000" /><testcase classname="tests.test_assets.TestVerifyManifestFiles" name="test_verify_manifest_files_assets_not_list_raises" time="0.000" /><testcase classname="tests.test_assets.TestVerifyManifestFiles" name="test_verify_manifest_files_require_nonempty_empty_raises" time="0.000" /><testcase classname="tests.test_assets.TestVerifyManifestFiles" name="test_verify_manifest_files_asset_not_dict_raises" time="0.000" /><testcase classname="tests.test_assets.TestVerifyManifestFiles" name="test_verify_manifest_files_missing_files_list_raises" time="0.000" /><testcase classname="tests.test_assets.TestVerifyManifestFiles" name="test_verify_manifest_files_files_not_list_raises" time="0.001" /><testcase classname="tests.test_assets.TestVerifyManifestFiles" name="test_verify_manifest_files_file_entry_not_dict_raises" time="0.000" /><testcase classname="tests.test_assets.TestVerifyManifestFiles" name="test_verify_manifest_files_missing_path_raises" time="0.001" /><testcase classname="tests.test_assets.TestVerifyManifestFiles" name="test_verify_manifest_files_empty_path_raises" time="0.001" /><testcase classname="tests.test_assets.TestVerifyManifestFiles" name="test_verify_manifest_files_missing_sha256_raises" time="0.001" /><testcase classname="tests.test_assets.TestVerifyManifestFiles" name="test_verify_manifest_files_sha256_wrong_length_raises" time="0.000" /><testcase classname="tests.test_assets.TestVerifyManifestFiles" name="test_verify_manifest_files_file_not_exists_raises" time="0.002" /><testcase classname="tests.test_assets.TestVerifyManifestFiles" name="test_verify_manifest_files_sha256_mismatch_raises" time="0.002" /><testcase classname="tests.test_assets" name="test_vendor_manifest_exists_and_has_expected_shape" time="0.000" /><testcase classname="tests.test_assets" name="test_vendor_assets_dir_exists" time="0.000" /><testcase classname="tests.test_assets" name="test_vendor_manifest_checksums_verify" time="0.002" /><testcase classname="tests.test_assets" name="test_enhanced_renderer_include_assets_vendored_inlines_bootstrap" time="0.087" /><testcase classname="tests.test_assets" name="test_render_form_html_self_contained_bootstrap_inlines_assets" time="0.008" /><testcase classname="tests.test_assets" name="test_bootstrap_icons_css_tag_modes" time="0.001" /><testcase classname="tests.test_assets" name="test_bootstrap_icons_css_content_is_raw_css" time="0.000" /><testcase classname="tests.test_assets" name="test_material_theme_does_not_include_bootstrap_icons" time="0.007" /><testcase classname="tests.test_assets" name="test_form_builder_include_assets_requires_cdn_mode" time="0.028" /><testcase classname="tests.test_assets" name="test_render_form_html_material_uses_single_dispatch_path" time="0.001" /><testcase classname="tests.test_assets" name="test_enhanced_form_renderer_material_output_matches_simple_material_renderer" time="0.004" /><testcase classname="tests.test_assets" name="test_simple_material_renderer_is_backward_compat_alias" time="0.000" /><testcase classname="tests.test_assets" name="test_render_form_default_has_no_unpkg" time="0.008" /><testcase classname="tests.test_assets" name="test_render_form_cdn_mode_includes_unpkg" time="0.001" /><testcase classname="tests.test_assets" name="test_self_contained_form_has_no_cdn_urls" time="0.004" /><testcase classname="tests.test_assets" name="test_bootstrap_icons_vendored_version_is_recorded" time="0.000" /><testcase classname="tests.test_assets" name="test_render_form_page_offline_by_default" time="0.030" /><testcase classname="tests.test_assets" name="test_render_form_page_cdn_opt_in_includes_bootstrap" time="0.001" /><testcase classname="tests.test_assets" name="test_render_form_page_vendored_includes_bootstrap_icons" time="0.004" /><testcase classname="tests.test_assets" name="test_form_design_framework_urls_offline_by_default" time="0.020" /><testcase classname="tests.test_assets" name="test_material_theme_css_has_no_google_fonts_imports" time="0.000" /></testsuite></testsuites>