<?xml version="1.0" encoding="utf-8"?><testsuites name="pytest tests"><testsuite name="pytest" errors="0" failures="0" skipped="0" tests="56" time="0.872" timestamp="2025-11-28T01:02:37.318137+00:00" hostname="80113ed1014c"><testcase classname="tests.test_layouts.TestBaseLayout" name="test_base_layout_creation" time="0.001" /><testcase classname="tests.test_layouts.TestBaseLayout" name="test_base_layout_render" time="0.001" /><testcase classname="tests.test_layouts.TestBaseLayout" name="test_base_layout_with_attributes" time="0.000" /><testcase classname="tests.test_layouts.TestBaseLayout" name="test_base_layout_with_list_content" time="0.000" /><testcase classname="tests.test_layouts.TestHorizontalLayout" name="test_horizontal_layout_creation" time="0.000" /><testcase classname="tests.test_layouts.TestHorizontalLayout" name="test_horizontal_layout_render" time="0.000" /><testcase classname="tests.test_layouts.TestHorizontalLayout" name="test_horizontal_layout_with_gap" time="0.000" /><testcase classname="tests.test_layouts.TestHorizontalLayout" name="test_horizontal_layout_with_alignment" time="0.000" /><testcase classname="tests.test_layouts.TestHorizontalLayout" name="test_horizontal_layout_multiple_items" time="0.000" /><testcase classname="tests.test_layouts.TestVerticalLayout" name="test_vertical_layout_creation" time="0.000" /><testcase classname="tests.test_layouts.TestVerticalLayout" name="test_vertical_layout_render" time="0.000" /><testcase classname="tests.test_layouts.TestVerticalLayout" name="test_vertical_layout_with_gap" time="0.000" /><testcase classname="tests.test_layouts.TestVerticalLayout" name="test_vertical_layout_with_alignment" time="0.000" /><testcase classname="tests.test_layouts.TestVerticalLayout" name="test_vertical_layout_multiple_items" time="0.000" /><testcase classname="tests.test_layouts.TestGridLayout" name="test_grid_layout_creation" time="0.000" /><testcase classname="tests.test_layouts.TestGridLayout" name="test_grid_layout_render" time="0.000" /><testcase classname="tests.test_layouts.TestGridLayout" name="test_grid_layout_with_columns" time="0.000" /><testcase classname="tests.test_layouts.TestGridLayout" name="test_grid_layout_with_rows" time="0.000" /><testcase classname="tests.test_layouts.TestGridLayout" name="test_grid_layout_multiple_items" time="0.000" /><testcase classname="tests.test_layouts.TestResponsiveGridLayout" name="test_responsive_grid_creation" time="0.000" /><testcase classname="tests.test_layouts.TestResponsiveGridLayout" name="test_responsive_grid_render" time="0.000" /><testcase classname="tests.test_layouts.TestResponsiveGridLayout" name="test_responsive_grid_with_min_width" time="0.000" /><testcase classname="tests.test_layouts.TestResponsiveGridLayout" name="test_responsive_grid_multiple_items" time="0.000" /><testcase classname="tests.test_layouts.TestTabLayout" name="test_tab_layout_creation" time="0.000" /><testcase classname="tests.test_layouts.TestTabLayout" name="test_tab_layout_render" time="0.001" /><testcase classname="tests.test_layouts.TestTabLayout" name="test_tab_layout_with_attributes" time="0.000" /><testcase classname="tests.test_layouts.TestTabLayout" name="test_tab_layout_javascript_functionality" time="0.000" /><testcase classname="tests.test_layouts.TestAccordionLayout" name="test_accordion_layout_creation" time="0.000" /><testcase classname="tests.test_layouts.TestAccordionLayout" name="test_accordion_layout_render" time="0.000" /><testcase classname="tests.test_layouts.TestAccordionLayout" name="test_accordion_layout_expanded_sections" time="0.000" /><testcase classname="tests.test_layouts.TestAccordionLayout" name="test_accordion_layout_javascript_functionality" time="0.000" /><testcase classname="tests.test_layouts.TestModalLayout" name="test_modal_layout_creation" time="0.000" /><testcase classname="tests.test_layouts.TestModalLayout" name="test_modal_layout_render" time="0.000" /><testcase classname="tests.test_layouts.TestModalLayout" name="test_modal_layout_default_footer" time="0.000" /><testcase classname="tests.test_layouts.TestModalLayout" name="test_modal_layout_javascript_functionality" time="0.000" /><testcase classname="tests.test_layouts.TestCardLayout" name="test_card_layout_creation" time="0.000" /><testcase classname="tests.test_layouts.TestCardLayout" name="test_card_layout_render" time="0.000" /><testcase classname="tests.test_layouts.TestCardLayout" name="test_card_layout_without_footer" time="0.000" /><testcase classname="tests.test_layouts.TestCardLayout" name="test_card_layout_with_attributes" time="0.000" /><testcase classname="tests.test_layouts.TestLayoutFactory" name="test_layout_factory_horizontal" time="0.000" /><testcase classname="tests.test_layouts.TestLayoutFactory" name="test_layout_factory_vertical" time="0.000" /><testcase classname="tests.test_layouts.TestLayoutFactory" name="test_layout_factory_grid" time="0.000" /><testcase classname="tests.test_layouts.TestLayoutFactory" name="test_layout_factory_responsive_grid" time="0.000" /><testcase classname="tests.test_layouts.TestLayoutFactory" name="test_layout_factory_tabs" time="0.000" /><testcase classname="tests.test_layouts.TestLayoutFactory" name="test_layout_factory_accordion" time="0.000" /><testcase classname="tests.test_layouts.TestLayoutFactory" name="test_layout_factory_modal" time="0.000" /><testcase classname="tests.test_layouts.TestLayoutFactory" name="test_layout_factory_card" time="0.000" /><testcase classname="tests.test_layouts.TestLayoutAlias" name="test_layout_alias_works" time="0.000" /><testcase classname="tests.test_layouts.TestLayoutAlias" name="test_layout_alias_horizontal" time="0.000" /><testcase classname="tests.test_layouts.TestLayoutAlias" name="test_layout_alias_card" time="0.000" /><testcase classname="tests.test_layouts.TestLayoutIntegration" name="test_nested_layouts" time="0.000" /><testcase classname="tests.test_layouts.TestLayoutIntegration" name="test_card_with_form_content" time="0.000" /><testcase classname="tests.test_layouts.TestLayoutIntegration" name="test_tabs_with_different_layout_content" time="0.001" /><testcase classname="tests.test_layouts.TestFormStyleLayoutSections" name="test_layout_card_uses_custom_form_style_template" time="0.000" /><testcase classname="tests.test_layout_templates" name="test_tab_layout_uses_template_markup" time="0.000" /><testcase classname="tests.test_layout_templates" name="test_accordion_layout_uses_template_markup" time="0.000" /></testsuite></testsuites>