<?xml version="1.0" encoding="utf-8"?><testsuites name="pytest tests"><testsuite name="pytest" errors="0" failures="0" skipped="0" tests="7" time="0.751" timestamp="2025-12-07T21:00:43.294983+00:00" hostname="513e9b44cbe4"><testcase classname="tests.test_theme_hooks" name="test_tab_layout_uses_theme_assets" time="0.002" /><testcase classname="tests.test_theme_hooks" name="test_accordion_layout_uses_theme_assets" time="0.000" /><testcase classname="tests.test_theme_hooks" name="test_model_list_renderer_delegates_container_to_theme" time="0.000" /><testcase classname="tests.test_theme_hooks" name="test_model_list_uses_form_style_templates" time="0.002" /><testcase classname="tests.test_theme_hooks" name="test_model_list_respects_custom_form_style_templates" time="0.001" /><testcase classname="tests.test_theme_hooks" name="test_tab_layout_uses_form_style_templates" time="0.000" /><testcase classname="tests.test_theme_hooks" name="test_accordion_layout_uses_form_style_templates" time="0.000" /></testsuite></testsuites>