<?xml version="1.0" encoding="utf-8"?><testsuites name="pytest tests"><testsuite name="pytest" errors="0" failures="0" skipped="0" tests="17" time="2.457" timestamp="2026-04-26T19:04:03.334823+00:00" hostname="71a7d89c8a2a"><testcase classname="tests.test_fastapi_example_smoke" name="test_homepage_renders" time="0.011" /><testcase classname="tests.test_fastapi_forms_matrix" name="test_fastapi_form_routes_get_post_matrix[bootstrap-login]" time="0.028" /><testcase classname="tests.test_fastapi_forms_matrix" name="test_fastapi_form_routes_get_post_matrix[bootstrap-register]" time="0.018" /><testcase classname="tests.test_fastapi_forms_matrix" name="test_fastapi_form_routes_get_post_matrix[bootstrap-showcase]" time="0.027" /><testcase classname="tests.test_fastapi_forms_matrix" name="test_fastapi_form_routes_get_post_matrix[bootstrap-pets]" time="0.020" /><testcase classname="tests.test_fastapi_forms_matrix" name="test_fastapi_form_routes_get_post_matrix[bootstrap-organization]" time="0.133" /><testcase classname="tests.test_fastapi_forms_matrix" name="test_fastapi_form_routes_get_post_matrix[bootstrap-layouts]" time="0.020" /><testcase classname="tests.test_fastapi_forms_matrix" name="test_fastapi_form_routes_get_post_matrix[material-login]" time="0.017" /><testcase classname="tests.test_fastapi_forms_matrix" name="test_fastapi_form_routes_get_post_matrix[material-register]" time="0.014" /><testcase classname="tests.test_fastapi_forms_matrix" name="test_fastapi_form_routes_get_post_matrix[material-showcase]" time="0.021" /><testcase classname="tests.test_fastapi_forms_matrix" name="test_fastapi_form_routes_get_post_matrix[material-pets]" time="0.027" /><testcase classname="tests.test_fastapi_forms_matrix" name="test_fastapi_form_routes_get_post_matrix[material-organization]" time="0.110" /><testcase classname="tests.test_fastapi_forms_matrix" name="test_fastapi_form_routes_get_post_matrix[material-layouts]" time="0.016" /><testcase classname="tests.test_fastapi_forms_matrix" name="test_fastapi_self_contained_get" time="0.008" /><testcase classname="tests.test_fastapi_forms_matrix" name="test_fastapi_self_contained_honors_plain_html_style" time="0.006" /><testcase classname="tests.test_fastapi_layouts_post_validation" name="test_layouts_post_rejects_blank_first_name_and_preferences_tab_renders" time="0.010" /><testcase classname="tests.test_fastapi_layouts_post_validation" name="test_layouts_post_accepts_valid_payload" time="0.006" /></testsuite></testsuites>