<?xml version="1.0" encoding="utf-8"?><testsuites name="pytest tests"><testsuite name="pytest" errors="1" failures="0" skipped="0" tests="41" time="0.709" timestamp="2026-02-01T20:44:29.376048+00:00" hostname="69e689521add"><testcase classname="tests.test_asset_mode_pattern" name="test_enhanced_renderer_include_assets_vendored_inlines_bootstrap" time="0.008" /><testcase classname="tests.test_asset_mode_pattern" name="test_render_form_html_self_contained_bootstrap_inlines_assets" time="0.003" /><testcase classname="tests.test_asset_mode_pattern" name="test_form_builder_include_assets_requires_cdn_mode" time="0.003" /><testcase classname="tests.test_debug_mode" name="test_debug_panel_included" time="0.002" /><testcase classname="tests.test_debug_mode" name="test_debug_off_by_default" time="0.000" /><testcase classname="tests.test_e2e_layouts_async.TestTabLayoutStructure" name="test_tab_buttons_have_aria_attributes" time="0.000" /><testcase classname="tests.test_e2e_layouts_async.TestTabLayoutStructure" name="test_tab_panels_have_aria_hidden_attribute" time="0.000" /><testcase classname="tests.test_e2e_layouts_async.TestTabLayoutStructure" name="test_tab_content_initial_display_style" time="0.000" /><testcase classname="tests.test_e2e_layouts_async.TestTabLayoutStructure" name="test_accordion_sections_have_expanded_attributes" time="0.000" /><testcase classname="tests.test_e2e_layouts_async.TestTabLayoutStructure" name="test_accordion_section_ids_are_unique" time="0.000" /><testcase classname="tests.test_e2e_layouts_async.TestTabLayoutBootstrapMaterial" name="test_tab_layout_bootstrap_theme" time="0.000" /><testcase classname="tests.test_e2e_layouts_async.TestTabLayoutBootstrapMaterial" name="test_tab_layout_material_theme" time="0.002" /><testcase classname="tests.test_e2e_layouts_async.TestLayoutDemonstrationFormRendering" name="test_layout_form_renders_all_tabs" time="0.005" /><testcase classname="tests.test_e2e_layouts_async.TestLayoutDemonstrationFormRendering" name="test_layout_form_includes_nested_field_content" time="0.001" /><testcase classname="tests.test_e2e_layouts_async.TestLayoutDemonstrationFormRendering" name="test_layout_form_renders_model_list_in_task_field" time="0.001" /><testcase classname="tests.test_e2e_layouts_async.TestTabLayoutIntegration" name="test_tabbed_form_renders_tabs_and_content" time="0.001" /><testcase classname="tests.test_e2e_layouts_async.TestAsyncFormRendering" name="test_async_render_returns_same_html_as_sync" time="0.009" /><testcase classname="tests.test_e2e_layouts_async.TestAsyncFormRendering" name="test_async_render_with_errors" time="0.003" /><testcase classname="tests.test_e2e_layouts_async.TestAsyncFormRendering" name="test_multiple_async_renders_concurrent" time="0.005" /><testcase classname="tests.test_enhanced_renderer.TestEnhancedFormRenderer" name="test_renderer_initialization" time="0.000" /><testcase classname="tests.test_enhanced_renderer.TestEnhancedFormRenderer" name="test_render_form_from_model_basic" time="0.002" /><testcase classname="tests.test_enhanced_renderer.TestEnhancedFormRenderer" name="test_render_form_with_bootstrap_framework" time="0.003" /><testcase classname="tests.test_enhanced_renderer.TestEnhancedFormRenderer" name="test_render_form_with_material_framework" time="0.003" /><testcase classname="tests.test_enhanced_renderer.TestEnhancedFormRenderer" name="test_render_form_with_no_framework" time="0.002" /><testcase classname="tests.test_enhanced_renderer.TestEnhancedFormRenderer" name="test_render_form_with_submit_url" time="0.002" /><testcase classname="tests.test_enhanced_renderer.TestEnhancedFormRenderer" name="test_render_form_with_initial_data" time="0.002" /><testcase classname="tests.test_enhanced_renderer.TestEnhancedFormRenderer" name="test_render_form_with_errors" time="0.002" /><testcase classname="tests.test_enhanced_renderer.TestEnhancedFormRenderer" name="test_render_form_with_complex_model" time="0.005" /><testcase classname="tests.test_enhanced_renderer.TestEnhancedRendererFieldTypes" name="test_text_field_rendering" time="0.002" /><testcase classname="tests.test_enhanced_renderer.TestEnhancedRendererFieldTypes" name="test_numeric_field_rendering" time="0.002" /><testcase classname="tests.test_enhanced_renderer.TestEnhancedRendererFieldTypes" name="test_selection_field_rendering" time="0.001" /><testcase classname="tests.test_enhanced_renderer.TestEnhancedRendererFieldTypes" name="test_datetime_field_rendering" time="0.001" /><testcase classname="tests.test_enhanced_renderer.TestEnhancedRendererFieldTypes" name="test_specialized_field_rendering" time="0.001" /><testcase classname="tests.test_enhanced_renderer.TestEnhancedRendererFrameworkSpecific" name="test_bootstrap_specific_features" time="0.002" /><testcase classname="tests.test_enhanced_renderer.TestEnhancedRendererFrameworkSpecific" name="test_material_specific_features" time="0.003" /><testcase classname="tests.test_enhanced_renderer.TestEnhancedRendererFrameworkSpecific" name="test_framework_consistency" time="0.004" /><testcase classname="tests.test_enhanced_renderer.TestEnhancedRendererEdgeCases" name="test_empty_form_model" time="0.001" /><testcase classname="tests.test_enhanced_renderer.TestEnhancedRendererEdgeCases" name="test_form_with_optional_fields_only" time="0.001" /><testcase classname="tests.test_enhanced_renderer.TestEnhancedRendererEdgeCases" name="test_invalid_framework_fallback" time="0.002" /><testcase classname="tests.test_enhanced_renderer.TestEnhancedRendererEdgeCases" name="test_render_with_none_values" time="0.001" /><testcase time="0.001" /><testcase classname="pytest" name="internal" time="0.000"><error message="internal error">Traceback (most recent call last):
  File "/home/mike/.local/lib/python3.14/site-packages/_pytest/main.py", line 318, in wrap_session
    session.exitstatus = doit(config, session) or 0
                         ~~~~^^^^^^^^^^^^^^^^^
  File "/home/mike/.local/lib/python3.14/site-packages/_pytest/main.py", line 372, in _main
    config.hook.pytest_runtestloop(session=session)
    ~~~~~~~~~~~~~~~~~~~~~~~~~~~~~~^^^^^^^^^^^^^^^^^
  File "/home/mike/.local/lib/python3.14/site-packages/pluggy/_hooks.py", line 512, in __call__
    return self._hookexec(self.name, self._hookimpls.copy(), kwargs, firstresult)
           ~~~~~~~~~~~~~~^^^^^^^^^^^^^^^^^^^^^^^^^^^^^^^^^^^^^^^^^^^^^^^^^^^^^^^^
  File "/home/mike/.local/lib/python3.14/site-packages/pluggy/_manager.py", line 120, in _hookexec
    return self._inner_hookexec(hook_name, methods, kwargs, firstresult)
           ~~~~~~~~~~~~~~~~~~~~^^^^^^^^^^^^^^^^^^^^^^^^^^^^^^^^^^^^^^^^^
  File "/home/mike/.local/lib/python3.14/site-packages/pluggy/_callers.py", line 167, in _multicall
    raise exception
  File "/home/mike/.local/lib/python3.14/site-packages/pluggy/_callers.py", line 139, in _multicall
    teardown.throw(exception)
    ~~~~~~~~~~~~~~^^^^^^^^^^^
  File "/home/mike/.local/lib/python3.14/site-packages/_pytest/logging.py", line 801, in pytest_runtestloop
    return (yield)  # Run all the tests.
            ^^^^^
  File "/home/mike/.local/lib/python3.14/site-packages/pluggy/_callers.py", line 139, in _multicall
    teardown.throw(exception)
    ~~~~~~~~~~~~~~^^^^^^^^^^^
  File "/home/mike/.local/lib/python3.14/site-packages/_pytest/terminal.py", line 707, in pytest_runtestloop
    result = yield
             ^^^^^
  File "/home/mike/.local/lib/python3.14/site-packages/pluggy/_callers.py", line 139, in _multicall
    teardown.throw(exception)
    ~~~~~~~~~~~~~~^^^^^^^^^^^
  File "/home/mike/.local/lib/python3.14/site-packages/pytest_cov/plugin.py", line 345, in pytest_runtestloop
    result = yield
             ^^^^^
  File "/home/mike/.local/lib/python3.14/site-packages/pluggy/_callers.py", line 121, in _multicall
    res = hook_impl.function(*args)
  File "/home/mike/.local/lib/python3.14/site-packages/_pytest/main.py", line 396, in pytest_runtestloop
    item.config.hook.pytest_runtest_protocol(item=item, nextitem=nextitem)
    ~~~~~~~~~~~~~~~~~~~~~~~~~~~~~~~~~~~~~~~~^^^^^^^^^^^^^^^^^^^^^^^^^^^^^^
  File "/home/mike/.local/lib/python3.14/site-packages/pluggy/_hooks.py", line 512, in __call__
    return self._hookexec(self.name, self._hookimpls.copy(), kwargs, firstresult)
           ~~~~~~~~~~~~~~^^^^^^^^^^^^^^^^^^^^^^^^^^^^^^^^^^^^^^^^^^^^^^^^^^^^^^^^
  File "/home/mike/.local/lib/python3.14/site-packages/pluggy/_manager.py", line 120, in _hookexec
    return self._inner_hookexec(hook_name, methods, kwargs, firstresult)
           ~~~~~~~~~~~~~~~~~~~~^^^^^^^^^^^^^^^^^^^^^^^^^^^^^^^^^^^^^^^^^
  File "/home/mike/.local/lib/python3.14/site-packages/pluggy/_callers.py", line 167, in _multicall
    raise exception
  File "/home/mike/.local/lib/python3.14/site-packages/pluggy/_callers.py", line 139, in _multicall
    teardown.throw(exception)
    ~~~~~~~~~~~~~~^^^^^^^^^^^
  File "/home/mike/.local/lib/python3.14/site-packages/_pytest/warnings.py", line 89, in pytest_runtest_protocol
    return (yield)
            ^^^^^
  File "/home/mike/.local/lib/python3.14/site-packages/pluggy/_callers.py", line 139, in _multicall
    teardown.throw(exception)
    ~~~~~~~~~~~~~~^^^^^^^^^^^
  File "/home/mike/.local/lib/python3.14/site-packages/_pytest/assertion/__init__.py", line 192, in pytest_runtest_protocol
    return (yield)
            ^^^^^
  File "/home/mike/.local/lib/python3.14/site-packages/pluggy/_callers.py", line 139, in _multicall
    teardown.throw(exception)
    ~~~~~~~~~~~~~~^^^^^^^^^^^
  File "/home/mike/.local/lib/python3.14/site-packages/_pytest/unittest.py", line 587, in pytest_runtest_protocol
    return (yield)
            ^^^^^
  File "/home/mike/.local/lib/python3.14/site-packages/pluggy/_callers.py", line 139, in _multicall
    teardown.throw(exception)
    ~~~~~~~~~~~~~~^^^^^^^^^^^
  File "/home/mike/.local/lib/python3.14/site-packages/_pytest/faulthandler.py", line 102, in pytest_runtest_protocol
    return (yield)
            ^^^^^
  File "/home/mike/.local/lib/python3.14/site-packages/pluggy/_callers.py", line 121, in _multicall
    res = hook_impl.function(*args)
  File "/home/mike/.local/lib/python3.14/site-packages/_pytest/runner.py", line 118, in pytest_runtest_protocol
    runtestprotocol(item, nextitem=nextitem)
    ~~~~~~~~~~~~~~~^^^^^^^^^^^^^^^^^^^^^^^^^
  File "/home/mike/.local/lib/python3.14/site-packages/_pytest/runner.py", line 137, in runtestprotocol
    reports.append(call_and_report(item, "call", log))
                   ~~~~~~~~~~~~~~~^^^^^^^^^^^^^^^^^^^
  File "/home/mike/.local/lib/python3.14/site-packages/_pytest/runner.py", line 251, in call_and_report
    ihook.pytest_runtest_logreport(report=report)
    ~~~~~~~~~~~~~~~~~~~~~~~~~~~~~~^^^^^^^^^^^^^^^
  File "/home/mike/.local/lib/python3.14/site-packages/pluggy/_hooks.py", line 512, in __call__
    return self._hookexec(self.name, self._hookimpls.copy(), kwargs, firstresult)
           ~~~~~~~~~~~~~~^^^^^^^^^^^^^^^^^^^^^^^^^^^^^^^^^^^^^^^^^^^^^^^^^^^^^^^^
  File "/home/mike/.local/lib/python3.14/site-packages/pluggy/_manager.py", line 120, in _hookexec
    return self._inner_hookexec(hook_name, methods, kwargs, firstresult)
           ~~~~~~~~~~~~~~~~~~~~^^^^^^^^^^^^^^^^^^^^^^^^^^^^^^^^^^^^^^^^^
  File "/home/mike/.local/lib/python3.14/site-packages/pluggy/_callers.py", line 167, in _multicall
    raise exception
  File "/home/mike/.local/lib/python3.14/site-packages/pluggy/_callers.py", line 121, in _multicall
    res = hook_impl.function(*args)
  File "/home/mike/.local/lib/python3.14/site-packages/_pytest/terminal.py", line 685, in pytest_runtest_logreport
    self._write_progress_information_filling_space()
    ~~~~~~~~~~~~~~~~~~~~~~~~~~~~~~~~~~~~~~~~~~~~~~^^
  File "/home/mike/.local/lib/python3.14/site-packages/_pytest/terminal.py", line 785, in _write_progress_information_filling_space
    self.write(msg.rjust(fill), flush=True, **{color: True})
    ~~~~~~~~~~^^^^^^^^^^^^^^^^^^^^^^^^^^^^^^^^^^^^^^^^^^^^^^
  File "/home/mike/.local/lib/python3.14/site-packages/_pytest/terminal.py", line 525, in write
    self._tw.write(content, flush=flush, **markup)
    ~~~~~~~~~~~~~~^^^^^^^^^^^^^^^^^^^^^^^^^^^^^^^^
  File "/home/mike/.local/lib/python3.14/site-packages/_pytest/_io/terminalwriter.py", line 164, in write
    self.write_raw(msg, flush=flush)
    ~~~~~~~~~~~~~~^^^^^^^^^^^^^^^^^^
  File "/home/mike/.local/lib/python3.14/site-packages/_pytest/_io/terminalwriter.py", line 180, in write_raw
    self.flush()
    ~~~~~~~~~~^^
  File "/home/mike/.local/lib/python3.14/site-packages/_pytest/_io/terminalwriter.py", line 187, in flush
    self._file.flush()
    ~~~~~~~~~~~~~~~~^^
BrokenPipeError: [Errno 32] Broken pipe</error></testcase></testsuite></testsuites>