<?xml version="1.0" encoding="utf-8"?><testsuites name="pytest tests"><testsuite name="pytest" errors="0" failures="0" skipped="0" tests="3" time="0.571" timestamp="2025-11-27T01:30:25.840730+00:00" hostname="80113ed1014c"><testcase classname="tests.test_theme_hooks" name="test_tab_layout_uses_theme_assets" time="0.001" /><testcase classname="tests.test_theme_hooks" name="test_accordion_layout_uses_theme_assets" time="0.000" /><testcase classname="tests.test_theme_hooks" name="test_model_list_renderer_delegates_container_to_theme" time="0.000" /></testsuite></testsuites>