<?xml version="1.0" encoding="utf-8"?><testsuites name="pytest tests"><testsuite name="pytest" errors="0" failures="4" skipped="0" tests="187" time="1.345" timestamp="2025-11-26T01:55:08.369111+00:00" hostname="8e4e59a70d8b"><testcase classname="tests.test_enhanced_renderer.TestEnhancedFormRenderer" name="test_renderer_initialization" time="0.001" /><testcase classname="tests.test_enhanced_renderer.TestEnhancedFormRenderer" name="test_render_form_from_model_basic" time="0.003" /><testcase classname="tests.test_enhanced_renderer.TestEnhancedFormRenderer" name="test_render_form_with_bootstrap_framework" time="0.002" /><testcase classname="tests.test_enhanced_renderer.TestEnhancedFormRenderer" name="test_render_form_with_material_framework" time="0.002" /><testcase classname="tests.test_enhanced_renderer.TestEnhancedFormRenderer" name="test_render_form_with_no_framework" time="0.002" /><testcase classname="tests.test_enhanced_renderer.TestEnhancedFormRenderer" name="test_render_form_with_submit_url" time="0.002" /><testcase classname="tests.test_enhanced_renderer.TestEnhancedFormRenderer" name="test_render_form_with_initial_data" time="0.002" /><testcase classname="tests.test_enhanced_renderer.TestEnhancedFormRenderer" name="test_render_form_with_errors" time="0.002" /><testcase classname="tests.test_enhanced_renderer.TestEnhancedFormRenderer" name="test_render_form_with_complex_model" time="0.004" /><testcase classname="tests.test_enhanced_renderer.TestEnhancedRendererFieldTypes" name="test_text_field_rendering" time="0.003" /><testcase classname="tests.test_enhanced_renderer.TestEnhancedRendererFieldTypes" name="test_numeric_field_rendering" time="0.002" /><testcase classname="tests.test_enhanced_renderer.TestEnhancedRendererFieldTypes" name="test_selection_field_rendering" time="0.001" /><testcase classname="tests.test_enhanced_renderer.TestEnhancedRendererFieldTypes" name="test_datetime_field_rendering" time="0.001" /><testcase classname="tests.test_enhanced_renderer.TestEnhancedRendererFieldTypes" name="test_specialized_field_rendering" time="0.001" /><testcase classname="tests.test_enhanced_renderer.TestEnhancedRendererFrameworkSpecific" name="test_bootstrap_specific_features" time="0.002" /><testcase classname="tests.test_enhanced_renderer.TestEnhancedRendererFrameworkSpecific" name="test_material_specific_features" time="0.002" /><testcase classname="tests.test_enhanced_renderer.TestEnhancedRendererFrameworkSpecific" name="test_framework_consistency" time="0.003" /><testcase classname="tests.test_enhanced_renderer.TestEnhancedRendererEdgeCases" name="test_empty_form_model" time="0.001" /><testcase classname="tests.test_enhanced_renderer.TestEnhancedRendererEdgeCases" name="test_form_with_optional_fields_only" time="0.001" /><testcase classname="tests.test_enhanced_renderer.TestEnhancedRendererEdgeCases" name="test_invalid_framework_fallback" time="0.002" /><testcase classname="tests.test_enhanced_renderer.TestEnhancedRendererEdgeCases" name="test_render_with_none_values" time="0.001" /><testcase classname="tests.test_enhanced_renderer.TestEnhancedRendererIntegration" name="test_integration_with_form_model_render_method" time="0.002" /><testcase classname="tests.test_enhanced_renderer.TestEnhancedRendererIntegration" name="test_error_handling_integration" time="0.002" /><testcase classname="tests.test_enhanced_renderer.TestEnhancedRendererIntegration" name="test_complete_form_workflow" time="0.004" /><testcase classname="tests.test_inputs.TestTextInputs" name="test_text_input_basic" time="0.000" /><testcase classname="tests.test_inputs.TestTextInputs" name="test_text_input_render" time="0.000" /><testcase classname="tests.test_inputs.TestTextInputs" name="test_email_input" time="0.000" /><testcase classname="tests.test_inputs.TestTextInputs" name="test_password_input" time="0.000" /><testcase classname="tests.test_inputs.TestTextInputs" name="test_textarea_input" time="0.000" /><testcase classname="tests.test_inputs.TestTextInputs" name="test_url_input" time="0.000" /><testcase classname="tests.test_inputs.TestNumericInputs" name="test_number_input_basic" time="0.000" /><testcase classname="tests.test_inputs.TestNumericInputs" name="test_number_input_with_constraints" time="0.000" /><testcase classname="tests.test_inputs.TestNumericInputs" name="test_integer_input" time="0.000" /><testcase classname="tests.test_inputs.TestNumericInputs" name="test_decimal_input" time="0.000" /><testcase classname="tests.test_inputs.TestNumericInputs" name="test_range_input" time="0.000" /><testcase classname="tests.test_inputs.TestSelectionInputs" name="test_select_input_basic" time="0.000" /><testcase classname="tests.test_inputs.TestSelectionInputs" name="test_select_input_with_groups" time="0.000" /><testcase classname="tests.test_inputs.TestSelectionInputs" name="test_checkbox_input" time="0.000" /><testcase classname="tests.test_inputs.TestSelectionInputs" name="test_radio_input" time="0.000"><failure message="TypeError: Can't instantiate abstract class RadioInput without an implementation for abstract method 'render'">tests/test_inputs.py:202: in test_radio_input
    input_field = RadioInput()
                  ^^^^^^^^^^^^
E   TypeError: Can't instantiate abstract class RadioInput without an implementation for abstract method 'render'</failure></testcase><testcase classname="tests.test_inputs.TestSelectionInputs" name="test_multi_select_input" time="0.000" /><testcase classname="tests.test_inputs.TestDateTimeInputs" name="test_date_input" time="0.000" /><testcase classname="tests.test_inputs.TestDateTimeInputs" name="test_time_input" time="0.000" /><testcase classname="tests.test_inputs.TestDateTimeInputs" name="test_datetime_input" time="0.000" /><testcase classname="tests.test_inputs.TestSpecializedInputs" name="test_color_input" time="0.000" /><testcase classname="tests.test_inputs.TestSpecializedInputs" name="test_file_input" time="0.000" /><testcase classname="tests.test_inputs.TestSpecializedInputs" name="test_hidden_input" time="0.000" /><testcase classname="tests.test_inputs.TestSpecializedInputs" name="test_tel_input" time="0.000" /><testcase classname="tests.test_inputs.TestInputValidation" name="test_input_with_validation_errors" time="0.000" /><testcase classname="tests.test_inputs.TestInputValidation" name="test_input_with_custom_attributes" time="0.000" /><testcase classname="tests.test_inputs.TestInputValidation" name="test_input_disabled_state" time="0.000" /><testcase classname="tests.test_inputs.TestInputValidation" name="test_input_readonly_state" time="0.000" /><testcase classname="tests.test_inputs.TestInputIntegration" name="test_input_from_form_field" time="0.001" /><testcase classname="tests.test_inputs.TestInputIntegration" name="test_input_with_framework_styling" time="0.000" /><testcase classname="tests.test_integration.TestGenericServerIntegrations" name="test_handle_sync_form_success" time="0.002" /><testcase classname="tests.test_integration.TestGenericServerIntegrations" name="test_handle_sync_form_errors_include_html" time="0.002" /><testcase classname="tests.test_integration.TestGenericServerIntegrations" name="test_handle_sync_form_initial_render" time="0.002" /><testcase classname="tests.test_integration.TestGenericServerIntegrations" name="test_handle_async_form_success" time="0.003" /><testcase classname="tests.test_integration.TestGenericServerIntegrations" name="test_handle_async_form_errors_include_html" time="0.003" /><testcase classname="tests.test_integration.TestGenericServerIntegrations" name="test_handle_async_form_initial_render" time="0.002" /><testcase classname="tests.test_integration.TestGenericServerIntegrations" name="test_form_integration_sync_alias" time="0.001" /><testcase classname="tests.test_integration.TestGenericServerIntegrations" name="test_form_integration_async_alias" time="0.002" /><testcase classname="tests.test_integration.TestReactJSONSchemaIntegration" name="test_react_integration_creation" time="0.000" /><testcase classname="tests.test_integration.TestReactJSONSchemaIntegration" name="test_react_schema_generation" time="0.002" /><testcase classname="tests.test_integration.TestReactJSONSchemaIntegration" name="test_react_ui_schema_generation" time="0.003" /><testcase classname="tests.test_integration.TestReactJSONSchemaIntegration" name="test_react_form_data_generation" time="0.002" /><testcase classname="tests.test_integration.TestReactJSONSchemaIntegration" name="test_react_complete_form_config" time="0.003" /><testcase classname="tests.test_integration.TestVueFormulateIntegration" name="test_vue_integration_creation" time="0.000" /><testcase classname="tests.test_integration.TestVueFormulateIntegration" name="test_vue_form_config_generation" time="0.002" /><testcase classname="tests.test_integration.TestVueFormulateIntegration" name="test_vue_validation_rules" time="0.001" /><testcase classname="tests.test_integration.TestJSONSchemaGenerator" name="test_schema_generator_creation" time="0.000" /><testcase classname="tests.test_integration.TestJSONSchemaGenerator" name="test_basic_schema_generation" time="0.003" /><testcase classname="tests.test_integration.TestJSONSchemaGenerator" name="test_field_schema_generation" time="0.000" /><testcase classname="tests.test_integration.TestJSONSchemaGenerator" name="test_complex_field_types" time="0.003" /><testcase classname="tests.test_integration.TestOpenAPISchemaGenerator" name="test_openapi_generator_creation" time="0.000" /><testcase classname="tests.test_integration.TestOpenAPISchemaGenerator" name="test_request_schema_generation" time="0.002" /><testcase classname="tests.test_integration.TestOpenAPISchemaGenerator" name="test_response_schema_generation" time="0.001" /><testcase classname="tests.test_integration.TestOpenAPISchemaGenerator" name="test_complete_openapi_spec" time="0.001" /><testcase classname="tests.test_integration.TestIntegrationUtilities" name="test_field_type_mapping" time="0.000" /><testcase classname="tests.test_integration.TestIntegrationUtilities" name="test_ui_element_mapping" time="0.000" /><testcase classname="tests.test_integration.TestIntegrationUtilities" name="test_validation_rule_conversion" time="0.000" /><testcase classname="tests.test_integration.TestIntegrationErrorHandling" name="test_invalid_form_model_handling" time="0.000" /><testcase classname="tests.test_integration.TestIntegrationErrorHandling" name="test_missing_framework_handling" time="0.001" /><testcase classname="tests.test_integration.TestIntegrationErrorHandling" name="test_integration_fallbacks" time="0.003" /><testcase classname="tests.test_integration_workflow.TestCompleteFormWorkflow" name="test_basic_form_workflow" time="0.002" /><testcase classname="tests.test_integration_workflow.TestCompleteFormWorkflow" name="test_form_validation_workflow" time="0.003" /><testcase classname="tests.test_integration_workflow.TestCompleteFormWorkflow" name="test_form_correction_workflow" time="0.002" /><testcase classname="tests.test_integration_workflow.TestCompleteFormWorkflow" name="test_form_with_layout_components" time="0.002" /><testcase classname="tests.test_integration_workflow.TestAdvancedWorkflow" name="test_complex_form_model" time="0.003" /><testcase classname="tests.test_integration_workflow.TestAdvancedWorkflow" name="test_form_with_file_upload" time="0.001" /><testcase classname="tests.test_integration_workflow.TestAdvancedWorkflow" name="test_conditional_field_rendering" time="0.002" /><testcase classname="tests.test_integration_workflow.TestMultiRenderer" name="test_enhanced_and_modern_renderers" time="0.002" /><testcase classname="tests.test_integration_workflow.TestMultiRenderer" name="test_renderer_framework_consistency" time="0.002" /><testcase classname="tests.test_integration_workflow.TestFormIntegration" name="test_react_json_schema_integration" time="0.002" /><testcase classname="tests.test_integration_workflow.TestFormIntegration" name="test_json_schema_validation_integration" time="0.001" /><testcase classname="tests.test_integration_workflow.TestPerformanceWorkflow" name="test_large_form_rendering" time="0.002"><failure message="assert 'name=&quot;field_0&quot;' in '&lt;form method=&quot;POST&quot; action=&quot;/submit&quot; class=&quot;needs-validation&quot; novalidate=&quot;True&quot;&gt;\n&lt;button type=&quot;submit&quot; class=&quot;btn btn-primary&quot;&gt;Submit&lt;/button&gt;\n&lt;/form&gt;'">tests/test_integration_workflow.py:346: in test_large_form_rendering
    assert f'name="field_{i}"' in html
E   assert 'name="field_0"' in '&lt;form method="POST" action="/submit" class="needs-validation" novalidate="True"&gt;\n&lt;button type="submit" class="btn btn-primary"&gt;Submit&lt;/button&gt;\n&lt;/form&gt;'</failure></testcase><testcase classname="tests.test_integration_workflow.TestPerformanceWorkflow" name="test_batch_validation" time="0.003" /><testcase classname="tests.test_integration_workflow.TestErrorHandlingWorkflow" name="test_validation_error_workflow" time="0.002" /><testcase classname="tests.test_integration_workflow.TestErrorHandlingWorkflow" name="test_partial_form_completion" time="0.001" /><testcase classname="tests.test_integration_workflow.TestErrorHandlingWorkflow" name="test_form_recovery_workflow" time="0.002" /><testcase classname="tests.test_layouts.TestBaseLayout" name="test_base_layout_creation" time="0.001" /><testcase classname="tests.test_layouts.TestBaseLayout" name="test_base_layout_render" time="0.001" /><testcase classname="tests.test_layouts.TestBaseLayout" name="test_base_layout_with_attributes" time="0.001" /><testcase classname="tests.test_layouts.TestBaseLayout" name="test_base_layout_with_list_content" time="0.001" /><testcase classname="tests.test_layouts.TestHorizontalLayout" name="test_horizontal_layout_creation" time="0.001" /><testcase classname="tests.test_layouts.TestHorizontalLayout" name="test_horizontal_layout_render" time="0.000" /><testcase classname="tests.test_layouts.TestHorizontalLayout" name="test_horizontal_layout_with_gap" time="0.000" /><testcase classname="tests.test_layouts.TestHorizontalLayout" name="test_horizontal_layout_with_alignment" time="0.000" /><testcase classname="tests.test_layouts.TestHorizontalLayout" name="test_horizontal_layout_multiple_items" time="0.000" /><testcase classname="tests.test_layouts.TestVerticalLayout" name="test_vertical_layout_creation" time="0.000" /><testcase classname="tests.test_layouts.TestVerticalLayout" name="test_vertical_layout_render" time="0.000" /><testcase classname="tests.test_layouts.TestVerticalLayout" name="test_vertical_layout_with_gap" time="0.000" /><testcase classname="tests.test_layouts.TestVerticalLayout" name="test_vertical_layout_with_alignment" time="0.000" /><testcase classname="tests.test_layouts.TestVerticalLayout" name="test_vertical_layout_multiple_items" time="0.000" /><testcase classname="tests.test_layouts.TestGridLayout" name="test_grid_layout_creation" time="0.000" /><testcase classname="tests.test_layouts.TestGridLayout" name="test_grid_layout_render" time="0.000" /><testcase classname="tests.test_layouts.TestGridLayout" name="test_grid_layout_with_columns" time="0.000" /><testcase classname="tests.test_layouts.TestGridLayout" name="test_grid_layout_with_rows" time="0.000" /><testcase classname="tests.test_layouts.TestGridLayout" name="test_grid_layout_multiple_items" time="0.000" /><testcase classname="tests.test_layouts.TestResponsiveGridLayout" name="test_responsive_grid_creation" time="0.000" /><testcase classname="tests.test_layouts.TestResponsiveGridLayout" name="test_responsive_grid_render" time="0.000" /><testcase classname="tests.test_layouts.TestResponsiveGridLayout" name="test_responsive_grid_with_min_width" time="0.000" /><testcase classname="tests.test_layouts.TestResponsiveGridLayout" name="test_responsive_grid_multiple_items" time="0.000" /><testcase classname="tests.test_layouts.TestTabLayout" name="test_tab_layout_creation" time="0.000" /><testcase classname="tests.test_layouts.TestTabLayout" name="test_tab_layout_render" time="0.001" /><testcase classname="tests.test_layouts.TestTabLayout" name="test_tab_layout_with_attributes" time="0.000" /><testcase classname="tests.test_layouts.TestTabLayout" name="test_tab_layout_javascript_functionality" time="0.000" /><testcase classname="tests.test_layouts.TestAccordionLayout" name="test_accordion_layout_creation" time="0.000" /><testcase classname="tests.test_layouts.TestAccordionLayout" name="test_accordion_layout_render" time="0.000" /><testcase classname="tests.test_layouts.TestAccordionLayout" name="test_accordion_layout_expanded_sections" time="0.000" /><testcase classname="tests.test_layouts.TestAccordionLayout" name="test_accordion_layout_javascript_functionality" time="0.000" /><testcase classname="tests.test_layouts.TestModalLayout" name="test_modal_layout_creation" time="0.000" /><testcase classname="tests.test_layouts.TestModalLayout" name="test_modal_layout_render" time="0.000" /><testcase classname="tests.test_layouts.TestModalLayout" name="test_modal_layout_default_footer" time="0.000" /><testcase classname="tests.test_layouts.TestModalLayout" name="test_modal_layout_javascript_functionality" time="0.000" /><testcase classname="tests.test_layouts.TestCardLayout" name="test_card_layout_creation" time="0.000" /><testcase classname="tests.test_layouts.TestCardLayout" name="test_card_layout_render" time="0.001" /><testcase classname="tests.test_layouts.TestCardLayout" name="test_card_layout_without_footer" time="0.000" /><testcase classname="tests.test_layouts.TestCardLayout" name="test_card_layout_with_attributes" time="0.000" /><testcase classname="tests.test_layouts.TestLayoutFactory" name="test_layout_factory_horizontal" time="0.000" /><testcase classname="tests.test_layouts.TestLayoutFactory" name="test_layout_factory_vertical" time="0.000" /><testcase classname="tests.test_layouts.TestLayoutFactory" name="test_layout_factory_grid" time="0.000" /><testcase classname="tests.test_layouts.TestLayoutFactory" name="test_layout_factory_responsive_grid" time="0.000" /><testcase classname="tests.test_layouts.TestLayoutFactory" name="test_layout_factory_tabs" time="0.000" /><testcase classname="tests.test_layouts.TestLayoutFactory" name="test_layout_factory_accordion" time="0.000" /><testcase classname="tests.test_layouts.TestLayoutFactory" name="test_layout_factory_modal" time="0.000" /><testcase classname="tests.test_layouts.TestLayoutFactory" name="test_layout_factory_card" time="0.000" /><testcase classname="tests.test_layouts.TestLayoutAlias" name="test_layout_alias_works" time="0.000" /><testcase classname="tests.test_layouts.TestLayoutAlias" name="test_layout_alias_horizontal" time="0.000" /><testcase classname="tests.test_layouts.TestLayoutAlias" name="test_layout_alias_card" time="0.000" /><testcase classname="tests.test_layouts.TestLayoutIntegration" name="test_nested_layouts" time="0.000" /><testcase classname="tests.test_layouts.TestLayoutIntegration" name="test_card_with_form_content" time="0.000" /><testcase classname="tests.test_layouts.TestLayoutIntegration" name="test_tabs_with_different_layout_content" time="0.000" /><testcase classname="tests.test_modern_renderer.TestModernFormRenderer" name="test_renderer_initialization" time="0.000" /><testcase classname="tests.test_modern_renderer.TestModernFormRenderer" name="test_basic_form_rendering" time="0.001" /><testcase classname="tests.test_modern_renderer.TestModernFormRenderer" name="test_form_field_configuration" time="0.000" /><testcase classname="tests.test_modern_renderer.TestModernFormRenderer" name="test_form_field_with_options" time="0.000" /><testcase classname="tests.test_modern_renderer.TestModernFormRenderer" name="test_form_field_validation" time="0.000"><failure message="AssertionError: assert True is False&#10; +  where True = validate('ab')&#10; +    where validate = &lt;pydantic_forms.modern_renderer.FormField object at 0x73652b58eaf0&gt;.validate">tests/test_modern_renderer.py:91: in test_form_field_validation
    assert field.validate("ab") is False  # Should fail
    ^^^^^^^^^^^^^^^^^^^^^^^^^^^^^^^^^^^^
E   AssertionError: assert True is False
E    +  where True = validate('ab')
E    +    where validate = &lt;pydantic_forms.modern_renderer.FormField object at 0x73652b58eaf0&gt;.validate</failure></testcase><testcase classname="tests.test_modern_renderer.TestModernFormRenderer" name="test_async_rendering_support" time="0.000"><failure message="AssertionError: assert (False or False)&#10; +  where False = hasattr(&lt;pydantic_forms.modern_renderer.ModernFormRenderer object at 0x73652b56d400&gt;, 'render_async')&#10; +  and   False = hasattr(&lt;pydantic_forms.modern_renderer.ModernFormRenderer object at 0x73652b56d400&gt;, 'async_render')">tests/test_modern_renderer.py:104: in test_async_rendering_support
    assert hasattr(renderer, "render_async") or hasattr(renderer, "async_render")
E   AssertionError: assert (False or False)
E    +  where False = hasattr(&lt;pydantic_forms.modern_renderer.ModernFormRenderer object at 0x73652b56d400&gt;, 'render_async')
E    +  and   False = hasattr(&lt;pydantic_forms.modern_renderer.ModernFormRenderer object at 0x73652b56d400&gt;, 'async_render')</failure></testcase><testcase classname="tests.test_modern_renderer.TestModernFormRenderer" name="test_performance_rendering" time="0.000" /><testcase classname="tests.test_modern_renderer.TestModernFormRenderer" name="test_framework_compatibility" time="0.001" /><testcase classname="tests.test_modern_renderer.TestModernFormRenderer" name="test_layout_integration_basic" time="0.001" /><testcase classname="tests.test_modern_renderer.TestModernFormRenderer" name="test_input_component_integration" time="0.000" /><testcase classname="tests.test_modern_renderer.TestModernFormRenderer" name="test_custom_validation_integration" time="0.001" /><testcase classname="tests.test_modern_renderer.TestModernFormRenderer" name="test_error_handling" time="0.000" /><testcase classname="tests.test_modern_renderer.TestModernFormRenderer" name="test_html_output_safety" time="0.000" /><testcase classname="tests.test_modern_renderer.TestModernFormRenderer" name="test_accessibility_features" time="0.001" /><testcase classname="tests.test_schema_form.TestField" name="test_field_basic_functionality" time="0.000" /><testcase classname="tests.test_schema_form.TestField" name="test_field_ui_element_parameter" time="0.000" /><testcase classname="tests.test_schema_form.TestField" name="test_field_ui_autofocus_parameter" time="0.000" /><testcase classname="tests.test_schema_form.TestField" name="test_field_ui_options_parameter" time="0.000" /><testcase classname="tests.test_schema_form.TestField" name="test_field_multiple_ui_parameters" time="0.000" /><testcase classname="tests.test_schema_form.TestField" name="test_field_merges_with_existing_json_schema_extra" time="0.000" /><testcase classname="tests.test_schema_form.TestField" name="test_field_none_values_not_included" time="0.000" /><testcase classname="tests.test_schema_form.TestFormModel" name="test_form_model_basic_creation" time="0.002" /><testcase classname="tests.test_schema_form.TestFormModel" name="test_form_model_validation_success" time="0.002" /><testcase classname="tests.test_schema_form.TestFormModel" name="test_form_model_validation_failures" time="0.002" /><testcase classname="tests.test_schema_form.TestFormModel" name="test_form_model_render_form_method" time="0.002" /><testcase classname="tests.test_schema_form.TestFormModel" name="test_form_model_render_form_with_framework" time="0.002" /><testcase classname="tests.test_schema_form.TestFormModel" name="test_form_model_render_form_with_submit_url" time="0.002" /><testcase classname="tests.test_schema_form.TestFormModel" name="test_form_model_with_complex_fields" time="0.004" /><testcase classname="tests.test_schema_form.TestFormModel" name="test_form_model_optional_fields" time="0.003" /><testcase classname="tests.test_schema_form.TestFormModel" name="test_form_model_field_extraction" time="0.002" /><testcase classname="tests.test_schema_form.TestFormModel" name="test_form_model_ui_element_extraction" time="0.001" /><testcase classname="tests.test_schema_form.TestFormModelIntegration" name="test_form_model_with_bootstrap_framework" time="0.002" /><testcase classname="tests.test_schema_form.TestFormModelIntegration" name="test_form_model_with_material_framework" time="0.002" /><testcase classname="tests.test_schema_form.TestFormModelIntegration" name="test_form_model_with_error_handling" time="0.005" /><testcase classname="tests.test_schema_form.TestFormModelIntegration" name="test_form_model_with_initial_data" time="0.002" /></testsuite></testsuites>