<?xml version="1.0" encoding="utf-8"?><testsuites name="pytest tests"><testsuite name="pytest" errors="0" failures="0" skipped="0" tests="30" time="0.783" timestamp="2025-11-27T00:29:03.627724+00:00" hostname="80113ed1014c"><testcase classname="tests.test_integration.TestGenericServerIntegrations" name="test_handle_sync_form_success" time="0.029" /><testcase classname="tests.test_integration.TestGenericServerIntegrations" name="test_handle_sync_form_errors_include_html" time="0.007" /><testcase classname="tests.test_integration.TestGenericServerIntegrations" name="test_handle_sync_form_initial_render" time="0.003" /><testcase classname="tests.test_integration.TestGenericServerIntegrations" name="test_handle_async_form_success" time="0.003" /><testcase classname="tests.test_integration.TestGenericServerIntegrations" name="test_handle_async_form_errors_include_html" time="0.007" /><testcase classname="tests.test_integration.TestGenericServerIntegrations" name="test_handle_async_form_initial_render" time="0.004" /><testcase classname="tests.test_integration.TestGenericServerIntegrations" name="test_form_integration_sync_alias" time="0.002" /><testcase classname="tests.test_integration.TestGenericServerIntegrations" name="test_form_integration_async_alias" time="0.002" /><testcase classname="tests.test_integration.TestReactJSONSchemaIntegration" name="test_react_integration_creation" time="0.000" /><testcase classname="tests.test_integration.TestReactJSONSchemaIntegration" name="test_react_schema_generation" time="0.002" /><testcase classname="tests.test_integration.TestReactJSONSchemaIntegration" name="test_react_ui_schema_generation" time="0.003" /><testcase classname="tests.test_integration.TestReactJSONSchemaIntegration" name="test_react_form_data_generation" time="0.002" /><testcase classname="tests.test_integration.TestReactJSONSchemaIntegration" name="test_react_complete_form_config" time="0.003" /><testcase classname="tests.test_integration.TestVueFormulateIntegration" name="test_vue_integration_creation" time="0.000" /><testcase classname="tests.test_integration.TestVueFormulateIntegration" name="test_vue_form_config_generation" time="0.002" /><testcase classname="tests.test_integration.TestVueFormulateIntegration" name="test_vue_validation_rules" time="0.002" /><testcase classname="tests.test_integration.TestJSONSchemaGenerator" name="test_schema_generator_creation" time="0.000" /><testcase classname="tests.test_integration.TestJSONSchemaGenerator" name="test_basic_schema_generation" time="0.002" /><testcase classname="tests.test_integration.TestJSONSchemaGenerator" name="test_field_schema_generation" time="0.000" /><testcase classname="tests.test_integration.TestJSONSchemaGenerator" name="test_complex_field_types" time="0.003" /><testcase classname="tests.test_integration.TestOpenAPISchemaGenerator" name="test_openapi_generator_creation" time="0.000" /><testcase classname="tests.test_integration.TestOpenAPISchemaGenerator" name="test_request_schema_generation" time="0.001" /><testcase classname="tests.test_integration.TestOpenAPISchemaGenerator" name="test_response_schema_generation" time="0.001" /><testcase classname="tests.test_integration.TestOpenAPISchemaGenerator" name="test_complete_openapi_spec" time="0.001" /><testcase classname="tests.test_integration.TestIntegrationUtilities" name="test_field_type_mapping" time="0.000" /><testcase classname="tests.test_integration.TestIntegrationUtilities" name="test_ui_element_mapping" time="0.000" /><testcase classname="tests.test_integration.TestIntegrationUtilities" name="test_validation_rule_conversion" time="0.000" /><testcase classname="tests.test_integration.TestIntegrationErrorHandling" name="test_invalid_form_model_handling" time="0.000" /><testcase classname="tests.test_integration.TestIntegrationErrorHandling" name="test_missing_framework_handling" time="0.001" /><testcase classname="tests.test_integration.TestIntegrationErrorHandling" name="test_integration_fallbacks" time="0.002" /></testsuite></testsuites>