<?xml version="1.0" encoding="utf-8"?><testsuites name="pytest tests"><testsuite name="pytest" errors="0" failures="0" skipped="0" tests="248" time="1.360" timestamp="2025-12-21T02:53:36.600543+00:00" hostname="7d05deb52fa3"><testcase classname="tests.test_asset_mode_pattern" name="test_enhanced_renderer_include_assets_requires_cdn_mode" time="0.004" /><testcase classname="tests.test_asset_mode_pattern" name="test_form_builder_include_assets_requires_cdn_mode" time="0.003" /><testcase classname="tests.test_e2e_layouts_async.TestTabLayoutStructure" name="test_tab_buttons_have_aria_attributes" time="0.000" /><testcase classname="tests.test_e2e_layouts_async.TestTabLayoutStructure" name="test_tab_panels_have_aria_hidden_attribute" time="0.000" /><testcase classname="tests.test_e2e_layouts_async.TestTabLayoutStructure" name="test_tab_content_initial_display_style" time="0.000" /><testcase classname="tests.test_e2e_layouts_async.TestTabLayoutStructure" name="test_accordion_sections_have_expanded_attributes" time="0.000" /><testcase classname="tests.test_e2e_layouts_async.TestTabLayoutStructure" name="test_accordion_section_ids_are_unique" time="0.000" /><testcase classname="tests.test_e2e_layouts_async.TestTabLayoutBootstrapMaterial" name="test_tab_layout_bootstrap_theme" time="0.000" /><testcase classname="tests.test_e2e_layouts_async.TestTabLayoutBootstrapMaterial" name="test_tab_layout_material_theme" time="0.001" /><testcase classname="tests.test_e2e_layouts_async.TestLayoutDemonstrationFormRendering" name="test_layout_form_renders_all_tabs" time="0.004" /><testcase classname="tests.test_e2e_layouts_async.TestLayoutDemonstrationFormRendering" name="test_layout_form_includes_nested_field_content" time="0.001" /><testcase classname="tests.test_e2e_layouts_async.TestLayoutDemonstrationFormRendering" name="test_layout_form_renders_model_list_in_task_field" time="0.001" /><testcase classname="tests.test_e2e_layouts_async.TestTabLayoutIntegration" name="test_tabbed_form_renders_tabs_and_content" time="0.001" /><testcase classname="tests.test_e2e_layouts_async.TestAsyncFormRendering" name="test_async_render_returns_same_html_as_sync" time="0.006" /><testcase classname="tests.test_e2e_layouts_async.TestAsyncFormRendering" name="test_async_render_with_errors" time="0.002" /><testcase classname="tests.test_e2e_layouts_async.TestAsyncFormRendering" name="test_multiple_async_renders_concurrent" time="0.004" /><testcase classname="tests.test_enhanced_renderer.TestEnhancedFormRenderer" name="test_renderer_initialization" time="0.000" /><testcase classname="tests.test_enhanced_renderer.TestEnhancedFormRenderer" name="test_render_form_from_model_basic" time="0.002" /><testcase classname="tests.test_enhanced_renderer.TestEnhancedFormRenderer" name="test_render_form_with_bootstrap_framework" time="0.002" /><testcase classname="tests.test_enhanced_renderer.TestEnhancedFormRenderer" name="test_render_form_with_material_framework" time="0.003" /><testcase classname="tests.test_enhanced_renderer.TestEnhancedFormRenderer" name="test_render_form_with_no_framework" time="0.002" /><testcase classname="tests.test_enhanced_renderer.TestEnhancedFormRenderer" name="test_render_form_with_submit_url" time="0.002" /><testcase classname="tests.test_enhanced_renderer.TestEnhancedFormRenderer" name="test_render_form_with_initial_data" time="0.002" /><testcase classname="tests.test_enhanced_renderer.TestEnhancedFormRenderer" name="test_render_form_with_errors" time="0.002" /><testcase classname="tests.test_enhanced_renderer.TestEnhancedFormRenderer" name="test_render_form_with_complex_model" time="0.004" /><testcase classname="tests.test_enhanced_renderer.TestEnhancedRendererFieldTypes" name="test_text_field_rendering" time="0.001" /><testcase classname="tests.test_enhanced_renderer.TestEnhancedRendererFieldTypes" name="test_numeric_field_rendering" time="0.001" /><testcase classname="tests.test_enhanced_renderer.TestEnhancedRendererFieldTypes" name="test_selection_field_rendering" time="0.001" /><testcase classname="tests.test_enhanced_renderer.TestEnhancedRendererFieldTypes" name="test_datetime_field_rendering" time="0.001" /><testcase classname="tests.test_enhanced_renderer.TestEnhancedRendererFieldTypes" name="test_specialized_field_rendering" time="0.001" /><testcase classname="tests.test_enhanced_renderer.TestEnhancedRendererFrameworkSpecific" name="test_bootstrap_specific_features" time="0.002" /><testcase classname="tests.test_enhanced_renderer.TestEnhancedRendererFrameworkSpecific" name="test_material_specific_features" time="0.002" /><testcase classname="tests.test_enhanced_renderer.TestEnhancedRendererFrameworkSpecific" name="test_framework_consistency" time="0.003" /><testcase classname="tests.test_enhanced_renderer.TestEnhancedRendererEdgeCases" name="test_empty_form_model" time="0.001" /><testcase classname="tests.test_enhanced_renderer.TestEnhancedRendererEdgeCases" name="test_form_with_optional_fields_only" time="0.002" /><testcase classname="tests.test_enhanced_renderer.TestEnhancedRendererEdgeCases" name="test_invalid_framework_fallback" time="0.002" /><testcase classname="tests.test_enhanced_renderer.TestEnhancedRendererEdgeCases" name="test_render_with_none_values" time="0.001" /><testcase classname="tests.test_enhanced_renderer.TestEnhancedRendererIntegration" name="test_integration_with_form_model_render_method" time="0.002" /><testcase classname="tests.test_enhanced_renderer.TestEnhancedRendererIntegration" name="test_error_handling_integration" time="0.002" /><testcase classname="tests.test_enhanced_renderer.TestEnhancedRendererIntegration" name="test_complete_form_workflow" time="0.004" /><testcase classname="tests.test_fastapi_example_smoke" name="test_homepage_renders" time="0.009" /><testcase classname="tests.test_inputs.TestTextInputs" name="test_text_input_basic" time="0.000" /><testcase classname="tests.test_inputs.TestTextInputs" name="test_text_input_render" time="0.000" /><testcase classname="tests.test_inputs.TestTextInputs" name="test_email_input" time="0.000" /><testcase classname="tests.test_inputs.TestTextInputs" name="test_password_input" time="0.000" /><testcase classname="tests.test_inputs.TestTextInputs" name="test_textarea_input" time="0.000" /><testcase classname="tests.test_inputs.TestTextInputs" name="test_url_input" time="0.000" /><testcase classname="tests.test_inputs.TestNumericInputs" name="test_number_input_basic" time="0.000" /><testcase classname="tests.test_inputs.TestNumericInputs" name="test_number_input_with_constraints" time="0.000" /><testcase classname="tests.test_inputs.TestNumericInputs" name="test_integer_input" time="0.000" /><testcase classname="tests.test_inputs.TestNumericInputs" name="test_decimal_input" time="0.000" /><testcase classname="tests.test_inputs.TestNumericInputs" name="test_range_input" time="0.000" /><testcase classname="tests.test_inputs.TestSelectionInputs" name="test_select_input_basic" time="0.000" /><testcase classname="tests.test_inputs.TestSelectionInputs" name="test_select_input_with_groups" time="0.000" /><testcase classname="tests.test_inputs.TestSelectionInputs" name="test_checkbox_input" time="0.000" /><testcase classname="tests.test_inputs.TestSelectionInputs" name="test_radio_input" time="0.000" /><testcase classname="tests.test_inputs.TestSelectionInputs" name="test_multi_select_input" time="0.000" /><testcase classname="tests.test_inputs.TestDateTimeInputs" name="test_date_input" time="0.000" /><testcase classname="tests.test_inputs.TestDateTimeInputs" name="test_time_input" time="0.000" /><testcase classname="tests.test_inputs.TestDateTimeInputs" name="test_datetime_input" time="0.000" /><testcase classname="tests.test_inputs.TestSpecializedInputs" name="test_color_input" time="0.000" /><testcase classname="tests.test_inputs.TestSpecializedInputs" name="test_file_input" time="0.000" /><testcase classname="tests.test_inputs.TestSpecializedInputs" name="test_hidden_input" time="0.001" /><testcase classname="tests.test_inputs.TestSpecializedInputs" name="test_tel_input" time="0.000" /><testcase classname="tests.test_inputs.TestInputValidation" name="test_input_with_validation_errors" time="0.000" /><testcase classname="tests.test_inputs.TestInputValidation" name="test_input_with_custom_attributes" time="0.001" /><testcase classname="tests.test_inputs.TestInputValidation" name="test_input_disabled_state" time="0.001" /><testcase classname="tests.test_inputs.TestInputValidation" name="test_input_readonly_state" time="0.000" /><testcase classname="tests.test_inputs.TestInputIntegration" name="test_input_from_form_field" time="0.001" /><testcase classname="tests.test_inputs.TestInputIntegration" name="test_input_with_framework_styling" time="0.000" /><testcase classname="tests.test_integration.TestGenericServerIntegrations" name="test_handle_sync_form_success" time="0.002" /><testcase classname="tests.test_integration.TestGenericServerIntegrations" name="test_handle_sync_form_errors_include_html" time="0.003" /><testcase classname="tests.test_integration.TestGenericServerIntegrations" name="test_handle_sync_form_initial_render" time="0.003" /><testcase classname="tests.test_integration.TestGenericServerIntegrations" name="test_handle_form_sync_alias" time="0.003" /><testcase classname="tests.test_integration.TestGenericServerIntegrations" name="test_handle_async_form_success" time="0.002" /><testcase classname="tests.test_integration.TestGenericServerIntegrations" name="test_handle_async_form_errors_include_html" time="0.004" /><testcase classname="tests.test_integration.TestGenericServerIntegrations" name="test_handle_async_form_initial_render" time="0.004" /><testcase classname="tests.test_integration.TestGenericServerIntegrations" name="test_handle_form_async_alias" time="0.003" /><testcase classname="tests.test_integration.TestGenericServerIntegrations" name="test_form_integration_sync_alias" time="0.002" /><testcase classname="tests.test_integration.TestGenericServerIntegrations" name="test_form_integration_async_alias" time="0.003" /><testcase classname="tests.test_integration.TestReactJSONSchemaIntegration" name="test_react_integration_creation" time="0.000" /><testcase classname="tests.test_integration.TestReactJSONSchemaIntegration" name="test_react_schema_generation" time="0.002" /><testcase classname="tests.test_integration.TestReactJSONSchemaIntegration" name="test_react_ui_schema_generation" time="0.003" /><testcase classname="tests.test_integration.TestReactJSONSchemaIntegration" name="test_react_form_data_generation" time="0.002" /><testcase classname="tests.test_integration.TestReactJSONSchemaIntegration" name="test_react_complete_form_config" time="0.003" /><testcase classname="tests.test_integration.TestVueFormulateIntegration" name="test_vue_integration_creation" time="0.000" /><testcase classname="tests.test_integration.TestVueFormulateIntegration" name="test_vue_form_config_generation" time="0.002" /><testcase classname="tests.test_integration.TestVueFormulateIntegration" name="test_vue_validation_rules" time="0.001" /><testcase classname="tests.test_integration.TestJSONSchemaGenerator" name="test_schema_generator_creation" time="0.000" /><testcase classname="tests.test_integration.TestJSONSchemaGenerator" name="test_basic_schema_generation" time="0.001" /><testcase classname="tests.test_integration.TestJSONSchemaGenerator" name="test_field_schema_generation" time="0.000" /><testcase classname="tests.test_integration.TestJSONSchemaGenerator" name="test_complex_field_types" time="0.002" /><testcase classname="tests.test_integration.TestOpenAPISchemaGenerator" name="test_openapi_generator_creation" time="0.000" /><testcase classname="tests.test_integration.TestOpenAPISchemaGenerator" name="test_request_schema_generation" time="0.002" /><testcase classname="tests.test_integration.TestOpenAPISchemaGenerator" name="test_response_schema_generation" time="0.002" /><testcase classname="tests.test_integration.TestOpenAPISchemaGenerator" name="test_complete_openapi_spec" time="0.001" /><testcase classname="tests.test_integration.TestIntegrationUtilities" name="test_field_type_mapping" time="0.000" /><testcase classname="tests.test_integration.TestIntegrationUtilities" name="test_ui_element_mapping" time="0.000" /><testcase classname="tests.test_integration.TestIntegrationUtilities" name="test_validation_rule_conversion" time="0.000" /><testcase classname="tests.test_integration.TestIntegrationErrorHandling" name="test_invalid_form_model_handling" time="0.000" /><testcase classname="tests.test_integration.TestIntegrationErrorHandling" name="test_missing_framework_handling" time="0.000" /><testcase classname="tests.test_integration.TestIntegrationErrorHandling" name="test_integration_fallbacks" time="0.002" /><testcase classname="tests.test_integration_workflow.TestCompleteFormWorkflow" name="test_basic_form_workflow" time="0.002" /><testcase classname="tests.test_integration_workflow.TestCompleteFormWorkflow" name="test_form_validation_workflow" time="0.003" /><testcase classname="tests.test_integration_workflow.TestCompleteFormWorkflow" name="test_form_correction_workflow" time="0.002" /><testcase classname="tests.test_integration_workflow.TestCompleteFormWorkflow" name="test_form_with_layout_components" time="0.006" /><testcase classname="tests.test_integration_workflow.TestAdvancedWorkflow" name="test_complex_form_model" time="0.002" /><testcase classname="tests.test_integration_workflow.TestAdvancedWorkflow" name="test_form_with_file_upload" time="0.001" /><testcase classname="tests.test_integration_workflow.TestAdvancedWorkflow" name="test_conditional_field_rendering" time="0.002" /><testcase classname="tests.test_integration_workflow.TestMultiRenderer" name="test_enhanced_and_modern_renderers" time="0.002" /><testcase classname="tests.test_integration_workflow.TestMultiRenderer" name="test_renderer_framework_consistency" time="0.002" /><testcase classname="tests.test_integration_workflow.TestFormIntegration" name="test_react_json_schema_integration" time="0.001" /><testcase classname="tests.test_integration_workflow.TestFormIntegration" name="test_json_schema_validation_integration" time="0.001" /><testcase classname="tests.test_integration_workflow.TestPerformanceWorkflow" name="test_large_form_rendering" time="0.003" /><testcase classname="tests.test_integration_workflow.TestPerformanceWorkflow" name="test_dynamic_field_validation" time="0.001" /><testcase classname="tests.test_integration_workflow.TestPerformanceWorkflow" name="test_batch_validation" time="0.002" /><testcase classname="tests.test_integration_workflow.TestErrorHandlingWorkflow" name="test_validation_error_workflow" time="0.002" /><testcase classname="tests.test_integration_workflow.TestErrorHandlingWorkflow" name="test_partial_form_completion" time="0.001" /><testcase classname="tests.test_integration_workflow.TestErrorHandlingWorkflow" name="test_form_recovery_workflow" time="0.002" /><testcase classname="tests.test_layout_demo_smoke" name="test_layout_demo_bootstrap_initial_tab_renders" time="0.012" /><testcase classname="tests.test_layout_demo_smoke" name="test_layout_demo_material_initial_tab_renders" time="0.009" /><testcase classname="tests.test_layout_demo_smoke" name="test_layout_demo_tab_buttons_present" time="0.009" /><testcase classname="tests.test_layout_templates" name="test_tab_layout_uses_template_markup" time="0.000" /><testcase classname="tests.test_layout_templates" name="test_accordion_layout_uses_template_markup" time="0.000" /><testcase classname="tests.test_layouts.TestBaseLayout" name="test_base_layout_creation" time="0.000" /><testcase classname="tests.test_layouts.TestBaseLayout" name="test_base_layout_render" time="0.000" /><testcase classname="tests.test_layouts.TestBaseLayout" name="test_base_layout_with_attributes" time="0.000" /><testcase classname="tests.test_layouts.TestBaseLayout" name="test_base_layout_with_list_content" time="0.000" /><testcase classname="tests.test_layouts.TestHorizontalLayout" name="test_horizontal_layout_creation" time="0.000" /><testcase classname="tests.test_layouts.TestHorizontalLayout" name="test_horizontal_layout_render" time="0.000" /><testcase classname="tests.test_layouts.TestHorizontalLayout" name="test_horizontal_layout_with_gap" time="0.000" /><testcase classname="tests.test_layouts.TestHorizontalLayout" name="test_horizontal_layout_with_alignment" time="0.000" /><testcase classname="tests.test_layouts.TestHorizontalLayout" name="test_horizontal_layout_multiple_items" time="0.000" /><testcase classname="tests.test_layouts.TestVerticalLayout" name="test_vertical_layout_creation" time="0.000" /><testcase classname="tests.test_layouts.TestVerticalLayout" name="test_vertical_layout_render" time="0.000" /><testcase classname="tests.test_layouts.TestVerticalLayout" name="test_vertical_layout_with_gap" time="0.000" /><testcase classname="tests.test_layouts.TestVerticalLayout" name="test_vertical_layout_with_alignment" time="0.000" /><testcase classname="tests.test_layouts.TestVerticalLayout" name="test_vertical_layout_multiple_items" time="0.000" /><testcase classname="tests.test_layouts.TestGridLayout" name="test_grid_layout_creation" time="0.000" /><testcase classname="tests.test_layouts.TestGridLayout" name="test_grid_layout_render" time="0.000" /><testcase classname="tests.test_layouts.TestGridLayout" name="test_grid_layout_with_columns" time="0.000" /><testcase classname="tests.test_layouts.TestGridLayout" name="test_grid_layout_with_rows" time="0.000" /><testcase classname="tests.test_layouts.TestGridLayout" name="test_grid_layout_multiple_items" time="0.000" /><testcase classname="tests.test_layouts.TestResponsiveGridLayout" name="test_responsive_grid_creation" time="0.000" /><testcase classname="tests.test_layouts.TestResponsiveGridLayout" name="test_responsive_grid_render" time="0.000" /><testcase classname="tests.test_layouts.TestResponsiveGridLayout" name="test_responsive_grid_with_min_width" time="0.000" /><testcase classname="tests.test_layouts.TestResponsiveGridLayout" name="test_responsive_grid_multiple_items" time="0.000" /><testcase classname="tests.test_layouts.TestTabLayout" name="test_tab_layout_creation" time="0.000" /><testcase classname="tests.test_layouts.TestTabLayout" name="test_tab_layout_render" time="0.000" /><testcase classname="tests.test_layouts.TestTabLayout" name="test_tab_layout_with_attributes" time="0.000" /><testcase classname="tests.test_layouts.TestTabLayout" name="test_tab_layout_javascript_functionality" time="0.000" /><testcase classname="tests.test_layouts.TestAccordionLayout" name="test_accordion_layout_creation" time="0.000" /><testcase classname="tests.test_layouts.TestAccordionLayout" name="test_accordion_layout_render" time="0.000" /><testcase classname="tests.test_layouts.TestAccordionLayout" name="test_accordion_layout_expanded_sections" time="0.000" /><testcase classname="tests.test_layouts.TestAccordionLayout" name="test_accordion_layout_javascript_functionality" time="0.000" /><testcase classname="tests.test_layouts.TestModalLayout" name="test_modal_layout_creation" time="0.001" /><testcase classname="tests.test_layouts.TestModalLayout" name="test_modal_layout_render" time="0.001" /><testcase classname="tests.test_layouts.TestModalLayout" name="test_modal_layout_default_footer" time="0.000" /><testcase classname="tests.test_layouts.TestModalLayout" name="test_modal_layout_javascript_functionality" time="0.000" /><testcase classname="tests.test_layouts.TestCardLayout" name="test_card_layout_creation" time="0.000" /><testcase classname="tests.test_layouts.TestCardLayout" name="test_card_layout_render" time="0.000" /><testcase classname="tests.test_layouts.TestCardLayout" name="test_card_layout_without_footer" time="0.000" /><testcase classname="tests.test_layouts.TestCardLayout" name="test_card_layout_with_attributes" time="0.000" /><testcase classname="tests.test_layouts.TestLayoutFactory" name="test_layout_factory_horizontal" time="0.000" /><testcase classname="tests.test_layouts.TestLayoutFactory" name="test_layout_factory_vertical" time="0.000" /><testcase classname="tests.test_layouts.TestLayoutFactory" name="test_layout_factory_grid" time="0.000" /><testcase classname="tests.test_layouts.TestLayoutFactory" name="test_layout_factory_responsive_grid" time="0.000" /><testcase classname="tests.test_layouts.TestLayoutFactory" name="test_layout_factory_tabs" time="0.000" /><testcase classname="tests.test_layouts.TestLayoutFactory" name="test_layout_factory_accordion" time="0.000" /><testcase classname="tests.test_layouts.TestLayoutFactory" name="test_layout_factory_modal" time="0.000" /><testcase classname="tests.test_layouts.TestLayoutFactory" name="test_layout_factory_card" time="0.000" /><testcase classname="tests.test_layouts.TestLayoutAlias" name="test_layout_alias_works" time="0.000" /><testcase classname="tests.test_layouts.TestLayoutAlias" name="test_layout_alias_horizontal" time="0.000" /><testcase classname="tests.test_layouts.TestLayoutAlias" name="test_layout_alias_card" time="0.000" /><testcase classname="tests.test_layouts.TestLayoutIntegration" name="test_nested_layouts" time="0.000" /><testcase classname="tests.test_layouts.TestLayoutIntegration" name="test_card_with_form_content" time="0.000" /><testcase classname="tests.test_layouts.TestLayoutIntegration" name="test_tabs_with_different_layout_content" time="0.000" /><testcase classname="tests.test_layouts.TestFormStyleLayoutSections" name="test_layout_card_uses_custom_form_style_template" time="0.000" /><testcase classname="tests.test_model_list_integration" name="test_bootstrap_model_list_renders_theme_wrappers" time="0.001" /><testcase classname="tests.test_model_list_integration" name="test_material_model_list_renders_theme_wrappers" time="0.001" /><testcase classname="tests.test_model_list_integration" name="test_task_list_renders_add_and_remove_controls" time="0.002" /><testcase classname="tests.test_model_list_integration" name="test_task_list_enforces_min_and_max_items" time="0.000" /><testcase classname="tests.test_modern_renderer.TestModernFormRenderer" name="test_renderer_initialization" time="0.000" /><testcase classname="tests.test_modern_renderer.TestModernFormRenderer" name="test_basic_form_rendering" time="0.001" /><testcase classname="tests.test_modern_renderer.TestModernFormRenderer" name="test_form_field_configuration" time="0.000" /><testcase classname="tests.test_modern_renderer.TestModernFormRenderer" name="test_form_field_with_options" time="0.000" /><testcase classname="tests.test_modern_renderer.TestModernFormRenderer" name="test_form_field_validation" time="0.000" /><testcase classname="tests.test_modern_renderer.TestModernFormRenderer" name="test_async_rendering_support" time="0.000" /><testcase classname="tests.test_modern_renderer.TestModernFormRenderer" name="test_performance_rendering" time="0.000" /><testcase classname="tests.test_modern_renderer.TestModernFormRenderer" name="test_framework_compatibility" time="0.001" /><testcase classname="tests.test_modern_renderer.TestModernFormRenderer" name="test_layout_integration_basic" time="0.001" /><testcase classname="tests.test_modern_renderer.TestModernFormRenderer" name="test_input_component_integration" time="0.000" /><testcase classname="tests.test_modern_renderer.TestModernFormRenderer" name="test_custom_validation_integration" time="0.001" /><testcase classname="tests.test_modern_renderer.TestModernFormRenderer" name="test_error_handling" time="0.000" /><testcase classname="tests.test_modern_renderer.TestModernFormRenderer" name="test_html_output_safety" time="0.000" /><testcase classname="tests.test_modern_renderer.TestModernFormRenderer" name="test_accessibility_features" time="0.001" /><testcase classname="tests.test_no_external_cdn_default" name="test_render_form_default_has_no_unpkg" time="0.001" /><testcase classname="tests.test_no_external_cdn_default" name="test_render_form_cdn_mode_includes_unpkg" time="0.000" /><testcase classname="tests.test_no_external_cdn_more" name="test_render_form_page_offline_by_default" time="0.001" /><testcase classname="tests.test_no_external_cdn_more" name="test_render_form_page_cdn_opt_in_includes_bootstrap" time="0.001" /><testcase classname="tests.test_no_external_cdn_more" name="test_form_design_framework_urls_offline_by_default" time="0.000" /><testcase classname="tests.test_no_external_cdn_more" name="test_material_theme_css_has_no_google_fonts_imports" time="0.000" /><testcase classname="tests.test_plugin_hooks" name="test_register_input_class_populates_component_map" time="0.000" /><testcase classname="tests.test_plugin_hooks" name="test_layout_engine_custom_renderer_is_invoked" time="0.000" /><testcase classname="tests.test_schema_form.TestField" name="test_field_basic_functionality" time="0.000" /><testcase classname="tests.test_schema_form.TestField" name="test_field_ui_element_parameter" time="0.000" /><testcase classname="tests.test_schema_form.TestField" name="test_field_ui_autofocus_parameter" time="0.000" /><testcase classname="tests.test_schema_form.TestField" name="test_field_ui_options_parameter" time="0.000" /><testcase classname="tests.test_schema_form.TestField" name="test_field_multiple_ui_parameters" time="0.000" /><testcase classname="tests.test_schema_form.TestField" name="test_field_merges_with_existing_json_schema_extra" time="0.000" /><testcase classname="tests.test_schema_form.TestField" name="test_field_none_values_not_included" time="0.000" /><testcase classname="tests.test_schema_form.TestFormModel" name="test_form_model_basic_creation" time="0.002" /><testcase classname="tests.test_schema_form.TestFormModel" name="test_form_model_validation_success" time="0.003" /><testcase classname="tests.test_schema_form.TestFormModel" name="test_form_model_validation_failures" time="0.002" /><testcase classname="tests.test_schema_form.TestFormModel" name="test_form_model_render_form_method" time="0.002" /><testcase classname="tests.test_schema_form.TestFormModel" name="test_form_model_render_form_with_framework" time="0.002" /><testcase classname="tests.test_schema_form.TestFormModel" name="test_form_model_render_form_with_submit_url" time="0.002" /><testcase classname="tests.test_schema_form.TestFormModel" name="test_form_model_with_complex_fields" time="0.002" /><testcase classname="tests.test_schema_form.TestFormModel" name="test_form_model_optional_fields" time="0.003" /><testcase classname="tests.test_schema_form.TestFormModel" name="test_form_model_field_extraction" time="0.002" /><testcase classname="tests.test_schema_form.TestFormModel" name="test_form_model_ui_element_extraction" time="0.001" /><testcase classname="tests.test_schema_form.TestFormModelIntegration" name="test_form_model_with_bootstrap_framework" time="0.002" /><testcase classname="tests.test_schema_form.TestFormModelIntegration" name="test_form_model_with_material_framework" time="0.002" /><testcase classname="tests.test_schema_form.TestFormModelIntegration" name="test_form_model_with_error_handling" time="0.002" /><testcase classname="tests.test_schema_form.TestFormModelIntegration" name="test_form_model_with_initial_data" time="0.002" /><testcase classname="tests.test_theme_hooks" name="test_tab_layout_uses_theme_assets" time="0.000" /><testcase classname="tests.test_theme_hooks" name="test_accordion_layout_uses_theme_assets" time="0.000" /><testcase classname="tests.test_theme_hooks" name="test_model_list_renderer_delegates_container_to_theme" time="0.000" /><testcase classname="tests.test_theme_hooks" name="test_model_list_uses_form_style_templates" time="0.000" /><testcase classname="tests.test_theme_hooks" name="test_model_list_respects_custom_form_style_templates" time="0.001" /><testcase classname="tests.test_theme_hooks" name="test_tab_layout_uses_form_style_templates" time="0.000" /><testcase classname="tests.test_theme_hooks" name="test_accordion_layout_uses_form_style_templates" time="0.000" /><testcase classname="tests.test_validation_consolidation.TestConsolidatedValidationEngine" name="test_validation_response_in_validation_module" time="0.000" /><testcase classname="tests.test_validation_consolidation.TestConsolidatedValidationEngine" name="test_validation_response_in_live_validation_module" time="0.000" /><testcase classname="tests.test_validation_consolidation.TestConsolidatedValidationEngine" name="test_email_validator_from_validation_module" time="0.000" /><testcase classname="tests.test_validation_consolidation.TestConsolidatedValidationEngine" name="test_password_validator_from_validation_module" time="0.000" /><testcase classname="tests.test_validation_consolidation.TestConsolidatedValidationEngine" name="test_email_validator_from_live_validation_module" time="0.000" /><testcase classname="tests.test_validation_consolidation.TestConsolidatedValidationEngine" name="test_field_validator_with_live_registration" time="0.000" /><testcase classname="tests.test_validation_consolidation.TestConsolidatedValidationEngine" name="test_validation_schema_build_live_validator" time="0.000" /><testcase classname="tests.test_validation_consolidation.TestConsolidatedValidationEngine" name="test_validation_response_serialization" time="0.000" /><testcase classname="tests.test_validation_consolidation.TestConsolidatedValidationEngine" name="test_cross_framework_consistency" time="0.000" /><testcase classname="tests.test_validation_consolidation.TestConsolidatedValidationEngine" name="test_field_validator_schema_to_live_validator_flow" time="0.000" /><testcase classname="tests.test_validation_schema" name="test_field_validator_schema_descriptors" time="0.000" /><testcase classname="tests.test_validation_schema" name="test_validation_schema_registration_and_live_execution" time="0.000" /><testcase classname="tests.test_validation_schema" name="test_live_validator_direct_field_registration" time="0.000" /><testcase classname="tests.test_vendor_assets_scaffolding" name="test_vendor_manifest_exists_and_has_expected_shape" time="0.000" /><testcase classname="tests.test_vendor_assets_scaffolding" name="test_vendor_assets_dir_exists" time="0.000" /><testcase classname="tests.test_vendor_assets_scaffolding" name="test_vendor_manifest_checksums_verify" time="0.001" /></testsuite></testsuites>