<?xml version="1.0" encoding="utf-8"?><testsuites name="pytest tests"><testsuite name="pytest" errors="0" failures="0" skipped="0" tests="23" time="2.023" timestamp="2026-08-23T02:26:22.018738+00:00" hostname="2a1d556dc828"><testcase classname="tests.test_form_data_parsing" name="test_coerce_form_value_non_string_is_returned_unchanged" time="0.003" /><testcase classname="tests.test_form_data_parsing" name="test_coerce_form_value_unknown_string_is_preserved" time="0.000" /><testcase classname="tests.test_form_data_parsing" name="test_coerce_form_value_false_like_strings" time="0.000" /><testcase classname="tests.test_form_data_parsing" name="test_parse_nested_form_data_nested_and_boolean_coercion" time="0.000" /><testcase classname="tests.test_form_data_parsing" name="test_parse_nested_form_data_can_disable_value_coercion" time="0.000" /><testcase classname="tests.test_form_data_parsing" name="test_parse_nested_form_data_handles_keys_without_path_tokens" time="0.000" /><testcase classname="tests.test_form_data_parsing" name="test_assign_nested_expands_list_for_direct_index_assignment" time="0.000" /><testcase classname="tests.test_form_data_parsing" name="test_assign_nested_replaces_none_with_expected_container" time="0.000" /><testcase classname="tests.test_form_data_parsing" name="test_new_container_returns_expected_types" time="0.000" /><testcase classname="tests.test_form_data_parsing" name="test_assign_mapping_token_last_and_non_last_paths" time="0.000" /><testcase classname="tests.test_form_data_parsing" name="test_coerce_to_list_returns_existing_list_unchanged" time="0.000" /><testcase classname="tests.test_form_data_parsing" name="test_coerce_to_list_with_idx_zero_does_not_reparent" time="0.000" /><testcase classname="tests.test_form_data_parsing" name="test_coerce_to_list_reparents_when_previous_token_is_string" time="0.000" /><testcase classname="tests.test_form_data_parsing" name="test_ensure_list_index_extends_with_none" time="0.000" /><testcase classname="tests.test_form_data_parsing" name="test_assign_list_token_last_and_non_last_paths" time="0.000" /><testcase classname="tests.test_form_data_parsing" name="test_assign_list_token_uses_reparented_list_for_non_list_current" time="0.000" /><testcase classname="tests.test_form_data_parsing" name="test_flatten_nested_data_simple_dict" time="0.000" /><testcase classname="tests.test_form_data_parsing" name="test_flatten_nested_data_nested_dict_and_list" time="0.000" /><testcase classname="tests.test_form_data_parsing" name="test_flatten_nested_data_list_of_scalars" time="0.000" /><testcase classname="tests.test_form_data_parsing" name="test_flatten_nested_data_empty_list_and_dict_preserved" time="0.002" /><testcase classname="tests.test_form_data_parsing" name="test_flatten_nested_data_none_values_preserved" time="0.002" /><testcase classname="tests.test_form_data_parsing" name="test_flatten_then_parse_round_trips" time="0.001" /><testcase classname="tests.test_form_data_parsing" name="test_flatten_nested_data_deeply_nested_shared_models" time="0.072" /></testsuite></testsuites>