<?xml version="1.0" encoding="utf-8"?><testsuites name="pytest tests"><testsuite name="pytest" errors="0" failures="0" skipped="0" tests="14" time="0.561" timestamp="2025-11-26T03:04:45.914585+00:00" hostname="8e4e59a70d8b"><testcase classname="tests.test_modern_renderer.TestModernFormRenderer" name="test_renderer_initialization" time="0.001" /><testcase classname="tests.test_modern_renderer.TestModernFormRenderer" name="test_basic_form_rendering" time="0.006" /><testcase classname="tests.test_modern_renderer.TestModernFormRenderer" name="test_form_field_configuration" time="0.000" /><testcase classname="tests.test_modern_renderer.TestModernFormRenderer" name="test_form_field_with_options" time="0.000" /><testcase classname="tests.test_modern_renderer.TestModernFormRenderer" name="test_form_field_validation" time="0.000" /><testcase classname="tests.test_modern_renderer.TestModernFormRenderer" name="test_async_rendering_support" time="0.000" /><testcase classname="tests.test_modern_renderer.TestModernFormRenderer" name="test_performance_rendering" time="0.000" /><testcase classname="tests.test_modern_renderer.TestModernFormRenderer" name="test_framework_compatibility" time="0.001" /><testcase classname="tests.test_modern_renderer.TestModernFormRenderer" name="test_layout_integration_basic" time="0.001" /><testcase classname="tests.test_modern_renderer.TestModernFormRenderer" name="test_input_component_integration" time="0.001" /><testcase classname="tests.test_modern_renderer.TestModernFormRenderer" name="test_custom_validation_integration" time="0.001" /><testcase classname="tests.test_modern_renderer.TestModernFormRenderer" name="test_error_handling" time="0.000" /><testcase classname="tests.test_modern_renderer.TestModernFormRenderer" name="test_html_output_safety" time="0.000" /><testcase classname="tests.test_modern_renderer.TestModernFormRenderer" name="test_accessibility_features" time="0.001" /></testsuite></testsuites>