<?xml version="1.0" encoding="utf-8"?><testsuites name="pytest tests"><testsuite name="pytest" errors="0" failures="0" skipped="0" tests="19" time="1.284" timestamp="2025-12-08T00:52:31.757149+00:00" hostname="513e9b44cbe4"><testcase classname="tests.test_layout_demo_smoke" name="test_layout_demo_bootstrap_initial_tab_renders" time="0.032" /><testcase classname="tests.test_layout_demo_smoke" name="test_layout_demo_material_initial_tab_renders" time="0.013" /><testcase classname="tests.test_layout_demo_smoke" name="test_layout_demo_tab_buttons_present" time="0.011" /><testcase classname="tests.test_plugin_hooks" name="test_register_input_class_populates_component_map" time="0.000" /><testcase classname="tests.test_plugin_hooks" name="test_layout_engine_custom_renderer_is_invoked" time="0.000" /><testcase classname="tests.test_e2e_layouts_async.TestTabLayoutStructure" name="test_tab_buttons_have_aria_attributes" time="0.000" /><testcase classname="tests.test_e2e_layouts_async.TestTabLayoutStructure" name="test_tab_panels_have_aria_hidden_attribute" time="0.000" /><testcase classname="tests.test_e2e_layouts_async.TestTabLayoutStructure" name="test_tab_content_initial_display_style" time="0.000" /><testcase classname="tests.test_e2e_layouts_async.TestTabLayoutStructure" name="test_accordion_sections_have_expanded_attributes" time="0.000" /><testcase classname="tests.test_e2e_layouts_async.TestTabLayoutStructure" name="test_accordion_section_ids_are_unique" time="0.000" /><testcase classname="tests.test_e2e_layouts_async.TestTabLayoutBootstrapMaterial" name="test_tab_layout_bootstrap_theme" time="0.000" /><testcase classname="tests.test_e2e_layouts_async.TestTabLayoutBootstrapMaterial" name="test_tab_layout_material_theme" time="0.000" /><testcase classname="tests.test_e2e_layouts_async.TestLayoutDemonstrationFormRendering" name="test_layout_form_renders_all_tabs" time="0.001" /><testcase classname="tests.test_e2e_layouts_async.TestLayoutDemonstrationFormRendering" name="test_layout_form_includes_nested_field_content" time="0.001" /><testcase classname="tests.test_e2e_layouts_async.TestLayoutDemonstrationFormRendering" name="test_layout_form_renders_model_list_in_task_field" time="0.001" /><testcase classname="tests.test_e2e_layouts_async.TestTabLayoutIntegration" name="test_tabbed_form_renders_tabs_and_content" time="0.001" /><testcase classname="tests.test_e2e_layouts_async.TestAsyncFormRendering" name="test_async_render_returns_same_html_as_sync" time="0.006" /><testcase classname="tests.test_e2e_layouts_async.TestAsyncFormRendering" name="test_async_render_with_errors" time="0.003" /><testcase classname="tests.test_e2e_layouts_async.TestAsyncFormRendering" name="test_multiple_async_renders_concurrent" time="0.005" /></testsuite></testsuites>
