<?xml version="1.0" encoding="utf-8"?><testsuites name="pytest tests"><testsuite name="pytest" errors="0" failures="0" skipped="0" tests="3" time="0.834" timestamp="2025-11-27T01:47:35.667801+00:00" hostname="80113ed1014c"><testcase classname="tests.test_validation_schema" name="test_field_validator_schema_descriptors" time="0.001" /><testcase classname="tests.test_validation_schema" name="test_validation_schema_registration_and_live_execution" time="0.001" /><testcase classname="tests.test_validation_schema" name="test_live_validator_direct_field_registration" time="0.000" /></testsuite></testsuites>
