<?xml version="1.0" encoding="utf-8"?><testsuites name="pytest tests"><testsuite name="pytest" errors="0" failures="0" skipped="0" tests="4" time="1.029" timestamp="2025-12-08T00:37:11.894128+00:00" hostname="513e9b44cbe4"><testcase classname="tests.test_model_list_integration" name="test_bootstrap_model_list_renders_theme_wrappers" time="0.003" /><testcase classname="tests.test_model_list_integration" name="test_material_model_list_renders_theme_wrappers" time="0.002" /><testcase classname="tests.test_model_list_integration" name="test_task_list_renders_add_and_remove_controls" time="0.002" /><testcase classname="tests.test_model_list_integration" name="test_task_list_enforces_min_and_max_items" time="0.002" /></testsuite></testsuites>