<?xml version="1.0" encoding="utf-8"?><testsuites name="pytest tests"><testsuite name="pytest" errors="0" failures="0" skipped="0" tests="14" time="1.335" timestamp="2026-02-22T02:53:18.538629+00:00" hostname="1e0a6e690760"><testcase classname="tests.test_fastapi_forms_matrix" name="test_fastapi_form_routes_get_post_matrix[bootstrap-login]" time="0.024" /><testcase classname="tests.test_fastapi_forms_matrix" name="test_fastapi_form_routes_get_post_matrix[bootstrap-register]" time="0.018" /><testcase classname="tests.test_fastapi_forms_matrix" name="test_fastapi_form_routes_get_post_matrix[bootstrap-showcase]" time="0.027" /><testcase classname="tests.test_fastapi_forms_matrix" name="test_fastapi_form_routes_get_post_matrix[bootstrap-pets]" time="0.021" /><testcase classname="tests.test_fastapi_forms_matrix" name="test_fastapi_form_routes_get_post_matrix[bootstrap-organization]" time="0.100" /><testcase classname="tests.test_fastapi_forms_matrix" name="test_fastapi_form_routes_get_post_matrix[bootstrap-layouts]" time="0.016" /><testcase classname="tests.test_fastapi_forms_matrix" name="test_fastapi_form_routes_get_post_matrix[material-login]" time="0.013" /><testcase classname="tests.test_fastapi_forms_matrix" name="test_fastapi_form_routes_get_post_matrix[material-register]" time="0.012" /><testcase classname="tests.test_fastapi_forms_matrix" name="test_fastapi_form_routes_get_post_matrix[material-showcase]" time="0.022" /><testcase classname="tests.test_fastapi_forms_matrix" name="test_fastapi_form_routes_get_post_matrix[material-pets]" time="0.018" /><testcase classname="tests.test_fastapi_forms_matrix" name="test_fastapi_form_routes_get_post_matrix[material-organization]" time="0.082" /><testcase classname="tests.test_fastapi_forms_matrix" name="test_fastapi_form_routes_get_post_matrix[material-layouts]" time="0.015" /><testcase classname="tests.test_fastapi_forms_matrix" name="test_fastapi_self_contained_get" time="0.008" /><testcase classname="tests.test_fastapi_forms_matrix" name="test_fastapi_self_contained_honors_plain_html_style" time="0.006" /></testsuite></testsuites>